# JRE version: OpenJDK Runtime Environment Temurin-21.0.6+7 (21.0.6+7) (build 21.0.6+7-LTS)
# Java VM: OpenJDK 64-Bit Server VM Temurin-21.0.6+7 (21.0.6+7-LTS, mixed mode, sharing, tiered, compressed oops, compressed class ptrs, parallel gc, windows-amd64)
GC Precious Log:
 CardTable entry size: 512
 CPUs: 16 total, 16 available
 Memory: 15752M
 Large Page Support: Disabled
 NUMA Support: Disabled
 Compressed Oops: Enabled (32-bit)
 Alignments: Space 512K, Generation 512K, Heap 2M
 Heap Min Capacity: 100M
 Heap Initial Capacity: 100M
 Heap Max Capacity: 1G
 Pre-touch: Disabled
 Parallel Workers: 13
Heap:
 PSYoungGen      total 2048K, used 512K [0x00000000eab00000, 0x00000000eae80000, 0x0000000100000000)
  eden space 1536K, 0% used [0x00000000eab00000,0x00000000eab00000,0x00000000eac80000)
  from space 512K, 100% used [0x00000000eae00000,0x00000000eae80000,0x00000000eae80000)
  to   space 1024K, 0% used [0x00000000eac80000,0x00000000eac80000,0x00000000ead80000)
 ParOldGen       total 519168K, used 518692K [0x00000000c0000000, 0x00000000dfb00000, 0x00000000eab00000)
  object space 519168K, 99% used [0x00000000c0000000,0x00000000dfa89048,0x00000000dfb00000)
 Metaspace       used 68901K, committed 70464K, reserved 1114112K
  class space    used 6823K, committed 7488K, reserved 1048576K
GC Heap History (20 events):
Event: 24.344 GC heap after
{Heap after GC invocations=1742 (full 4):
 PSYoungGen      total 3072K, used 480K [0x00000000eab00000, 0x00000000eae80000, 0x0000000100000000)
  eden space 2560K, 0% used [0x00000000eab00000,0x00000000eab00000,0x00000000ead80000)
  from space 512K, 93% used [0x00000000eae00000,0x00000000eae78000,0x00000000eae80000)
  to   space 512K, 0% used [0x00000000ead80000,0x00000000ead80000,0x00000000eae00000)
 ParOldGen       total 513024K, used 512821K [0x00000000c0000000, 0x00000000df500000, 0x00000000eab00000)
  object space 513024K, 99% used [0x00000000c0000000,0x00000000df4cd738,0x00000000df500000)
 Metaspace       used 68901K, committed 70464K, reserved 1114112K
  class space    used 6823K, committed 7488K, reserved 1048576K
}
Event: 24.347 GC heap before
{Heap before GC invocations=1743 (full 4):
 PSYoungGen      total 3072K, used 3040K [0x00000000eab00000, 0x00000000eae80000, 0x0000000100000000)
  eden space 2560K, 100% used [0x00000000eab00000,0x00000000ead80000,0x00000000ead80000)
  from space 512K, 93% used [0x00000000eae00000,0x00000000eae78000,0x00000000eae80000)
  to   space 512K, 0% used [0x00000000ead80000,0x00000000ead80000,0x00000000eae00000)
 ParOldGen       total 513024K, used 512821K [0x00000000c0000000, 0x00000000df500000, 0x00000000eab00000)
  object space 513024K, 99% used [0x00000000c0000000,0x00000000df4cd738,0x00000000df500000)
 Metaspace       used 68901K, committed 70464K, reserved 1114112K
  class space    used 6823K, committed 7488K, reserved 1048576K
}
Event: 24.348 GC heap after
{Heap after GC invocations=1743 (full 4):
 PSYoungGen      total 3072K, used 448K [0x00000000eab00000, 0x00000000eae80000, 0x0000000100000000)
  eden space 2560K, 0% used [0x00000000eab00000,0x00000000eab00000,0x00000000ead80000)
  from space 512K, 87% used [0x00000000ead80000,0x00000000eadf0000,0x00000000eae00000)
  to   space 512K, 0% used [0x00000000eae00000,0x00000000eae00000,0x00000000eae80000)
 ParOldGen       total 513536K, used 513205K [0x00000000c0000000, 0x00000000df580000, 0x00000000eab00000)
  object space 513536K, 99% used [0x00000000c0000000,0x00000000df52d738,0x00000000df580000)
 Metaspace       used 68901K, committed 70464K, reserved 1114112K
  class space    used 6823K, committed 7488K, reserved 1048576K
}
Event: 24.350 GC heap before
{Heap before GC invocations=1744 (full 4):
 PSYoungGen      total 3072K, used 3008K [0x00000000eab00000, 0x00000000eae80000, 0x0000000100000000)
  eden space 2560K, 100% used [0x00000000eab00000,0x00000000ead80000,0x00000000ead80000)
  from space 512K, 87% used [0x00000000ead80000,0x00000000eadf0000,0x00000000eae00000)
  to   space 512K, 0% used [0x00000000eae00000,0x00000000eae00000,0x00000000eae80000)
 ParOldGen       total 513536K, used 513205K [0x00000000c0000000, 0x00000000df580000, 0x00000000eab00000)
  object space 513536K, 99% used [0x00000000c0000000,0x00000000df52d738,0x00000000df580000)
 Metaspace       used 68901K, committed 70464K, reserved 1114112K
  class space    used 6823K, committed 7488K, reserved 1048576K
}
Event: 24.351 GC heap after
{Heap after GC invocations=1744 (full 4):
 PSYoungGen      total 3072K, used 480K [0x00000000eab00000, 0x00000000eae80000, 0x0000000100000000)
  eden space 2560K, 0% used [0x00000000eab00000,0x00000000eab00000,0x00000000ead80000)
  from space 512K, 93% used [0x00000000eae00000,0x00000000eae78000,0x00000000eae80000)
  to   space 512K, 0% used [0x00000000ead80000,0x00000000ead80000,0x00000000eae00000)
 ParOldGen       total 514048K, used 513573K [0x00000000c0000000, 0x00000000df600000, 0x00000000eab00000)
  object space 514048K, 99% used [0x00000000c0000000,0x00000000df589738,0x00000000df600000)
 Metaspace       used 68901K, committed 70464K, reserved 1114112K
  class space    used 6823K, committed 7488K, reserved 1048576K
}
Event: 24.354 GC heap before
{Heap before GC invocations=1745 (full 4):
 PSYoungGen      total 3072K, used 3040K [0x00000000eab00000, 0x00000000eae80000, 0x0000000100000000)
  eden space 2560K, 100% used [0x00000000eab00000,0x00000000ead80000,0x00000000ead80000)
  from space 512K, 93% used [0x00000000eae00000,0x00000000eae78000,0x00000000eae80000)
  to   space 512K, 0% used [0x00000000ead80000,0x00000000ead80000,0x00000000eae00000)
 ParOldGen       total 514048K, used 513573K [0x00000000c0000000, 0x00000000df600000, 0x00000000eab00000)
  object space 514048K, 99% used [0x00000000c0000000,0x00000000df589738,0x00000000df600000)
 Metaspace       used 68901K, committed 70464K, reserved 1114112K
  class space    used 6823K, committed 7488K, reserved 1048576K
}
Event: 24.355 GC heap after
{Heap after GC invocations=1745 (full 4):
 PSYoungGen      total 3072K, used 480K [0x00000000eab00000, 0x00000000eae80000, 0x0000000100000000)
  eden space 2560K, 0% used [0x00000000eab00000,0x00000000eab00000,0x00000000ead80000)
  from space 512K, 93% used [0x00000000ead80000,0x00000000eadf8000,0x00000000eae00000)
  to   space 512K, 0% used [0x00000000eae00000,0x00000000eae00000,0x00000000eae80000)
 ParOldGen       total 514048K, used 513917K [0x00000000c0000000, 0x00000000df600000, 0x00000000eab00000)
  object space 514048K, 99% used [0x00000000c0000000,0x00000000df5df738,0x00000000df600000)
 Metaspace       used 68901K, committed 70464K, reserved 1114112K
  class space    used 6823K, committed 7488K, reserved 1048576K
}
Event: 24.358 GC heap before
{Heap before GC invocations=1746 (full 4):
 PSYoungGen      total 3072K, used 3040K [0x00000000eab00000, 0x00000000eae80000, 0x0000000100000000)
  eden space 2560K, 100% used [0x00000000eab00000,0x00000000ead80000,0x00000000ead80000)
  from space 512K, 93% used [0x00000000ead80000,0x00000000eadf8000,0x00000000eae00000)
  to   space 512K, 0% used [0x00000000eae00000,0x00000000eae00000,0x00000000eae80000)
 ParOldGen       total 514048K, used 513917K [0x00000000c0000000, 0x00000000df600000, 0x00000000eab00000)
  object space 514048K, 99% used [0x00000000c0000000,0x00000000df5df738,0x00000000df600000)
 Metaspace       used 68901K, committed 70464K, reserved 1114112K
  class space    used 6823K, committed 7488K, reserved 1048576K
}
Event: 24.358 GC heap after
{Heap after GC invocations=1746 (full 4):
 PSYoungGen      total 3072K, used 480K [0x00000000eab00000, 0x00000000eae80000, 0x0000000100000000)
  eden space 2560K, 0% used [0x00000000eab00000,0x00000000eab00000,0x00000000ead80000)
  from space 512K, 93% used [0x00000000eae00000,0x00000000eae78000,0x00000000eae80000)
  to   space 512K, 0% used [0x00000000ead80000,0x00000000ead80000,0x00000000eae00000)
 ParOldGen       total 514560K, used 514261K [0x00000000c0000000, 0x00000000df680000, 0x00000000eab00000)
  object space 514560K, 99% used [0x00000000c0000000,0x00000000df635738,0x00000000df680000)
 Metaspace       used 68901K, committed 70464K, reserved 1114112K
  class space    used 6823K, committed 7488K, reserved 1048576K
}
Event: 24.363 GC heap before
{Heap before GC invocations=1747 (full 4):
 PSYoungGen      total 3072K, used 3012K [0x00000000eab00000, 0x00000000eae80000, 0x0000000100000000)
  eden space 2560K, 98% used [0x00000000eab00000,0x00000000ead79318,0x00000000ead80000)
  from space 512K, 93% used [0x00000000eae00000,0x00000000eae78000,0x00000000eae80000)
  to   space 512K, 0% used [0x00000000ead80000,0x00000000ead80000,0x00000000eae00000)
 ParOldGen       total 514560K, used 514261K [0x00000000c0000000, 0x00000000df680000, 0x00000000eab00000)
  object space 514560K, 99% used [0x00000000c0000000,0x00000000df635738,0x00000000df680000)
 Metaspace       used 68901K, committed 70464K, reserved 1114112K
  class space    used 6823K, committed 7488K, reserved 1048576K
}
Event: 24.363 GC heap after
{Heap after GC invocations=1747 (full 4):
 PSYoungGen      total 3072K, used 448K [0x00000000eab00000, 0x00000000eae80000, 0x0000000100000000)
  eden space 2560K, 0% used [0x00000000eab00000,0x00000000eab00000,0x00000000ead80000)
  from space 512K, 87% used [0x00000000ead80000,0x00000000eadf0000,0x00000000eae00000)
  to   space 512K, 0% used [0x00000000eae00000,0x00000000eae00000,0x00000000eae80000)
 ParOldGen       total 515584K, used 515149K [0x00000000c0000000, 0x00000000df780000, 0x00000000eab00000)
  object space 515584K, 99% used [0x00000000c0000000,0x00000000df713750,0x00000000df780000)
 Metaspace       used 68901K, committed 70464K, reserved 1114112K
  class space    used 6823K, committed 7488K, reserved 1048576K
}
Event: 24.376 GC heap before
{Heap before GC invocations=1748 (full 4):
 PSYoungGen      total 3072K, used 3008K [0x00000000eab00000, 0x00000000eae80000, 0x0000000100000000)
  eden space 2560K, 100% used [0x00000000eab00000,0x00000000ead80000,0x00000000ead80000)
  from space 512K, 87% used [0x00000000ead80000,0x00000000eadf0000,0x00000000eae00000)
  to   space 512K, 0% used [0x00000000eae00000,0x00000000eae00000,0x00000000eae80000)
 ParOldGen       total 515584K, used 515149K [0x00000000c0000000, 0x00000000df780000, 0x00000000eab00000)
  object space 515584K, 99% used [0x00000000c0000000,0x00000000df713750,0x00000000df780000)
 Metaspace       used 68901K, committed 70464K, reserved 1114112K
  class space    used 6823K, committed 7488K, reserved 1048576K
}
Event: 24.377 GC heap after
{Heap after GC invocations=1748 (full 4):
 PSYoungGen      total 2048K, used 503K [0x00000000eab00000, 0x00000000eb080000, 0x0000000100000000)
  eden space 1536K, 0% used [0x00000000eab00000,0x00000000eab00000,0x00000000eac80000)
  from space 512K, 98% used [0x00000000eae00000,0x00000000eae7dce8,0x00000000eae80000)
  to   space 1536K, 0% used [0x00000000eac80000,0x00000000eac80000,0x00000000eae00000)
 ParOldGen       total 516096K, used 515765K [0x00000000c0000000, 0x00000000df800000, 0x00000000eab00000)
  object space 516096K, 99% used [0x00000000c0000000,0x00000000df7ad750,0x00000000df800000)
 Metaspace       used 68901K, committed 70464K, reserved 1114112K
  class space    used 6823K, committed 7488K, reserved 1048576K
}
Event: 24.380 GC heap before
{Heap before GC invocations=1749 (full 4):
 PSYoungGen      total 2048K, used 2039K [0x00000000eab00000, 0x00000000eb080000, 0x0000000100000000)
  eden space 1536K, 100% used [0x00000000eab00000,0x00000000eac80000,0x00000000eac80000)
  from space 512K, 98% used [0x00000000eae00000,0x00000000eae7dce8,0x00000000eae80000)
  to   space 1536K, 0% used [0x00000000eac80000,0x00000000eac80000,0x00000000eae00000)
 ParOldGen       total 516096K, used 515765K [0x00000000c0000000, 0x00000000df800000, 0x00000000eab00000)
  object space 516096K, 99% used [0x00000000c0000000,0x00000000df7ad750,0x00000000df800000)
 Metaspace       used 68901K, committed 70464K, reserved 1114112K
  class space    used 6823K, committed 7488K, reserved 1048576K
}
Event: 24.381 GC heap after
{Heap after GC invocations=1749 (full 4):
 PSYoungGen      total 3072K, used 0K [0x00000000eab00000, 0x00000000eae80000, 0x0000000100000000)
  eden space 1536K, 0% used [0x00000000eab00000,0x00000000eab00000,0x00000000eac80000)
  from space 1536K, 0% used [0x00000000eac80000,0x00000000eac80000,0x00000000eae00000)
  to   space 512K, 0% used [0x00000000eae00000,0x00000000eae00000,0x00000000eae80000)
 ParOldGen       total 516608K, used 516301K [0x00000000c0000000, 0x00000000df880000, 0x00000000eab00000)
  object space 516608K, 99% used [0x00000000c0000000,0x00000000df833448,0x00000000df880000)
 Metaspace       used 68901K, committed 70464K, reserved 1114112K
  class space    used 6823K, committed 7488K, reserved 1048576K
}
Event: 24.385 GC heap before
{Heap before GC invocations=1750 (full 4):
 PSYoungGen      total 3072K, used 1536K [0x00000000eab00000, 0x00000000eae80000, 0x0000000100000000)
  eden space 1536K, 100% used [0x00000000eab00000,0x00000000eac80000,0x00000000eac80000)
  from space 1536K, 0% used [0x00000000eac80000,0x00000000eac80000,0x00000000eae00000)
  to   space 512K, 0% used [0x00000000eae00000,0x00000000eae00000,0x00000000eae80000)
 ParOldGen       total 516608K, used 516301K [0x00000000c0000000, 0x00000000df880000, 0x00000000eab00000)
  object space 516608K, 99% used [0x00000000c0000000,0x00000000df833448,0x00000000df880000)
 Metaspace       used 68901K, committed 70464K, reserved 1114112K
  class space    used 6823K, committed 7488K, reserved 1048576K
}
Event: 24.386 GC heap after
{Heap after GC invocations=1750 (full 4):
 PSYoungGen      total 2048K, used 486K [0x00000000eab00000, 0x00000000eae80000, 0x0000000100000000)
  eden space 1536K, 0% used [0x00000000eab00000,0x00000000eab00000,0x00000000eac80000)
  from space 512K, 95% used [0x00000000eae00000,0x00000000eae79a00,0x00000000eae80000)
  to   space 1024K, 0% used [0x00000000eac80000,0x00000000eac80000,0x00000000ead80000)
 ParOldGen       total 516608K, used 516429K [0x00000000c0000000, 0x00000000df880000, 0x00000000eab00000)
  object space 516608K, 99% used [0x00000000c0000000,0x00000000df853448,0x00000000df880000)
 Metaspace       used 68901K, committed 70464K, reserved 1114112K
  class space    used 6823K, committed 7488K, reserved 1048576K
}
Event: 24.392 GC heap before
{Heap before GC invocations=1751 (full 4):
 PSYoungGen      total 2048K, used 2001K [0x00000000eab00000, 0x00000000eae80000, 0x0000000100000000)
  eden space 1536K, 98% used [0x00000000eab00000,0x00000000eac7ad50,0x00000000eac80000)
  from space 512K, 95% used [0x00000000eae00000,0x00000000eae79a00,0x00000000eae80000)
  to   space 1024K, 0% used [0x00000000eac80000,0x00000000eac80000,0x00000000ead80000)
 ParOldGen       total 516608K, used 516429K [0x00000000c0000000, 0x00000000df880000, 0x00000000eab00000)
  object space 516608K, 99% used [0x00000000c0000000,0x00000000df853448,0x00000000df880000)
 Metaspace       used 68901K, committed 70464K, reserved 1114112K
  class space    used 6823K, committed 7488K, reserved 1048576K
}
Event: 27.413 GC heap after
{Heap after GC invocations=1751 (full 4):
 PSYoungGen      total 2560K, used 1013K [0x00000000eab00000, 0x00000000eae80000, 0x0000000100000000)
  eden space 1536K, 0% used [0x00000000eab00000,0x00000000eab00000,0x00000000eac80000)
  from space 1024K, 98% used [0x00000000eac80000,0x00000000ead7d600,0x00000000ead80000)
  to   space 512K, 0% used [0x00000000eae00000,0x00000000eae00000,0x00000000eae80000)
 ParOldGen       total 517120K, used 516949K [0x00000000c0000000, 0x00000000df900000, 0x00000000eab00000)
  object space 517120K, 99% used [0x00000000c0000000,0x00000000df8d5448,0x00000000df900000)
 Metaspace       used 68901K, committed 70464K, reserved 1114112K
  class space    used 6823K, committed 7488K, reserved 1048576K
}
Event: 27.424 GC heap before
{Heap before GC invocations=1752 (full 4):
 PSYoungGen      total 2560K, used 2549K [0x00000000eab00000, 0x00000000eae80000, 0x0000000100000000)
  eden space 1536K, 100% used [0x00000000eab00000,0x00000000eac80000,0x00000000eac80000)
  from space 1024K, 98% used [0x00000000eac80000,0x00000000ead7d600,0x00000000ead80000)
  to   space 512K, 0% used [0x00000000eae00000,0x00000000eae00000,0x00000000eae80000)
 ParOldGen       total 517120K, used 516949K [0x00000000c0000000, 0x00000000df900000, 0x00000000eab00000)
  object space 517120K, 99% used [0x00000000c0000000,0x00000000df8d5448,0x00000000df900000)
 Metaspace       used 68901K, committed 70464K, reserved 1114112K
  class space    used 6823K, committed 7488K, reserved 1048576K
}

