# JRE version: OpenJDK Runtime Environment Temurin-21.0.6+7 (21.0.6+7) (build 21.0.6+7-LTS)
# Java VM: OpenJDK 64-Bit Server VM Temurin-21.0.6+7 (21.0.6+7-LTS, mixed mode, sharing, tiered, compressed oops, compressed class ptrs, parallel gc, windows-amd64)
GC Precious Log:
 CardTable entry size: 512
 CPUs: 16 total, 16 available
 Memory: 15752M
 Large Page Support: Disabled
 NUMA Support: Disabled
 Compressed Oops: Enabled (32-bit)
 Alignments: Space 512K, Generation 512K, Heap 2M
 Heap Min Capacity: 100M
 Heap Initial Capacity: 100M
 Heap Max Capacity: 1G
 Pre-touch: Disabled
 Parallel Workers: 13
Heap:
 PSYoungGen      total 15360K, used 4217K [0x00000000eab00000, 0x00000000ebc00000, 0x0000000100000000)
  eden space 12800K, 21% used [0x00000000eab00000,0x00000000eadbe440,0x00000000eb780000)
  from space 2560K, 55% used [0x00000000eb980000,0x00000000ebae0040,0x00000000ebc00000)
  to   space 2048K, 0% used [0x00000000eb780000,0x00000000eb780000,0x00000000eb980000)
 ParOldGen       total 327168K, used 326791K [0x00000000c0000000, 0x00000000d3f80000, 0x00000000eab00000)
  object space 327168K, 99% used [0x00000000c0000000,0x00000000d3f21cb0,0x00000000d3f80000)
 Metaspace       used 57061K, committed 58304K, reserved 1114112K
  class space    used 5864K, committed 6464K, reserved 1048576K
GC Heap History (20 events):
Event: 7.535 GC heap before
{Heap before GC invocations=196 (full 2):
 PSYoungGen      total 5120K, used 4762K [0x00000000eab00000, 0x00000000eb280000, 0x0000000100000000)
  eden space 3584K, 100% used [0x00000000eab00000,0x00000000eae80000,0x00000000eae80000)
  from space 1536K, 76% used [0x00000000eae80000,0x00000000eafa6a10,0x00000000eb000000)
  to   space 1536K, 0% used [0x00000000eb100000,0x00000000eb100000,0x00000000eb280000)
 ParOldGen       total 304640K, used 304478K [0x00000000c0000000, 0x00000000d2980000, 0x00000000eab00000)
  object space 304640K, 99% used [0x00000000c0000000,0x00000000d29578f8,0x00000000d2980000)
 Metaspace       used 56864K, committed 58112K, reserved 1114112K
  class space    used 5851K, committed 6400K, reserved 1048576K
}
Event: 7.536 GC heap after
{Heap after GC invocations=196 (full 2):
 PSYoungGen      total 6144K, used 1419K [0x00000000eab00000, 0x00000000eb280000, 0x0000000100000000)
  eden space 4608K, 0% used [0x00000000eab00000,0x00000000eab00000,0x00000000eaf80000)
  from space 1536K, 92% used [0x00000000eb100000,0x00000000eb262c80,0x00000000eb280000)
  to   space 1536K, 0% used [0x00000000eaf80000,0x00000000eaf80000,0x00000000eb100000)
 ParOldGen       total 305664K, used 305482K [0x00000000c0000000, 0x00000000d2a80000, 0x00000000eab00000)
  object space 305664K, 99% used [0x00000000c0000000,0x00000000d2a52860,0x00000000d2a80000)
 Metaspace       used 56864K, committed 58112K, reserved 1114112K
  class space    used 5851K, committed 6400K, reserved 1048576K
}
Event: 7.539 GC heap before
{Heap before GC invocations=197 (full 2):
 PSYoungGen      total 6144K, used 5983K [0x00000000eab00000, 0x00000000eb280000, 0x0000000100000000)
  eden space 4608K, 99% used [0x00000000eab00000,0x00000000eaf75338,0x00000000eaf80000)
  from space 1536K, 92% used [0x00000000eb100000,0x00000000eb262c80,0x00000000eb280000)
  to   space 1536K, 0% used [0x00000000eaf80000,0x00000000eaf80000,0x00000000eb100000)
 ParOldGen       total 305664K, used 305482K [0x00000000c0000000, 0x00000000d2a80000, 0x00000000eab00000)
  object space 305664K, 99% used [0x00000000c0000000,0x00000000d2a52860,0x00000000d2a80000)
 Metaspace       used 56871K, committed 58112K, reserved 1114112K
  class space    used 5853K, committed 6400K, reserved 1048576K
}
Event: 7.540 GC heap after
{Heap after GC invocations=197 (full 2):
 PSYoungGen      total 6144K, used 1518K [0x00000000eab00000, 0x00000000eb780000, 0x0000000100000000)
  eden space 4608K, 0% used [0x00000000eab00000,0x00000000eab00000,0x00000000eaf80000)
  from space 1536K, 98% used [0x00000000eaf80000,0x00000000eb0fbb10,0x00000000eb100000)
  to   space 3584K, 0% used [0x00000000eb400000,0x00000000eb400000,0x00000000eb780000)
 ParOldGen       total 307200K, used 306979K [0x00000000c0000000, 0x00000000d2c00000, 0x00000000eab00000)
  object space 307200K, 99% used [0x00000000c0000000,0x00000000d2bc8e70,0x00000000d2c00000)
 Metaspace       used 56871K, committed 58112K, reserved 1114112K
  class space    used 5853K, committed 6400K, reserved 1048576K
}
Event: 7.544 GC heap before
{Heap before GC invocations=198 (full 2):
 PSYoungGen      total 6144K, used 6126K [0x00000000eab00000, 0x00000000eb780000, 0x0000000100000000)
  eden space 4608K, 100% used [0x00000000eab00000,0x00000000eaf80000,0x00000000eaf80000)
  from space 1536K, 98% used [0x00000000eaf80000,0x00000000eb0fbb10,0x00000000eb100000)
  to   space 3584K, 0% used [0x00000000eb400000,0x00000000eb400000,0x00000000eb780000)
 ParOldGen       total 307200K, used 306979K [0x00000000c0000000, 0x00000000d2c00000, 0x00000000eab00000)
  object space 307200K, 99% used [0x00000000c0000000,0x00000000d2bc8e70,0x00000000d2c00000)
 Metaspace       used 56879K, committed 58112K, reserved 1114112K
  class space    used 5853K, committed 6400K, reserved 1048576K
}
Event: 8.552 GC heap after
{Heap after GC invocations=198 (full 2):
 PSYoungGen      total 7680K, used 1871K [0x00000000eab00000, 0x00000000eb600000, 0x0000000100000000)
  eden space 5632K, 0% used [0x00000000eab00000,0x00000000eab00000,0x00000000eb080000)
  from space 2048K, 91% used [0x00000000eb400000,0x00000000eb5d3c80,0x00000000eb600000)
  to   space 2560K, 0% used [0x00000000eb100000,0x00000000eb100000,0x00000000eb380000)
 ParOldGen       total 308736K, used 308253K [0x00000000c0000000, 0x00000000d2d80000, 0x00000000eab00000)
  object space 308736K, 99% used [0x00000000c0000000,0x00000000d2d077c0,0x00000000d2d80000)
 Metaspace       used 56879K, committed 58112K, reserved 1114112K
  class space    used 5853K, committed 6400K, reserved 1048576K
}
Event: 8.560 GC heap before
{Heap before GC invocations=199 (full 2):
 PSYoungGen      total 7680K, used 7480K [0x00000000eab00000, 0x00000000eb600000, 0x0000000100000000)
  eden space 5632K, 99% used [0x00000000eab00000,0x00000000eb07a5c0,0x00000000eb080000)
  from space 2048K, 91% used [0x00000000eb400000,0x00000000eb5d3c80,0x00000000eb600000)
  to   space 2560K, 0% used [0x00000000eb100000,0x00000000eb100000,0x00000000eb380000)
 ParOldGen       total 308736K, used 308253K [0x00000000c0000000, 0x00000000d2d80000, 0x00000000eab00000)
  object space 308736K, 99% used [0x00000000c0000000,0x00000000d2d077c0,0x00000000d2d80000)
 Metaspace       used 56891K, committed 58176K, reserved 1114112K
  class space    used 5854K, committed 6400K, reserved 1048576K
}
Event: 8.562 GC heap after
{Heap after GC invocations=199 (full 2):
 PSYoungGen      total 8704K, used 2174K [0x00000000eab00000, 0x00000000eb700000, 0x0000000100000000)
  eden space 6144K, 0% used [0x00000000eab00000,0x00000000eab00000,0x00000000eb100000)
  from space 2560K, 84% used [0x00000000eb100000,0x00000000eb31f8a8,0x00000000eb380000)
  to   space 2560K, 0% used [0x00000000eb480000,0x00000000eb480000,0x00000000eb700000)
 ParOldGen       total 310272K, used 309939K [0x00000000c0000000, 0x00000000d2f00000, 0x00000000eab00000)
  object space 310272K, 99% used [0x00000000c0000000,0x00000000d2eace80,0x00000000d2f00000)
 Metaspace       used 56891K, committed 58176K, reserved 1114112K
  class space    used 5854K, committed 6400K, reserved 1048576K
}
Event: 8.567 GC heap before
{Heap before GC invocations=200 (full 2):
 PSYoungGen      total 8704K, used 8318K [0x00000000eab00000, 0x00000000eb700000, 0x0000000100000000)
  eden space 6144K, 100% used [0x00000000eab00000,0x00000000eb100000,0x00000000eb100000)
  from space 2560K, 84% used [0x00000000eb100000,0x00000000eb31f8a8,0x00000000eb380000)
  to   space 2560K, 0% used [0x00000000eb480000,0x00000000eb480000,0x00000000eb700000)
 ParOldGen       total 310272K, used 309939K [0x00000000c0000000, 0x00000000d2f00000, 0x00000000eab00000)
  object space 310272K, 99% used [0x00000000c0000000,0x00000000d2eace80,0x00000000d2f00000)
 Metaspace       used 56901K, committed 58176K, reserved 1114112K
  class space    used 5854K, committed 6400K, reserved 1048576K
}
Event: 8.568 GC heap after
{Heap after GC invocations=200 (full 2):
 PSYoungGen      total 9216K, used 2533K [0x00000000eab00000, 0x00000000eb880000, 0x0000000100000000)
  eden space 6656K, 0% used [0x00000000eab00000,0x00000000eab00000,0x00000000eb180000)
  from space 2560K, 98% used [0x00000000eb480000,0x00000000eb6f9400,0x00000000eb700000)
  to   space 3072K, 0% used [0x00000000eb180000,0x00000000eb180000,0x00000000eb480000)
 ParOldGen       total 312320K, used 311916K [0x00000000c0000000, 0x00000000d3100000, 0x00000000eab00000)
  object space 312320K, 99% used [0x00000000c0000000,0x00000000d309b318,0x00000000d3100000)
 Metaspace       used 56901K, committed 58176K, reserved 1114112K
  class space    used 5854K, committed 6400K, reserved 1048576K
}
Event: 8.591 GC heap before
{Heap before GC invocations=201 (full 2):
 PSYoungGen      total 9216K, used 9189K [0x00000000eab00000, 0x00000000eb880000, 0x0000000100000000)
  eden space 6656K, 100% used [0x00000000eab00000,0x00000000eb180000,0x00000000eb180000)
  from space 2560K, 98% used [0x00000000eb480000,0x00000000eb6f9400,0x00000000eb700000)
  to   space 3072K, 0% used [0x00000000eb180000,0x00000000eb180000,0x00000000eb480000)
 ParOldGen       total 312320K, used 311916K [0x00000000c0000000, 0x00000000d3100000, 0x00000000eab00000)
  object space 312320K, 99% used [0x00000000c0000000,0x00000000d309b318,0x00000000d3100000)
 Metaspace       used 56912K, committed 58176K, reserved 1114112K
  class space    used 5855K, committed 6400K, reserved 1048576K
}
Event: 8.593 GC heap after
{Heap after GC invocations=201 (full 2):
 PSYoungGen      total 9728K, used 2663K [0x00000000eab00000, 0x00000000eb900000, 0x0000000100000000)
  eden space 6656K, 0% used [0x00000000eab00000,0x00000000eab00000,0x00000000eb180000)
  from space 3072K, 86% used [0x00000000eb180000,0x00000000eb419c90,0x00000000eb480000)
  to   space 3072K, 0% used [0x00000000eb600000,0x00000000eb600000,0x00000000eb900000)
 ParOldGen       total 314368K, used 314247K [0x00000000c0000000, 0x00000000d3300000, 0x00000000eab00000)
  object space 314368K, 99% used [0x00000000c0000000,0x00000000d32e1c88,0x00000000d3300000)
 Metaspace       used 56912K, committed 58176K, reserved 1114112K
  class space    used 5855K, committed 6400K, reserved 1048576K
}
Event: 8.604 GC heap before
{Heap before GC invocations=202 (full 2):
 PSYoungGen      total 9728K, used 9288K [0x00000000eab00000, 0x00000000eb900000, 0x0000000100000000)
  eden space 6656K, 99% used [0x00000000eab00000,0x00000000eb178758,0x00000000eb180000)
  from space 3072K, 86% used [0x00000000eb180000,0x00000000eb419c90,0x00000000eb480000)
  to   space 3072K, 0% used [0x00000000eb600000,0x00000000eb600000,0x00000000eb900000)
 ParOldGen       total 314368K, used 314247K [0x00000000c0000000, 0x00000000d3300000, 0x00000000eab00000)
  object space 314368K, 99% used [0x00000000c0000000,0x00000000d32e1c88,0x00000000d3300000)
 Metaspace       used 56915K, committed 58176K, reserved 1114112K
  class space    used 5855K, committed 6400K, reserved 1048576K
}
Event: 8.606 GC heap after
{Heap after GC invocations=202 (full 2):
 PSYoungGen      total 11264K, used 2639K [0x00000000eab00000, 0x00000000eb900000, 0x0000000100000000)
  eden space 8192K, 0% used [0x00000000eab00000,0x00000000eab00000,0x00000000eb300000)
  from space 3072K, 85% used [0x00000000eb600000,0x00000000eb893cb0,0x00000000eb900000)
  to   space 3072K, 0% used [0x00000000eb300000,0x00000000eb300000,0x00000000eb600000)
 ParOldGen       total 316928K, used 316700K [0x00000000c0000000, 0x00000000d3580000, 0x00000000eab00000)
  object space 316928K, 99% used [0x00000000c0000000,0x00000000d35472d0,0x00000000d3580000)
 Metaspace       used 56915K, committed 58176K, reserved 1114112K
  class space    used 5855K, committed 6400K, reserved 1048576K
}
Event: 8.617 GC heap before
{Heap before GC invocations=203 (full 2):
 PSYoungGen      total 11264K, used 10831K [0x00000000eab00000, 0x00000000eb900000, 0x0000000100000000)
  eden space 8192K, 100% used [0x00000000eab00000,0x00000000eb300000,0x00000000eb300000)
  from space 3072K, 85% used [0x00000000eb600000,0x00000000eb893cb0,0x00000000eb900000)
  to   space 3072K, 0% used [0x00000000eb300000,0x00000000eb300000,0x00000000eb600000)
 ParOldGen       total 316928K, used 316700K [0x00000000c0000000, 0x00000000d3580000, 0x00000000eab00000)
  object space 316928K, 99% used [0x00000000c0000000,0x00000000d35472d0,0x00000000d3580000)
 Metaspace       used 56922K, committed 58176K, reserved 1114112K
  class space    used 5855K, committed 6400K, reserved 1048576K
}
Event: 9.642 GC heap after
{Heap after GC invocations=203 (full 2):
 PSYoungGen      total 11264K, used 3023K [0x00000000eab00000, 0x00000000ebc00000, 0x0000000100000000)
  eden space 8192K, 0% used [0x00000000eab00000,0x00000000eab00000,0x00000000eb300000)
  from space 3072K, 98% used [0x00000000eb300000,0x00000000eb5f3f80,0x00000000eb600000)
  to   space 3584K, 0% used [0x00000000eb880000,0x00000000eb880000,0x00000000ebc00000)
 ParOldGen       total 319488K, used 319174K [0x00000000c0000000, 0x00000000d3800000, 0x00000000eab00000)
  object space 319488K, 99% used [0x00000000c0000000,0x00000000d37b1a50,0x00000000d3800000)
 Metaspace       used 56922K, committed 58176K, reserved 1114112K
  class space    used 5855K, committed 6400K, reserved 1048576K
}
Event: 9.652 GC heap before
{Heap before GC invocations=204 (full 2):
 PSYoungGen      total 11264K, used 11215K [0x00000000eab00000, 0x00000000ebc00000, 0x0000000100000000)
  eden space 8192K, 100% used [0x00000000eab00000,0x00000000eb300000,0x00000000eb300000)
  from space 3072K, 98% used [0x00000000eb300000,0x00000000eb5f3f80,0x00000000eb600000)
  to   space 3584K, 0% used [0x00000000eb880000,0x00000000eb880000,0x00000000ebc00000)
 ParOldGen       total 319488K, used 319174K [0x00000000c0000000, 0x00000000d3800000, 0x00000000eab00000)
  object space 319488K, 99% used [0x00000000c0000000,0x00000000d37b1a50,0x00000000d3800000)
 Metaspace       used 56941K, committed 58240K, reserved 1114112K
  class space    used 5857K, committed 6464K, reserved 1048576K
}
Event: 9.654 GC heap after
{Heap after GC invocations=204 (full 2):
 PSYoungGen      total 13312K, used 2568K [0x00000000eab00000, 0x00000000ebb80000, 0x0000000100000000)
  eden space 10240K, 0% used [0x00000000eab00000,0x00000000eab00000,0x00000000eb500000)
  from space 3072K, 83% used [0x00000000eb880000,0x00000000ebb02038,0x00000000ebb80000)
  to   space 3072K, 0% used [0x00000000eb580000,0x00000000eb580000,0x00000000eb880000)
 ParOldGen       total 322560K, used 322072K [0x00000000c0000000, 0x00000000d3b00000, 0x00000000eab00000)
  object space 322560K, 99% used [0x00000000c0000000,0x00000000d3a86248,0x00000000d3b00000)
 Metaspace       used 56941K, committed 58240K, reserved 1114112K
  class space    used 5857K, committed 6464K, reserved 1048576K
}
Event: 9.710 GC heap before
{Heap before GC invocations=205 (full 2):
 PSYoungGen      total 13312K, used 12808K [0x00000000eab00000, 0x00000000ebb80000, 0x0000000100000000)
  eden space 10240K, 100% used [0x00000000eab00000,0x00000000eb500000,0x00000000eb500000)
  from space 3072K, 83% used [0x00000000eb880000,0x00000000ebb02038,0x00000000ebb80000)
  to   space 3072K, 0% used [0x00000000eb580000,0x00000000eb580000,0x00000000eb880000)
 ParOldGen       total 322560K, used 322072K [0x00000000c0000000, 0x00000000d3b00000, 0x00000000eab00000)
  object space 322560K, 99% used [0x00000000c0000000,0x00000000d3a86248,0x00000000d3b00000)
 Metaspace       used 56991K, committed 58304K, reserved 1114112K
  class space    used 5859K, committed 6464K, reserved 1048576K
}
Event: 9.712 GC heap after
{Heap after GC invocations=205 (full 2):
 PSYoungGen      total 13824K, used 2350K [0x00000000eab00000, 0x00000000ebc00000, 0x0000000100000000)
  eden space 10752K, 0% used [0x00000000eab00000,0x00000000eab00000,0x00000000eb580000)
  from space 3072K, 76% used [0x00000000eb580000,0x00000000eb7cb860,0x00000000eb880000)
  to   space 2560K, 0% used [0x00000000eb980000,0x00000000eb980000,0x00000000ebc00000)
 ParOldGen       total 324608K, used 324478K [0x00000000c0000000, 0x00000000d3d00000, 0x00000000eab00000)
  object space 324608K, 99% used [0x00000000c0000000,0x00000000d3cdf9d0,0x00000000d3d00000)
 Metaspace       used 56991K, committed 58304K, reserved 1114112K
  class space    used 5859K, committed 6464K, reserved 1048576K
}

