# JRE version: Java(TM) SE Runtime Environment (17.0.11+7) (build 17.0.11+7-LTS-207)
# Java VM: Java HotSpot(TM) 64-Bit Server VM (17.0.11+7-LTS-207, mixed mode, sharing, tiered, compressed oops, compressed class ptrs, g1 gc, windows-amd64)
GC Precious Log:
 CPUs: 16 total, 16 available
 Memory: 15752M
 Large Page Support: Disabled
 NUMA Support: Disabled
 Compressed Oops: Enabled (Zero based)
 Heap Region Size: 2M
 Heap Min Capacity: 8M
 Heap Initial Capacity: 248M
 Heap Max Capacity: 3940M
 Pre-touch: Disabled
 Parallel Workers: 13
 Concurrent Workers: 3
 Concurrent Refinement Workers: 13
 Periodic GC: Disabled
Heap:
 garbage-first heap   total 129024K, used 56473K [0x0000000709c00000, 0x0000000800000000)
  region size 2048K, 14 young (28672K), 1 survivors (2048K)
 Metaspace       used 72388K, committed 72768K, reserved 1114112K
  class space    used 9001K, committed 9152K, reserved 1048576K
GC Heap History (20 events):
Event: 2.473 GC heap before
{Heap before GC invocations=7 (full 0):
 garbage-first heap   total 61440K, used 39927K [0x0000000709c00000, 0x0000000800000000)
  region size 2048K, 12 young (24576K), 1 survivors (2048K)
 Metaspace       used 30102K, committed 30336K, reserved 1114112K
  class space    used 3800K, committed 3904K, reserved 1048576K
}
Event: 2.476 GC heap after
{Heap after GC invocations=8 (full 0):
 garbage-first heap   total 157696K, used 17913K [0x0000000709c00000, 0x0000000800000000)
  region size 2048K, 1 young (2048K), 1 survivors (2048K)
 Metaspace       used 30102K, committed 30336K, reserved 1114112K
  class space    used 3800K, committed 3904K, reserved 1048576K
}
Event: 3.086 GC heap before
{Heap before GC invocations=8 (full 0):
 garbage-first heap   total 157696K, used 44537K [0x0000000709c00000, 0x0000000800000000)
  region size 2048K, 15 young (30720K), 1 survivors (2048K)
 Metaspace       used 35690K, committed 35968K, reserved 1114112K
  class space    used 4484K, committed 4608K, reserved 1048576K
}
Event: 3.088 GC heap after
{Heap after GC invocations=9 (full 0):
 garbage-first heap   total 157696K, used 20024K [0x0000000709c00000, 0x0000000800000000)
  region size 2048K, 2 young (4096K), 2 survivors (4096K)
 Metaspace       used 35690K, committed 35968K, reserved 1114112K
  class space    used 4484K, committed 4608K, reserved 1048576K
}
Event: 4.002 GC heap before
{Heap before GC invocations=10 (full 0):
 garbage-first heap   total 81920K, used 65080K [0x0000000709c00000, 0x0000000800000000)
  region size 2048K, 24 young (49152K), 2 survivors (4096K)
 Metaspace       used 50104K, committed 50432K, reserved 1114112K
  class space    used 6450K, committed 6592K, reserved 1048576K
}
Event: 4.005 GC heap after
{Heap after GC invocations=11 (full 0):
 garbage-first heap   total 81920K, used 23147K [0x0000000709c00000, 0x0000000800000000)
  region size 2048K, 3 young (6144K), 3 survivors (6144K)
 Metaspace       used 50104K, committed 50432K, reserved 1114112K
  class space    used 6450K, committed 6592K, reserved 1048576K
}
Event: 4.044 GC heap before
{Heap before GC invocations=11 (full 0):
 garbage-first heap   total 81920K, used 25195K [0x0000000709c00000, 0x0000000800000000)
  region size 2048K, 4 young (8192K), 3 survivors (6144K)
 Metaspace       used 50605K, committed 50944K, reserved 1114112K
  class space    used 6562K, committed 6720K, reserved 1048576K
}
Event: 4.047 GC heap after
{Heap after GC invocations=12 (full 0):
 garbage-first heap   total 81920K, used 23802K [0x0000000709c00000, 0x0000000800000000)
  region size 2048K, 1 young (2048K), 1 survivors (2048K)
 Metaspace       used 50605K, committed 50944K, reserved 1114112K
  class space    used 6562K, committed 6720K, reserved 1048576K
}
Event: 4.513 GC heap before
{Heap before GC invocations=12 (full 0):
 garbage-first heap   total 81920K, used 58618K [0x0000000709c00000, 0x0000000800000000)
  region size 2048K, 18 young (36864K), 1 survivors (2048K)
 Metaspace       used 55090K, committed 55424K, reserved 1114112K
  class space    used 7136K, committed 7296K, reserved 1048576K
}
Event: 4.515 GC heap after
{Heap after GC invocations=13 (full 0):
 garbage-first heap   total 81920K, used 25417K [0x0000000709c00000, 0x0000000800000000)
  region size 2048K, 2 young (4096K), 2 survivors (4096K)
 Metaspace       used 55090K, committed 55424K, reserved 1114112K
  class space    used 7136K, committed 7296K, reserved 1048576K
}
Event: 5.401 GC heap before
{Heap before GC invocations=13 (full 0):
 garbage-first heap   total 81920K, used 58185K [0x0000000709c00000, 0x0000000800000000)
  region size 2048K, 19 young (38912K), 2 survivors (4096K)
 Metaspace       used 58812K, committed 59264K, reserved 1114112K
  class space    used 7643K, committed 7872K, reserved 1048576K
}
Event: 5.404 GC heap after
{Heap after GC invocations=14 (full 0):
 garbage-first heap   total 81920K, used 29113K [0x0000000709c00000, 0x0000000800000000)
  region size 2048K, 3 young (6144K), 3 survivors (6144K)
 Metaspace       used 58812K, committed 59264K, reserved 1114112K
  class space    used 7643K, committed 7872K, reserved 1048576K
}
Event: 5.589 GC heap before
{Heap before GC invocations=14 (full 0):
 garbage-first heap   total 81920K, used 33209K [0x0000000709c00000, 0x0000000800000000)
  region size 2048K, 6 young (12288K), 3 survivors (6144K)
 Metaspace       used 59833K, committed 60160K, reserved 1114112K
  class space    used 7798K, committed 7936K, reserved 1048576K
}
Event: 5.592 GC heap after
{Heap after GC invocations=15 (full 0):
 garbage-first heap   total 81920K, used 30601K [0x0000000709c00000, 0x0000000800000000)
  region size 2048K, 1 young (2048K), 1 survivors (2048K)
 Metaspace       used 59833K, committed 60160K, reserved 1114112K
  class space    used 7798K, committed 7936K, reserved 1048576K
}
Event: 17.640 GC heap before
{Heap before GC invocations=16 (full 0):
 garbage-first heap   total 81920K, used 59273K [0x0000000709c00000, 0x0000000800000000)
  region size 2048K, 16 young (32768K), 1 survivors (2048K)
 Metaspace       used 65688K, committed 66048K, reserved 1114112K
  class space    used 8484K, committed 8640K, reserved 1048576K
}
Event: 17.643 GC heap after
{Heap after GC invocations=17 (full 0):
 garbage-first heap   total 81920K, used 32574K [0x0000000709c00000, 0x0000000800000000)
  region size 2048K, 2 young (4096K), 2 survivors (4096K)
 Metaspace       used 65688K, committed 66048K, reserved 1114112K
  class space    used 8484K, committed 8640K, reserved 1048576K
}
Event: 17.668 GC heap before
{Heap before GC invocations=17 (full 0):
 garbage-first heap   total 81920K, used 34622K [0x0000000709c00000, 0x0000000800000000)
  region size 2048K, 3 young (6144K), 2 survivors (4096K)
 Metaspace       used 66244K, committed 66688K, reserved 1114112K
  class space    used 8520K, committed 8704K, reserved 1048576K
}
Event: 17.671 GC heap after
{Heap after GC invocations=18 (full 0):
 garbage-first heap   total 81920K, used 32573K [0x0000000709c00000, 0x0000000800000000)
  region size 2048K, 1 young (2048K), 1 survivors (2048K)
 Metaspace       used 66244K, committed 66688K, reserved 1114112K
  class space    used 8520K, committed 8704K, reserved 1048576K
}
Event: 18.114 GC heap before
{Heap before GC invocations=18 (full 0):
 garbage-first heap   total 81920K, used 59197K [0x0000000709c00000, 0x0000000800000000)
  region size 2048K, 15 young (30720K), 1 survivors (2048K)
 Metaspace       used 71190K, committed 71552K, reserved 1114112K
  class space    used 8927K, committed 9088K, reserved 1048576K
}
Event: 18.116 GC heap after
{Heap after GC invocations=19 (full 0):
 garbage-first heap   total 129024K, used 33945K [0x0000000709c00000, 0x0000000800000000)
  region size 2048K, 1 young (2048K), 1 survivors (2048K)
 Metaspace       used 71190K, committed 71552K, reserved 1114112K
  class space    used 8927K, committed 9088K, reserved 1048576K
}

