# JRE version: OpenJDK Runtime Environment Temurin-21.0.6+7 (21.0.6+7) (build 21.0.6+7-LTS)
# Java VM: OpenJDK 64-Bit Server VM Temurin-21.0.6+7 (21.0.6+7-LTS, mixed mode, sharing, tiered, compressed oops, compressed class ptrs, parallel gc, windows-amd64)
GC Precious Log:
 CardTable entry size: 512
 CPUs: 16 total, 16 available
 Memory: 15752M
 Large Page Support: Disabled
 NUMA Support: Disabled
 Compressed Oops: Enabled (32-bit)
 Alignments: Space 512K, Generation 512K, Heap 2M
 Heap Min Capacity: 100M
 Heap Initial Capacity: 100M
 Heap Max Capacity: 1G
 Pre-touch: Disabled
 Parallel Workers: 13
Heap:
 PSYoungGen      total 7680K, used 2314K [0x00000000eab00000, 0x00000000eb880000, 0x0000000100000000)
  eden space 6144K, 12% used [0x00000000eab00000,0x00000000eabc6920,0x00000000eb100000)
  from space 1536K, 98% used [0x00000000eb400000,0x00000000eb57c020,0x00000000eb580000)
  to   space 3072K, 0% used [0x00000000eb100000,0x00000000eb100000,0x00000000eb400000)
 ParOldGen       total 590848K, used 590602K [0x00000000c0000000, 0x00000000e4100000, 0x00000000eab00000)
  object space 590848K, 99% used [0x00000000c0000000,0x00000000e40c29e8,0x00000000e4100000)
 Metaspace       used 66221K, committed 67712K, reserved 1114112K
  class space    used 6541K, committed 7168K, reserved 1048576K
GC Heap History (20 events):
Event: 29.456 GC heap before
{Heap before GC invocations=1804 (full 4):
 PSYoungGen      total 5632K, used 5632K [0x00000000eab00000, 0x00000000eb380000, 0x0000000100000000)
  eden space 4608K, 100% used [0x00000000eab00000,0x00000000eaf80000,0x00000000eaf80000)
  from space 1024K, 100% used [0x00000000eb100000,0x00000000eb200000,0x00000000eb200000)
  to   space 1536K, 0% used [0x00000000eb200000,0x00000000eb200000,0x00000000eb380000)
 ParOldGen       total 579072K, used 578690K [0x00000000c0000000, 0x00000000e3580000, 0x00000000eab00000)
  object space 579072K, 99% used [0x00000000c0000000,0x00000000e35209d8,0x00000000e3580000)
 Metaspace       used 66179K, committed 67648K, reserved 1114112K
  class space    used 6541K, committed 7168K, reserved 1048576K
}
Event: 29.458 GC heap after
{Heap after GC invocations=1804 (full 4):
 PSYoungGen      total 5632K, used 928K [0x00000000eab00000, 0x00000000eb300000, 0x0000000100000000)
  eden space 4608K, 0% used [0x00000000eab00000,0x00000000eab00000,0x00000000eaf80000)
  from space 1024K, 90% used [0x00000000eb200000,0x00000000eb2e8000,0x00000000eb300000)
  to   space 1536K, 0% used [0x00000000eb000000,0x00000000eb000000,0x00000000eb180000)
 ParOldGen       total 580096K, used 579602K [0x00000000c0000000, 0x00000000e3680000, 0x00000000eab00000)
  object space 580096K, 99% used [0x00000000c0000000,0x00000000e36049d8,0x00000000e3680000)
 Metaspace       used 66179K, committed 67648K, reserved 1114112K
  class space    used 6541K, committed 7168K, reserved 1048576K
}
Event: 29.464 GC heap before
{Heap before GC invocations=1805 (full 4):
 PSYoungGen      total 5632K, used 5536K [0x00000000eab00000, 0x00000000eb300000, 0x0000000100000000)
  eden space 4608K, 100% used [0x00000000eab00000,0x00000000eaf80000,0x00000000eaf80000)
  from space 1024K, 90% used [0x00000000eb200000,0x00000000eb2e8000,0x00000000eb300000)
  to   space 1536K, 0% used [0x00000000eb000000,0x00000000eb000000,0x00000000eb180000)
 ParOldGen       total 580096K, used 579602K [0x00000000c0000000, 0x00000000e3680000, 0x00000000eab00000)
  object space 580096K, 99% used [0x00000000c0000000,0x00000000e36049d8,0x00000000e3680000)
 Metaspace       used 66179K, committed 67648K, reserved 1114112K
  class space    used 6541K, committed 7168K, reserved 1048576K
}
Event: 29.465 GC heap after
{Heap after GC invocations=1805 (full 4):
 PSYoungGen      total 6144K, used 928K [0x00000000eab00000, 0x00000000eb280000, 0x0000000100000000)
  eden space 4608K, 0% used [0x00000000eab00000,0x00000000eab00000,0x00000000eaf80000)
  from space 1536K, 60% used [0x00000000eb000000,0x00000000eb0e8000,0x00000000eb180000)
  to   space 1024K, 0% used [0x00000000eb180000,0x00000000eb180000,0x00000000eb280000)
 ParOldGen       total 580608K, used 580426K [0x00000000c0000000, 0x00000000e3700000, 0x00000000eab00000)
  object space 580608K, 99% used [0x00000000c0000000,0x00000000e36d29d8,0x00000000e3700000)
 Metaspace       used 66179K, committed 67648K, reserved 1114112K
  class space    used 6541K, committed 7168K, reserved 1048576K
}
Event: 29.472 GC heap before
{Heap before GC invocations=1806 (full 4):
 PSYoungGen      total 6144K, used 5536K [0x00000000eab00000, 0x00000000eb280000, 0x0000000100000000)
  eden space 4608K, 100% used [0x00000000eab00000,0x00000000eaf80000,0x00000000eaf80000)
  from space 1536K, 60% used [0x00000000eb000000,0x00000000eb0e8000,0x00000000eb180000)
  to   space 1024K, 0% used [0x00000000eb180000,0x00000000eb180000,0x00000000eb280000)
 ParOldGen       total 580608K, used 580426K [0x00000000c0000000, 0x00000000e3700000, 0x00000000eab00000)
  object space 580608K, 99% used [0x00000000c0000000,0x00000000e36d29d8,0x00000000e3700000)
 Metaspace       used 66179K, committed 67648K, reserved 1114112K
  class space    used 6541K, committed 7168K, reserved 1048576K
}
Event: 29.473 GC heap after
{Heap after GC invocations=1806 (full 4):
 PSYoungGen      total 5632K, used 992K [0x00000000eab00000, 0x00000000eb280000, 0x0000000100000000)
  eden space 4608K, 0% used [0x00000000eab00000,0x00000000eab00000,0x00000000eaf80000)
  from space 1024K, 96% used [0x00000000eb180000,0x00000000eb278000,0x00000000eb280000)
  to   space 1024K, 0% used [0x00000000eb080000,0x00000000eb080000,0x00000000eb180000)
 ParOldGen       total 581632K, used 581194K [0x00000000c0000000, 0x00000000e3800000, 0x00000000eab00000)
  object space 581632K, 99% used [0x00000000c0000000,0x00000000e37929d8,0x00000000e3800000)
 Metaspace       used 66179K, committed 67648K, reserved 1114112K
  class space    used 6541K, committed 7168K, reserved 1048576K
}
Event: 29.480 GC heap before
{Heap before GC invocations=1807 (full 4):
 PSYoungGen      total 5632K, used 5600K [0x00000000eab00000, 0x00000000eb280000, 0x0000000100000000)
  eden space 4608K, 100% used [0x00000000eab00000,0x00000000eaf80000,0x00000000eaf80000)
  from space 1024K, 96% used [0x00000000eb180000,0x00000000eb278000,0x00000000eb280000)
  to   space 1024K, 0% used [0x00000000eb080000,0x00000000eb080000,0x00000000eb180000)
 ParOldGen       total 581632K, used 581194K [0x00000000c0000000, 0x00000000e3800000, 0x00000000eab00000)
  object space 581632K, 99% used [0x00000000c0000000,0x00000000e37929d8,0x00000000e3800000)
 Metaspace       used 66179K, committed 67648K, reserved 1114112K
  class space    used 6541K, committed 7168K, reserved 1048576K
}
Event: 29.481 GC heap after
{Heap after GC invocations=1807 (full 4):
 PSYoungGen      total 5632K, used 1024K [0x00000000eab00000, 0x00000000eb280000, 0x0000000100000000)
  eden space 4608K, 0% used [0x00000000eab00000,0x00000000eab00000,0x00000000eaf80000)
  from space 1024K, 100% used [0x00000000eb080000,0x00000000eb180000,0x00000000eb180000)
  to   space 1024K, 0% used [0x00000000eb180000,0x00000000eb180000,0x00000000eb280000)
 ParOldGen       total 582144K, used 582034K [0x00000000c0000000, 0x00000000e3880000, 0x00000000eab00000)
  object space 582144K, 99% used [0x00000000c0000000,0x00000000e38649d8,0x00000000e3880000)
 Metaspace       used 66179K, committed 67648K, reserved 1114112K
  class space    used 6541K, committed 7168K, reserved 1048576K
}
Event: 29.488 GC heap before
{Heap before GC invocations=1808 (full 4):
 PSYoungGen      total 5632K, used 5632K [0x00000000eab00000, 0x00000000eb280000, 0x0000000100000000)
  eden space 4608K, 100% used [0x00000000eab00000,0x00000000eaf80000,0x00000000eaf80000)
  from space 1024K, 100% used [0x00000000eb080000,0x00000000eb180000,0x00000000eb180000)
  to   space 1024K, 0% used [0x00000000eb180000,0x00000000eb180000,0x00000000eb280000)
 ParOldGen       total 582144K, used 582034K [0x00000000c0000000, 0x00000000e3880000, 0x00000000eab00000)
  object space 582144K, 99% used [0x00000000c0000000,0x00000000e38649d8,0x00000000e3880000)
 Metaspace       used 66179K, committed 67648K, reserved 1114112K
  class space    used 6541K, committed 7168K, reserved 1048576K
}
Event: 29.489 GC heap after
{Heap after GC invocations=1808 (full 4):
 PSYoungGen      total 5632K, used 992K [0x00000000eab00000, 0x00000000eb280000, 0x0000000100000000)
  eden space 4608K, 0% used [0x00000000eab00000,0x00000000eab00000,0x00000000eaf80000)
  from space 1024K, 96% used [0x00000000eb180000,0x00000000eb278000,0x00000000eb280000)
  to   space 1024K, 0% used [0x00000000eb080000,0x00000000eb080000,0x00000000eb180000)
 ParOldGen       total 583168K, used 582930K [0x00000000c0000000, 0x00000000e3980000, 0x00000000eab00000)
  object space 583168K, 99% used [0x00000000c0000000,0x00000000e39449d8,0x00000000e3980000)
 Metaspace       used 66179K, committed 67648K, reserved 1114112K
  class space    used 6541K, committed 7168K, reserved 1048576K
}
Event: 29.495 GC heap before
{Heap before GC invocations=1809 (full 4):
 PSYoungGen      total 5632K, used 5600K [0x00000000eab00000, 0x00000000eb280000, 0x0000000100000000)
  eden space 4608K, 100% used [0x00000000eab00000,0x00000000eaf80000,0x00000000eaf80000)
  from space 1024K, 96% used [0x00000000eb180000,0x00000000eb278000,0x00000000eb280000)
  to   space 1024K, 0% used [0x00000000eb080000,0x00000000eb080000,0x00000000eb180000)
 ParOldGen       total 583168K, used 582930K [0x00000000c0000000, 0x00000000e3980000, 0x00000000eab00000)
  object space 583168K, 99% used [0x00000000c0000000,0x00000000e39449d8,0x00000000e3980000)
 Metaspace       used 66179K, committed 67648K, reserved 1114112K
  class space    used 6541K, committed 7168K, reserved 1048576K
}
Event: 29.496 GC heap after
{Heap after GC invocations=1809 (full 4):
 PSYoungGen      total 5632K, used 1024K [0x00000000eab00000, 0x00000000eb380000, 0x0000000100000000)
  eden space 4608K, 0% used [0x00000000eab00000,0x00000000eab00000,0x00000000eaf80000)
  from space 1024K, 100% used [0x00000000eb080000,0x00000000eb180000,0x00000000eb180000)
  to   space 2048K, 0% used [0x00000000eb180000,0x00000000eb180000,0x00000000eb380000)
 ParOldGen       total 584192K, used 583730K [0x00000000c0000000, 0x00000000e3a80000, 0x00000000eab00000)
  object space 584192K, 99% used [0x00000000c0000000,0x00000000e3a0c9d8,0x00000000e3a80000)
 Metaspace       used 66179K, committed 67648K, reserved 1114112K
  class space    used 6541K, committed 7168K, reserved 1048576K
}
Event: 29.504 GC heap before
{Heap before GC invocations=1810 (full 4):
 PSYoungGen      total 5632K, used 5632K [0x00000000eab00000, 0x00000000eb380000, 0x0000000100000000)
  eden space 4608K, 100% used [0x00000000eab00000,0x00000000eaf80000,0x00000000eaf80000)
  from space 1024K, 100% used [0x00000000eb080000,0x00000000eb180000,0x00000000eb180000)
  to   space 2048K, 0% used [0x00000000eb180000,0x00000000eb180000,0x00000000eb380000)
 ParOldGen       total 584192K, used 583730K [0x00000000c0000000, 0x00000000e3a80000, 0x00000000eab00000)
  object space 584192K, 99% used [0x00000000c0000000,0x00000000e3a0c9d8,0x00000000e3a80000)
 Metaspace       used 66180K, committed 67648K, reserved 1114112K
  class space    used 6541K, committed 7168K, reserved 1048576K
}
Event: 30.514 GC heap after
{Heap after GC invocations=1810 (full 4):
 PSYoungGen      total 7168K, used 992K [0x00000000eab00000, 0x00000000eb380000, 0x0000000100000000)
  eden space 5120K, 0% used [0x00000000eab00000,0x00000000eab00000,0x00000000eb000000)
  from space 2048K, 48% used [0x00000000eb180000,0x00000000eb278000,0x00000000eb380000)
  to   space 1536K, 0% used [0x00000000eb000000,0x00000000eb000000,0x00000000eb180000)
 ParOldGen       total 584704K, used 584570K [0x00000000c0000000, 0x00000000e3b00000, 0x00000000eab00000)
  object space 584704K, 99% used [0x00000000c0000000,0x00000000e3ade9d8,0x00000000e3b00000)
 Metaspace       used 66180K, committed 67648K, reserved 1114112K
  class space    used 6541K, committed 7168K, reserved 1048576K
}
Event: 30.522 GC heap before
{Heap before GC invocations=1811 (full 4):
 PSYoungGen      total 7168K, used 6112K [0x00000000eab00000, 0x00000000eb380000, 0x0000000100000000)
  eden space 5120K, 100% used [0x00000000eab00000,0x00000000eb000000,0x00000000eb000000)
  from space 2048K, 48% used [0x00000000eb180000,0x00000000eb278000,0x00000000eb380000)
  to   space 1536K, 0% used [0x00000000eb000000,0x00000000eb000000,0x00000000eb180000)
 ParOldGen       total 584704K, used 584570K [0x00000000c0000000, 0x00000000e3b00000, 0x00000000eab00000)
  object space 584704K, 99% used [0x00000000c0000000,0x00000000e3ade9d8,0x00000000e3b00000)
 Metaspace       used 66180K, committed 67648K, reserved 1114112K
  class space    used 6541K, committed 7168K, reserved 1048576K
}
Event: 30.523 GC heap after
{Heap after GC invocations=1811 (full 4):
 PSYoungGen      total 6656K, used 1248K [0x00000000eab00000, 0x00000000eb400000, 0x0000000100000000)
  eden space 5120K, 0% used [0x00000000eab00000,0x00000000eab00000,0x00000000eb000000)
  from space 1536K, 81% used [0x00000000eb000000,0x00000000eb138000,0x00000000eb180000)
  to   space 1536K, 0% used [0x00000000eb280000,0x00000000eb280000,0x00000000eb400000)
 ParOldGen       total 585728K, used 585386K [0x00000000c0000000, 0x00000000e3c00000, 0x00000000eab00000)
  object space 585728K, 99% used [0x00000000c0000000,0x00000000e3baa9d8,0x00000000e3c00000)
 Metaspace       used 66180K, committed 67648K, reserved 1114112K
  class space    used 6541K, committed 7168K, reserved 1048576K
}
Event: 30.532 GC heap before
{Heap before GC invocations=1812 (full 4):
 PSYoungGen      total 6656K, used 6368K [0x00000000eab00000, 0x00000000eb400000, 0x0000000100000000)
  eden space 5120K, 100% used [0x00000000eab00000,0x00000000eb000000,0x00000000eb000000)
  from space 1536K, 81% used [0x00000000eb000000,0x00000000eb138000,0x00000000eb180000)
  to   space 1536K, 0% used [0x00000000eb280000,0x00000000eb280000,0x00000000eb400000)
 ParOldGen       total 585728K, used 585386K [0x00000000c0000000, 0x00000000e3c00000, 0x00000000eab00000)
  object space 585728K, 99% used [0x00000000c0000000,0x00000000e3baa9d8,0x00000000e3c00000)
 Metaspace       used 66180K, committed 67648K, reserved 1114112K
  class space    used 6541K, committed 7168K, reserved 1048576K
}
Event: 30.533 GC heap after
{Heap after GC invocations=1812 (full 4):
 PSYoungGen      total 7680K, used 1024K [0x00000000eab00000, 0x00000000eb400000, 0x0000000100000000)
  eden space 6144K, 0% used [0x00000000eab00000,0x00000000eab00000,0x00000000eb100000)
  from space 1536K, 66% used [0x00000000eb280000,0x00000000eb380000,0x00000000eb400000)
  to   space 1536K, 0% used [0x00000000eb100000,0x00000000eb100000,0x00000000eb280000)
 ParOldGen       total 586752K, used 586386K [0x00000000c0000000, 0x00000000e3d00000, 0x00000000eab00000)
  object space 586752K, 99% used [0x00000000c0000000,0x00000000e3ca49d8,0x00000000e3d00000)
 Metaspace       used 66180K, committed 67648K, reserved 1114112K
  class space    used 6541K, committed 7168K, reserved 1048576K
}
Event: 30.542 GC heap before
{Heap before GC invocations=1813 (full 4):
 PSYoungGen      total 7680K, used 7168K [0x00000000eab00000, 0x00000000eb400000, 0x0000000100000000)
  eden space 6144K, 100% used [0x00000000eab00000,0x00000000eb100000,0x00000000eb100000)
  from space 1536K, 66% used [0x00000000eb280000,0x00000000eb380000,0x00000000eb400000)
  to   space 1536K, 0% used [0x00000000eb100000,0x00000000eb100000,0x00000000eb280000)
 ParOldGen       total 586752K, used 586386K [0x00000000c0000000, 0x00000000e3d00000, 0x00000000eab00000)
  object space 586752K, 99% used [0x00000000c0000000,0x00000000e3ca49d8,0x00000000e3d00000)
 Metaspace       used 66180K, committed 67648K, reserved 1114112K
  class space    used 6541K, committed 7168K, reserved 1048576K
}
Event: 32.550 GC heap after
{Heap after GC invocations=1813 (full 4):
 PSYoungGen      total 7680K, used 1376K [0x00000000eab00000, 0x00000000eb400000, 0x0000000100000000)
  eden space 6144K, 0% used [0x00000000eab00000,0x00000000eab00000,0x00000000eb100000)
  from space 1536K, 89% used [0x00000000eb100000,0x00000000eb258000,0x00000000eb280000)
  to   space 1536K, 0% used [0x00000000eb280000,0x00000000eb280000,0x00000000eb400000)
 ParOldGen       total 587264K, used 587258K [0x00000000c0000000, 0x00000000e3d80000, 0x00000000eab00000)
  object space 587264K, 99% used [0x00000000c0000000,0x00000000e3d7e9d8,0x00000000e3d80000)
 Metaspace       used 66180K, committed 67648K, reserved 1114112K
  class space    used 6541K, committed 7168K, reserved 1048576K
}

