# JRE version: OpenJDK Runtime Environment Temurin-21.0.6+7 (21.0.6+7) (build 21.0.6+7-LTS)
# Java VM: OpenJDK 64-Bit Server VM Temurin-21.0.6+7 (21.0.6+7-LTS, mixed mode, sharing, tiered, compressed oops, compressed class ptrs, parallel gc, windows-amd64)
GC Precious Log:
 CardTable entry size: 512
 CPUs: 16 total, 16 available
 Memory: 15752M
 Large Page Support: Disabled
 NUMA Support: Disabled
 Compressed Oops: Enabled (32-bit)
 Alignments: Space 512K, Generation 512K, Heap 2M
 Heap Min Capacity: 100M
 Heap Initial Capacity: 100M
 Heap Max Capacity: 1G
 Pre-touch: Disabled
 Parallel Workers: 13
Heap:
 PSYoungGen      total 5120K, used 4800K [0x00000000eab00000, 0x00000000eb100000, 0x0000000100000000)
  eden space 4096K, 100% used [0x00000000eab00000,0x00000000eaf00000,0x00000000eaf00000)
  from space 1024K, 68% used [0x00000000eaf00000,0x00000000eafb0000,0x00000000eb000000)
  to   space 1024K, 0% used [0x00000000eb000000,0x00000000eb000000,0x00000000eb100000)
 ParOldGen       total 428032K, used 427899K [0x00000000c0000000, 0x00000000da200000, 0x00000000eab00000)
  object space 428032K, 99% used [0x00000000c0000000,0x00000000da1dee58,0x00000000da200000)
 Metaspace       used 63591K, committed 65024K, reserved 1114112K
  class space    used 6267K, committed 6912K, reserved 1048576K
GC Heap History (20 events):
Event: 10.167 GC heap after
{Heap after GC invocations=614 (full 3):
 PSYoungGen      total 2560K, used 480K [0x00000000eab00000, 0x00000000eaf80000, 0x0000000100000000)
  eden space 2048K, 0% used [0x00000000eab00000,0x00000000eab00000,0x00000000ead00000)
  from space 512K, 93% used [0x00000000ead00000,0x00000000ead78008,0x00000000ead80000)
  to   space 1024K, 0% used [0x00000000eae80000,0x00000000eae80000,0x00000000eaf80000)
 ParOldGen       total 422400K, used 422273K [0x00000000c0000000, 0x00000000d9c80000, 0x00000000eab00000)
  object space 422400K, 99% used [0x00000000c0000000,0x00000000d9c60498,0x00000000d9c80000)
 Metaspace       used 63521K, committed 64960K, reserved 1114112K
  class space    used 6257K, committed 6912K, reserved 1048576K
}
Event: 10.171 GC heap before
{Heap before GC invocations=615 (full 3):
 PSYoungGen      total 2560K, used 2528K [0x00000000eab00000, 0x00000000eaf80000, 0x0000000100000000)
  eden space 2048K, 100% used [0x00000000eab00000,0x00000000ead00000,0x00000000ead00000)
  from space 512K, 93% used [0x00000000ead00000,0x00000000ead78008,0x00000000ead80000)
  to   space 1024K, 0% used [0x00000000eae80000,0x00000000eae80000,0x00000000eaf80000)
 ParOldGen       total 422400K, used 422273K [0x00000000c0000000, 0x00000000d9c80000, 0x00000000eab00000)
  object space 422400K, 99% used [0x00000000c0000000,0x00000000d9c60498,0x00000000d9c80000)
 Metaspace       used 63521K, committed 64960K, reserved 1114112K
  class space    used 6257K, committed 6912K, reserved 1048576K
}
Event: 10.172 GC heap after
{Heap after GC invocations=615 (full 3):
 PSYoungGen      total 2560K, used 416K [0x00000000eab00000, 0x00000000eaf00000, 0x0000000100000000)
  eden space 2048K, 0% used [0x00000000eab00000,0x00000000eab00000,0x00000000ead00000)
  from space 512K, 81% used [0x00000000eae80000,0x00000000eaee8000,0x00000000eaf00000)
  to   space 1024K, 0% used [0x00000000ead00000,0x00000000ead00000,0x00000000eae00000)
 ParOldGen       total 422912K, used 422501K [0x00000000c0000000, 0x00000000d9d00000, 0x00000000eab00000)
  object space 422912K, 99% used [0x00000000c0000000,0x00000000d9c99498,0x00000000d9d00000)
 Metaspace       used 63521K, committed 64960K, reserved 1114112K
  class space    used 6257K, committed 6912K, reserved 1048576K
}
Event: 10.175 GC heap before
{Heap before GC invocations=616 (full 3):
 PSYoungGen      total 2560K, used 2451K [0x00000000eab00000, 0x00000000eaf00000, 0x0000000100000000)
  eden space 2048K, 99% used [0x00000000eab00000,0x00000000eacfcf60,0x00000000ead00000)
  from space 512K, 81% used [0x00000000eae80000,0x00000000eaee8000,0x00000000eaf00000)
  to   space 1024K, 0% used [0x00000000ead00000,0x00000000ead00000,0x00000000eae00000)
 ParOldGen       total 422912K, used 422501K [0x00000000c0000000, 0x00000000d9d00000, 0x00000000eab00000)
  object space 422912K, 99% used [0x00000000c0000000,0x00000000d9c99498,0x00000000d9d00000)
 Metaspace       used 63521K, committed 64960K, reserved 1114112K
  class space    used 6257K, committed 6912K, reserved 1048576K
}
Event: 10.176 GC heap after
{Heap after GC invocations=616 (full 3):
 PSYoungGen      total 3072K, used 544K [0x00000000eab00000, 0x00000000eaf00000, 0x0000000100000000)
  eden space 2048K, 0% used [0x00000000eab00000,0x00000000eab00000,0x00000000ead00000)
  from space 1024K, 53% used [0x00000000ead00000,0x00000000ead88000,0x00000000eae00000)
  to   space 1024K, 0% used [0x00000000eae00000,0x00000000eae00000,0x00000000eaf00000)
 ParOldGen       total 422912K, used 422789K [0x00000000c0000000, 0x00000000d9d00000, 0x00000000eab00000)
  object space 422912K, 99% used [0x00000000c0000000,0x00000000d9ce1498,0x00000000d9d00000)
 Metaspace       used 63521K, committed 64960K, reserved 1114112K
  class space    used 6257K, committed 6912K, reserved 1048576K
}
Event: 10.179 GC heap before
{Heap before GC invocations=617 (full 3):
 PSYoungGen      total 3072K, used 2592K [0x00000000eab00000, 0x00000000eaf00000, 0x0000000100000000)
  eden space 2048K, 100% used [0x00000000eab00000,0x00000000ead00000,0x00000000ead00000)
  from space 1024K, 53% used [0x00000000ead00000,0x00000000ead88000,0x00000000eae00000)
  to   space 1024K, 0% used [0x00000000eae00000,0x00000000eae00000,0x00000000eaf00000)
 ParOldGen       total 422912K, used 422789K [0x00000000c0000000, 0x00000000d9d00000, 0x00000000eab00000)
  object space 422912K, 99% used [0x00000000c0000000,0x00000000d9ce1498,0x00000000d9d00000)
 Metaspace       used 63521K, committed 64960K, reserved 1114112K
  class space    used 6257K, committed 6912K, reserved 1048576K
}
Event: 10.180 GC heap after
{Heap after GC invocations=617 (full 3):
 PSYoungGen      total 3072K, used 576K [0x00000000eab00000, 0x00000000eaf00000, 0x0000000100000000)
  eden space 2048K, 0% used [0x00000000eab00000,0x00000000eab00000,0x00000000ead00000)
  from space 1024K, 56% used [0x00000000eae00000,0x00000000eae90000,0x00000000eaf00000)
  to   space 1024K, 0% used [0x00000000ead00000,0x00000000ead00000,0x00000000eae00000)
 ParOldGen       total 423424K, used 423061K [0x00000000c0000000, 0x00000000d9d80000, 0x00000000eab00000)
  object space 423424K, 99% used [0x00000000c0000000,0x00000000d9d25498,0x00000000d9d80000)
 Metaspace       used 63521K, committed 64960K, reserved 1114112K
  class space    used 6257K, committed 6912K, reserved 1048576K
}
Event: 10.183 GC heap before
{Heap before GC invocations=618 (full 3):
 PSYoungGen      total 3072K, used 2624K [0x00000000eab00000, 0x00000000eaf00000, 0x0000000100000000)
  eden space 2048K, 100% used [0x00000000eab00000,0x00000000ead00000,0x00000000ead00000)
  from space 1024K, 56% used [0x00000000eae00000,0x00000000eae90000,0x00000000eaf00000)
  to   space 1024K, 0% used [0x00000000ead00000,0x00000000ead00000,0x00000000eae00000)
 ParOldGen       total 423424K, used 423061K [0x00000000c0000000, 0x00000000d9d80000, 0x00000000eab00000)
  object space 423424K, 99% used [0x00000000c0000000,0x00000000d9d25498,0x00000000d9d80000)
 Metaspace       used 63521K, committed 64960K, reserved 1114112K
  class space    used 6257K, committed 6912K, reserved 1048576K
}
Event: 10.184 GC heap after
{Heap after GC invocations=618 (full 3):
 PSYoungGen      total 3072K, used 448K [0x00000000eab00000, 0x00000000eae80000, 0x0000000100000000)
  eden space 2048K, 0% used [0x00000000eab00000,0x00000000eab00000,0x00000000ead00000)
  from space 1024K, 43% used [0x00000000ead00000,0x00000000ead70000,0x00000000eae00000)
  to   space 512K, 0% used [0x00000000eae00000,0x00000000eae00000,0x00000000eae80000)
 ParOldGen       total 423424K, used 423384K [0x00000000c0000000, 0x00000000d9d80000, 0x00000000eab00000)
  object space 423424K, 99% used [0x00000000c0000000,0x00000000d9d760a0,0x00000000d9d80000)
 Metaspace       used 63521K, committed 64960K, reserved 1114112K
  class space    used 6257K, committed 6912K, reserved 1048576K
}
Event: 10.186 GC heap before
{Heap before GC invocations=619 (full 3):
 PSYoungGen      total 3072K, used 2496K [0x00000000eab00000, 0x00000000eae80000, 0x0000000100000000)
  eden space 2048K, 100% used [0x00000000eab00000,0x00000000ead00000,0x00000000ead00000)
  from space 1024K, 43% used [0x00000000ead00000,0x00000000ead70000,0x00000000eae00000)
  to   space 512K, 0% used [0x00000000eae00000,0x00000000eae00000,0x00000000eae80000)
 ParOldGen       total 423424K, used 423384K [0x00000000c0000000, 0x00000000d9d80000, 0x00000000eab00000)
  object space 423424K, 99% used [0x00000000c0000000,0x00000000d9d760a0,0x00000000d9d80000)
 Metaspace       used 63521K, committed 64960K, reserved 1114112K
  class space    used 6257K, committed 6912K, reserved 1048576K
}
Event: 10.187 GC heap after
{Heap after GC invocations=619 (full 3):
 PSYoungGen      total 2560K, used 488K [0x00000000eab00000, 0x00000000eae80000, 0x0000000100000000)
  eden space 2048K, 0% used [0x00000000eab00000,0x00000000eab00000,0x00000000ead00000)
  from space 512K, 95% used [0x00000000eae00000,0x00000000eae7a358,0x00000000eae80000)
  to   space 512K, 0% used [0x00000000ead80000,0x00000000ead80000,0x00000000eae00000)
 ParOldGen       total 423936K, used 423680K [0x00000000c0000000, 0x00000000d9e00000, 0x00000000eab00000)
  object space 423936K, 99% used [0x00000000c0000000,0x00000000d9dc00a0,0x00000000d9e00000)
 Metaspace       used 63521K, committed 64960K, reserved 1114112K
  class space    used 6257K, committed 6912K, reserved 1048576K
}
Event: 10.194 GC heap before
{Heap before GC invocations=620 (full 3):
 PSYoungGen      total 2560K, used 2536K [0x00000000eab00000, 0x00000000eae80000, 0x0000000100000000)
  eden space 2048K, 100% used [0x00000000eab00000,0x00000000ead00000,0x00000000ead00000)
  from space 512K, 95% used [0x00000000eae00000,0x00000000eae7a358,0x00000000eae80000)
  to   space 512K, 0% used [0x00000000ead80000,0x00000000ead80000,0x00000000eae00000)
 ParOldGen       total 423936K, used 423680K [0x00000000c0000000, 0x00000000d9e00000, 0x00000000eab00000)
  object space 423936K, 99% used [0x00000000c0000000,0x00000000d9dc00a0,0x00000000d9e00000)
 Metaspace       used 63539K, committed 64960K, reserved 1114112K
  class space    used 6257K, committed 6912K, reserved 1048576K
}
Event: 10.195 GC heap after
{Heap after GC invocations=620 (full 3):
 PSYoungGen      total 2560K, used 502K [0x00000000eab00000, 0x00000000eaf00000, 0x0000000100000000)
  eden space 2048K, 0% used [0x00000000eab00000,0x00000000eab00000,0x00000000ead00000)
  from space 512K, 98% used [0x00000000ead80000,0x00000000eadfd808,0x00000000eae00000)
  to   space 1024K, 0% used [0x00000000eae00000,0x00000000eae00000,0x00000000eaf00000)
 ParOldGen       total 424448K, used 424050K [0x00000000c0000000, 0x00000000d9e80000, 0x00000000eab00000)
  object space 424448K, 99% used [0x00000000c0000000,0x00000000d9e1caa0,0x00000000d9e80000)
 Metaspace       used 63539K, committed 64960K, reserved 1114112K
  class space    used 6257K, committed 6912K, reserved 1048576K
}
Event: 10.226 GC heap before
{Heap before GC invocations=621 (full 3):
 PSYoungGen      total 2560K, used 2550K [0x00000000eab00000, 0x00000000eaf00000, 0x0000000100000000)
  eden space 2048K, 100% used [0x00000000eab00000,0x00000000ead00000,0x00000000ead00000)
  from space 512K, 98% used [0x00000000ead80000,0x00000000eadfd808,0x00000000eae00000)
  to   space 1024K, 0% used [0x00000000eae00000,0x00000000eae00000,0x00000000eaf00000)
 ParOldGen       total 424448K, used 424050K [0x00000000c0000000, 0x00000000d9e80000, 0x00000000eab00000)
  object space 424448K, 99% used [0x00000000c0000000,0x00000000d9e1caa0,0x00000000d9e80000)
 Metaspace       used 63558K, committed 65024K, reserved 1114112K
  class space    used 6257K, committed 6912K, reserved 1048576K
}
Event: 10.227 GC heap after
{Heap after GC invocations=621 (full 3):
 PSYoungGen      total 3072K, used 561K [0x00000000eab00000, 0x00000000eaf00000, 0x0000000100000000)
  eden space 2048K, 0% used [0x00000000eab00000,0x00000000eab00000,0x00000000ead00000)
  from space 1024K, 54% used [0x00000000eae00000,0x00000000eae8c710,0x00000000eaf00000)
  to   space 1024K, 0% used [0x00000000ead00000,0x00000000ead00000,0x00000000eae00000)
 ParOldGen       total 424448K, used 424360K [0x00000000c0000000, 0x00000000d9e80000, 0x00000000eab00000)
  object space 424448K, 99% used [0x00000000c0000000,0x00000000d9e6a2a8,0x00000000d9e80000)
 Metaspace       used 63558K, committed 65024K, reserved 1114112K
  class space    used 6257K, committed 6912K, reserved 1048576K
}
Event: 10.230 GC heap before
{Heap before GC invocations=622 (full 3):
 PSYoungGen      total 3072K, used 2609K [0x00000000eab00000, 0x00000000eaf00000, 0x0000000100000000)
  eden space 2048K, 100% used [0x00000000eab00000,0x00000000ead00000,0x00000000ead00000)
  from space 1024K, 54% used [0x00000000eae00000,0x00000000eae8c710,0x00000000eaf00000)
  to   space 1024K, 0% used [0x00000000ead00000,0x00000000ead00000,0x00000000eae00000)
 ParOldGen       total 424448K, used 424360K [0x00000000c0000000, 0x00000000d9e80000, 0x00000000eab00000)
  object space 424448K, 99% used [0x00000000c0000000,0x00000000d9e6a2a8,0x00000000d9e80000)
 Metaspace       used 63558K, committed 65024K, reserved 1114112K
  class space    used 6257K, committed 6912K, reserved 1048576K
}
Event: 10.231 GC heap after
{Heap after GC invocations=622 (full 3):
 PSYoungGen      total 3072K, used 544K [0x00000000eab00000, 0x00000000eaf00000, 0x0000000100000000)
  eden space 2048K, 0% used [0x00000000eab00000,0x00000000eab00000,0x00000000ead00000)
  from space 1024K, 53% used [0x00000000ead00000,0x00000000ead88000,0x00000000eae00000)
  to   space 1024K, 0% used [0x00000000eae00000,0x00000000eae00000,0x00000000eaf00000)
 ParOldGen       total 424960K, used 424730K [0x00000000c0000000, 0x00000000d9f00000, 0x00000000eab00000)
  object space 424960K, 99% used [0x00000000c0000000,0x00000000d9ec6a48,0x00000000d9f00000)
 Metaspace       used 63558K, committed 65024K, reserved 1114112K
  class space    used 6257K, committed 6912K, reserved 1048576K
}
Event: 10.235 GC heap before
{Heap before GC invocations=623 (full 3):
 PSYoungGen      total 3072K, used 2580K [0x00000000eab00000, 0x00000000eaf00000, 0x0000000100000000)
  eden space 2048K, 99% used [0x00000000eab00000,0x00000000eacfd0d8,0x00000000ead00000)
  from space 1024K, 53% used [0x00000000ead00000,0x00000000ead88000,0x00000000eae00000)
  to   space 1024K, 0% used [0x00000000eae00000,0x00000000eae00000,0x00000000eaf00000)
 ParOldGen       total 424960K, used 424730K [0x00000000c0000000, 0x00000000d9f00000, 0x00000000eab00000)
  object space 424960K, 99% used [0x00000000c0000000,0x00000000d9ec6a48,0x00000000d9f00000)
 Metaspace       used 63558K, committed 65024K, reserved 1114112K
  class space    used 6257K, committed 6912K, reserved 1048576K
}
Event: 10.236 GC heap after
{Heap after GC invocations=623 (full 3):
 PSYoungGen      total 3072K, used 608K [0x00000000eab00000, 0x00000000eaf00000, 0x0000000100000000)
  eden space 2048K, 0% used [0x00000000eab00000,0x00000000eab00000,0x00000000ead00000)
  from space 1024K, 59% used [0x00000000eae00000,0x00000000eae98000,0x00000000eaf00000)
  to   space 1024K, 0% used [0x00000000ead00000,0x00000000ead00000,0x00000000eae00000)
 ParOldGen       total 425472K, used 425130K [0x00000000c0000000, 0x00000000d9f80000, 0x00000000eab00000)
  object space 425472K, 99% used [0x00000000c0000000,0x00000000d9f2aa48,0x00000000d9f80000)
 Metaspace       used 63558K, committed 65024K, reserved 1114112K
  class space    used 6257K, committed 6912K, reserved 1048576K
}
Event: 10.239 GC heap before
{Heap before GC invocations=624 (full 3):
 PSYoungGen      total 3072K, used 2645K [0x00000000eab00000, 0x00000000eaf00000, 0x0000000100000000)
  eden space 2048K, 99% used [0x00000000eab00000,0x00000000eacfd5c8,0x00000000ead00000)
  from space 1024K, 59% used [0x00000000eae00000,0x00000000eae98000,0x00000000eaf00000)
  to   space 1024K, 0% used [0x00000000ead00000,0x00000000ead00000,0x00000000eae00000)
 ParOldGen       total 425472K, used 425130K [0x00000000c0000000, 0x00000000d9f80000, 0x00000000eab00000)
  object space 425472K, 99% used [0x00000000c0000000,0x00000000d9f2aa48,0x00000000d9f80000)
 Metaspace       used 63558K, committed 65024K, reserved 1114112K
  class space    used 6257K, committed 6912K, reserved 1048576K
}

