# JRE version: OpenJDK Runtime Environment Temurin-21.0.6+7 (21.0.6+7) (build 21.0.6+7-LTS)
# Java VM: OpenJDK 64-Bit Server VM Temurin-21.0.6+7 (21.0.6+7-LTS, mixed mode, sharing, tiered, compressed oops, compressed class ptrs, parallel gc, windows-amd64)
GC Precious Log:
 CardTable entry size: 512
 CPUs: 16 total, 16 available
 Memory: 15752M
 Large Page Support: Disabled
 NUMA Support: Disabled
 Compressed Oops: Enabled (32-bit)
 Alignments: Space 512K, Generation 512K, Heap 2M
 Heap Min Capacity: 100M
 Heap Initial Capacity: 100M
 Heap Max Capacity: 1G
 Pre-touch: Disabled
 Parallel Workers: 13
Heap:
 PSYoungGen      total 6144K, used 5415K [0x00000000eab00000, 0x00000000ebe00000, 0x0000000100000000)
  eden space 4096K, 90% used [0x00000000eab00000,0x00000000eae9adf8,0x00000000eaf00000)
  from space 2048K, 84% used [0x00000000eaf00000,0x00000000eb0aef70,0x00000000eb100000)
  to   space 6144K, 0% used [0x00000000eb800000,0x00000000eb800000,0x00000000ebe00000)
 ParOldGen       total 377344K, used 377147K [0x00000000c0000000, 0x00000000d7080000, 0x00000000eab00000)
  object space 377344K, 99% used [0x00000000c0000000,0x00000000d704ef38,0x00000000d7080000)
 Metaspace       used 57932K, committed 59328K, reserved 1114112K
  class space    used 5911K, committed 6528K, reserved 1048576K
GC Heap History (20 events):
Event: 6.581 GC heap after
{Heap after GC invocations=307 (full 2):
 PSYoungGen      total 14336K, used 3286K [0x00000000eab00000, 0x00000000ebc80000, 0x0000000100000000)
  eden space 10752K, 0% used [0x00000000eab00000,0x00000000eab00000,0x00000000eb580000)
  from space 3584K, 91% used [0x00000000eb580000,0x00000000eb8b5b10,0x00000000eb900000)
  to   space 3584K, 0% used [0x00000000eb900000,0x00000000eb900000,0x00000000ebc80000)
 ParOldGen       total 332800K, used 332377K [0x00000000c0000000, 0x00000000d4500000, 0x00000000eab00000)
  object space 332800K, 99% used [0x00000000c0000000,0x00000000d4496708,0x00000000d4500000)
 Metaspace       used 56377K, committed 57728K, reserved 1114112K
  class space    used 5807K, committed 6400K, reserved 1048576K
}
Event: 6.652 GC heap before
{Heap before GC invocations=308 (full 2):
 PSYoungGen      total 14336K, used 14038K [0x00000000eab00000, 0x00000000ebc80000, 0x0000000100000000)
  eden space 10752K, 100% used [0x00000000eab00000,0x00000000eb580000,0x00000000eb580000)
  from space 3584K, 91% used [0x00000000eb580000,0x00000000eb8b5b10,0x00000000eb900000)
  to   space 3584K, 0% used [0x00000000eb900000,0x00000000eb900000,0x00000000ebc80000)
 ParOldGen       total 332800K, used 332377K [0x00000000c0000000, 0x00000000d4500000, 0x00000000eab00000)
  object space 332800K, 99% used [0x00000000c0000000,0x00000000d4496708,0x00000000d4500000)
 Metaspace       used 56536K, committed 57856K, reserved 1114112K
  class space    used 5821K, committed 6400K, reserved 1048576K
}
Event: 6.655 GC heap after
{Heap after GC invocations=308 (full 2):
 PSYoungGen      total 13824K, used 2752K [0x00000000eab00000, 0x00000000ebc00000, 0x0000000100000000)
  eden space 10752K, 0% used [0x00000000eab00000,0x00000000eab00000,0x00000000eb580000)
  from space 3072K, 89% used [0x00000000eb900000,0x00000000ebbb0200,0x00000000ebc00000)
  to   space 3072K, 0% used [0x00000000eb600000,0x00000000eb600000,0x00000000eb900000)
 ParOldGen       total 335872K, used 335417K [0x00000000c0000000, 0x00000000d4800000, 0x00000000eab00000)
  object space 335872K, 99% used [0x00000000c0000000,0x00000000d478e730,0x00000000d4800000)
 Metaspace       used 56536K, committed 57856K, reserved 1114112K
  class space    used 5821K, committed 6400K, reserved 1048576K
}
Event: 6.711 GC heap before
{Heap before GC invocations=309 (full 2):
 PSYoungGen      total 13824K, used 13504K [0x00000000eab00000, 0x00000000ebc00000, 0x0000000100000000)
  eden space 10752K, 100% used [0x00000000eab00000,0x00000000eb580000,0x00000000eb580000)
  from space 3072K, 89% used [0x00000000eb900000,0x00000000ebbb0200,0x00000000ebc00000)
  to   space 3072K, 0% used [0x00000000eb600000,0x00000000eb600000,0x00000000eb900000)
 ParOldGen       total 335872K, used 335417K [0x00000000c0000000, 0x00000000d4800000, 0x00000000eab00000)
  object space 335872K, 99% used [0x00000000c0000000,0x00000000d478e730,0x00000000d4800000)
 Metaspace       used 56666K, committed 58048K, reserved 1114112K
  class space    used 5835K, committed 6464K, reserved 1048576K
}
Event: 6.714 GC heap after
{Heap after GC invocations=309 (full 2):
 PSYoungGen      total 13824K, used 3045K [0x00000000eab00000, 0x00000000ec280000, 0x0000000100000000)
  eden space 10752K, 0% used [0x00000000eab00000,0x00000000eab00000,0x00000000eb580000)
  from space 3072K, 99% used [0x00000000eb600000,0x00000000eb8f9420,0x00000000eb900000)
  to   space 6656K, 0% used [0x00000000ebc00000,0x00000000ebc00000,0x00000000ec280000)
 ParOldGen       total 338432K, used 338042K [0x00000000c0000000, 0x00000000d4a80000, 0x00000000eab00000)
  object space 338432K, 99% used [0x00000000c0000000,0x00000000d4a1eba0,0x00000000d4a80000)
 Metaspace       used 56666K, committed 58048K, reserved 1114112K
  class space    used 5835K, committed 6464K, reserved 1048576K
}
Event: 6.754 GC heap before
{Heap before GC invocations=310 (full 2):
 PSYoungGen      total 13824K, used 13797K [0x00000000eab00000, 0x00000000ec280000, 0x0000000100000000)
  eden space 10752K, 100% used [0x00000000eab00000,0x00000000eb580000,0x00000000eb580000)
  from space 3072K, 99% used [0x00000000eb600000,0x00000000eb8f9420,0x00000000eb900000)
  to   space 6656K, 0% used [0x00000000ebc00000,0x00000000ebc00000,0x00000000ec280000)
 ParOldGen       total 338432K, used 338042K [0x00000000c0000000, 0x00000000d4a80000, 0x00000000eab00000)
  object space 338432K, 99% used [0x00000000c0000000,0x00000000d4a1eba0,0x00000000d4a80000)
 Metaspace       used 56741K, committed 58112K, reserved 1114112K
  class space    used 5836K, committed 6464K, reserved 1048576K
}
Event: 6.757 GC heap after
{Heap after GC invocations=310 (full 2):
 PSYoungGen      total 14848K, used 4065K [0x00000000eab00000, 0x00000000ec000000, 0x0000000100000000)
  eden space 10752K, 0% used [0x00000000eab00000,0x00000000eab00000,0x00000000eb580000)
  from space 4096K, 99% used [0x00000000ebc00000,0x00000000ebff87b0,0x00000000ec000000)
  to   space 5120K, 0% used [0x00000000eb600000,0x00000000eb600000,0x00000000ebb00000)
 ParOldGen       total 340480K, used 340245K [0x00000000c0000000, 0x00000000d4c80000, 0x00000000eab00000)
  object space 340480K, 99% used [0x00000000c0000000,0x00000000d4c45408,0x00000000d4c80000)
 Metaspace       used 56741K, committed 58112K, reserved 1114112K
  class space    used 5836K, committed 6464K, reserved 1048576K
}
Event: 6.801 GC heap before
{Heap before GC invocations=311 (full 2):
 PSYoungGen      total 14848K, used 14817K [0x00000000eab00000, 0x00000000ec000000, 0x0000000100000000)
  eden space 10752K, 100% used [0x00000000eab00000,0x00000000eb580000,0x00000000eb580000)
  from space 4096K, 99% used [0x00000000ebc00000,0x00000000ebff87b0,0x00000000ec000000)
  to   space 5120K, 0% used [0x00000000eb600000,0x00000000eb600000,0x00000000ebb00000)
 ParOldGen       total 340480K, used 340245K [0x00000000c0000000, 0x00000000d4c80000, 0x00000000eab00000)
  object space 340480K, 99% used [0x00000000c0000000,0x00000000d4c45408,0x00000000d4c80000)
 Metaspace       used 56830K, committed 58240K, reserved 1114112K
  class space    used 5840K, committed 6464K, reserved 1048576K
}
Event: 6.804 GC heap after
{Heap after GC invocations=311 (full 2):
 PSYoungGen      total 14848K, used 3683K [0x00000000eab00000, 0x00000000ebd80000, 0x0000000100000000)
  eden space 10752K, 0% used [0x00000000eab00000,0x00000000eab00000,0x00000000eb580000)
  from space 4096K, 89% used [0x00000000eb600000,0x00000000eb998f60,0x00000000eba00000)
  to   space 3584K, 0% used [0x00000000eba00000,0x00000000eba00000,0x00000000ebd80000)
 ParOldGen       total 344576K, used 344084K [0x00000000c0000000, 0x00000000d5080000, 0x00000000eab00000)
  object space 344576K, 99% used [0x00000000c0000000,0x00000000d5005060,0x00000000d5080000)
 Metaspace       used 56830K, committed 58240K, reserved 1114112K
  class space    used 5840K, committed 6464K, reserved 1048576K
}
Event: 6.842 GC heap before
{Heap before GC invocations=312 (full 2):
 PSYoungGen      total 14848K, used 14435K [0x00000000eab00000, 0x00000000ebd80000, 0x0000000100000000)
  eden space 10752K, 100% used [0x00000000eab00000,0x00000000eb580000,0x00000000eb580000)
  from space 4096K, 89% used [0x00000000eb600000,0x00000000eb998f60,0x00000000eba00000)
  to   space 3584K, 0% used [0x00000000eba00000,0x00000000eba00000,0x00000000ebd80000)
 ParOldGen       total 344576K, used 344084K [0x00000000c0000000, 0x00000000d5080000, 0x00000000eab00000)
  object space 344576K, 99% used [0x00000000c0000000,0x00000000d5005060,0x00000000d5080000)
 Metaspace       used 56880K, committed 58304K, reserved 1114112K
  class space    used 5843K, committed 6464K, reserved 1048576K
}
Event: 6.845 GC heap after
{Heap after GC invocations=312 (full 2):
 PSYoungGen      total 14336K, used 3295K [0x00000000eab00000, 0x00000000ebd80000, 0x0000000100000000)
  eden space 10752K, 0% used [0x00000000eab00000,0x00000000eab00000,0x00000000eb580000)
  from space 3584K, 91% used [0x00000000eba00000,0x00000000ebd37fd0,0x00000000ebd80000)
  to   space 3584K, 0% used [0x00000000eb680000,0x00000000eb680000,0x00000000eba00000)
 ParOldGen       total 347648K, used 347561K [0x00000000c0000000, 0x00000000d5380000, 0x00000000eab00000)
  object space 347648K, 99% used [0x00000000c0000000,0x00000000d536a4f0,0x00000000d5380000)
 Metaspace       used 56880K, committed 58304K, reserved 1114112K
  class space    used 5843K, committed 6464K, reserved 1048576K
}
Event: 6.901 GC heap before
{Heap before GC invocations=313 (full 2):
 PSYoungGen      total 14336K, used 13528K [0x00000000eab00000, 0x00000000ebd80000, 0x0000000100000000)
  eden space 10752K, 95% used [0x00000000eab00000,0x00000000eb4fe168,0x00000000eb580000)
  from space 3584K, 91% used [0x00000000eba00000,0x00000000ebd37fd0,0x00000000ebd80000)
  to   space 3584K, 0% used [0x00000000eb680000,0x00000000eb680000,0x00000000eba00000)
 ParOldGen       total 347648K, used 347561K [0x00000000c0000000, 0x00000000d5380000, 0x00000000eab00000)
  object space 347648K, 99% used [0x00000000c0000000,0x00000000d536a4f0,0x00000000d5380000)
 Metaspace       used 56994K, committed 58368K, reserved 1114112K
  class space    used 5850K, committed 6464K, reserved 1048576K
}
Event: 6.905 GC heap after
{Heap after GC invocations=313 (full 2):
 PSYoungGen      total 14336K, used 3571K [0x00000000eab00000, 0x00000000eca80000, 0x0000000100000000)
  eden space 10752K, 0% used [0x00000000eab00000,0x00000000eab00000,0x00000000eb580000)
  from space 3584K, 99% used [0x00000000eb680000,0x00000000eb9fcdb8,0x00000000eba00000)
  to   space 10752K, 0% used [0x00000000ec000000,0x00000000ec000000,0x00000000eca80000)
 ParOldGen       total 353280K, used 353248K [0x00000000c0000000, 0x00000000d5900000, 0x00000000eab00000)
  object space 353280K, 99% used [0x00000000c0000000,0x00000000d58f8390,0x00000000d5900000)
 Metaspace       used 56994K, committed 58368K, reserved 1114112K
  class space    used 5850K, committed 6464K, reserved 1048576K
}
Event: 7.007 GC heap before
{Heap before GC invocations=314 (full 2):
 PSYoungGen      total 14336K, used 14323K [0x00000000eab00000, 0x00000000eca80000, 0x0000000100000000)
  eden space 10752K, 100% used [0x00000000eab00000,0x00000000eb580000,0x00000000eb580000)
  from space 3584K, 99% used [0x00000000eb680000,0x00000000eb9fcdb8,0x00000000eba00000)
  to   space 10752K, 0% used [0x00000000ec000000,0x00000000ec000000,0x00000000eca80000)
 ParOldGen       total 353280K, used 353248K [0x00000000c0000000, 0x00000000d5900000, 0x00000000eab00000)
  object space 353280K, 99% used [0x00000000c0000000,0x00000000d58f8390,0x00000000d5900000)
 Metaspace       used 57381K, committed 58752K, reserved 1114112K
  class space    used 5877K, committed 6464K, reserved 1048576K
}
Event: 7.012 GC heap after
{Heap after GC invocations=314 (full 2):
 PSYoungGen      total 17920K, used 7047K [0x00000000eab00000, 0x00000000ec700000, 0x0000000100000000)
  eden space 10752K, 0% used [0x00000000eab00000,0x00000000eab00000,0x00000000eb580000)
  from space 7168K, 98% used [0x00000000ec000000,0x00000000ec6e1ee8,0x00000000ec700000)
  to   space 8192K, 0% used [0x00000000eb700000,0x00000000eb700000,0x00000000ebf00000)
 ParOldGen       total 356864K, used 356841K [0x00000000c0000000, 0x00000000d5c80000, 0x00000000eab00000)
  object space 356864K, 99% used [0x00000000c0000000,0x00000000d5c7a488,0x00000000d5c80000)
 Metaspace       used 57381K, committed 58752K, reserved 1114112K
  class space    used 5877K, committed 6464K, reserved 1048576K
}
Event: 7.078 GC heap before
{Heap before GC invocations=315 (full 2):
 PSYoungGen      total 17920K, used 17799K [0x00000000eab00000, 0x00000000ec700000, 0x0000000100000000)
  eden space 10752K, 99% used [0x00000000eab00000,0x00000000eb57ff40,0x00000000eb580000)
  from space 7168K, 98% used [0x00000000ec000000,0x00000000ec6e1ee8,0x00000000ec700000)
  to   space 8192K, 0% used [0x00000000eb700000,0x00000000eb700000,0x00000000ebf00000)
 ParOldGen       total 356864K, used 356841K [0x00000000c0000000, 0x00000000d5c80000, 0x00000000eab00000)
  object space 356864K, 99% used [0x00000000c0000000,0x00000000d5c7a488,0x00000000d5c80000)
 Metaspace       used 57576K, committed 58880K, reserved 1114112K
  class space    used 5882K, committed 6464K, reserved 1048576K
}
Event: 7.083 GC heap after
{Heap after GC invocations=315 (full 2):
 PSYoungGen      total 17408K, used 6170K [0x00000000eab00000, 0x00000000ec280000, 0x0000000100000000)
  eden space 10752K, 0% used [0x00000000eab00000,0x00000000eab00000,0x00000000eb580000)
  from space 6656K, 92% used [0x00000000eb700000,0x00000000ebd069d8,0x00000000ebd80000)
  to   space 5120K, 0% used [0x00000000ebd80000,0x00000000ebd80000,0x00000000ec280000)
 ParOldGen       total 364032K, used 363684K [0x00000000c0000000, 0x00000000d6380000, 0x00000000eab00000)
  object space 364032K, 99% used [0x00000000c0000000,0x00000000d63292a0,0x00000000d6380000)
 Metaspace       used 57576K, committed 58880K, reserved 1114112K
  class space    used 5882K, committed 6464K, reserved 1048576K
}
Event: 7.178 GC heap before
{Heap before GC invocations=316 (full 2):
 PSYoungGen      total 17408K, used 16922K [0x00000000eab00000, 0x00000000ec280000, 0x0000000100000000)
  eden space 10752K, 100% used [0x00000000eab00000,0x00000000eb580000,0x00000000eb580000)
  from space 6656K, 92% used [0x00000000eb700000,0x00000000ebd069d8,0x00000000ebd80000)
  to   space 5120K, 0% used [0x00000000ebd80000,0x00000000ebd80000,0x00000000ec280000)
 ParOldGen       total 364032K, used 363684K [0x00000000c0000000, 0x00000000d6380000, 0x00000000eab00000)
  object space 364032K, 99% used [0x00000000c0000000,0x00000000d63292a0,0x00000000d6380000)
 Metaspace       used 57692K, committed 59008K, reserved 1114112K
  class space    used 5899K, committed 6464K, reserved 1048576K
}
Event: 7.184 GC heap after
{Heap after GC invocations=316 (full 2):
 PSYoungGen      total 9216K, used 5107K [0x00000000eab00000, 0x00000000ed280000, 0x0000000100000000)
  eden space 4096K, 0% used [0x00000000eab00000,0x00000000eab00000,0x00000000eaf00000)
  from space 5120K, 99% used [0x00000000ebd80000,0x00000000ec27cd10,0x00000000ec280000)
  to   space 14848K, 0% used [0x00000000eaf00000,0x00000000eaf00000,0x00000000ebd80000)
 ParOldGen       total 372224K, used 371973K [0x00000000c0000000, 0x00000000d6b80000, 0x00000000eab00000)
  object space 372224K, 99% used [0x00000000c0000000,0x00000000d6b416e0,0x00000000d6b80000)
 Metaspace       used 57692K, committed 59008K, reserved 1114112K
  class space    used 5899K, committed 6464K, reserved 1048576K
}
Event: 7.214 GC heap before
{Heap before GC invocations=317 (full 2):
 PSYoungGen      total 9216K, used 9203K [0x00000000eab00000, 0x00000000ed280000, 0x0000000100000000)
  eden space 4096K, 100% used [0x00000000eab00000,0x00000000eaf00000,0x00000000eaf00000)
  from space 5120K, 99% used [0x00000000ebd80000,0x00000000ec27cd10,0x00000000ec280000)
  to   space 14848K, 0% used [0x00000000eaf00000,0x00000000eaf00000,0x00000000ebd80000)
 ParOldGen       total 372224K, used 371973K [0x00000000c0000000, 0x00000000d6b80000, 0x00000000eab00000)
  object space 372224K, 99% used [0x00000000c0000000,0x00000000d6b416e0,0x00000000d6b80000)
 Metaspace       used 57852K, committed 59200K, reserved 1114112K
  class space    used 5911K, committed 6528K, reserved 1048576K
}

