# JRE version: OpenJDK Runtime Environment Temurin-21.0.6+7 (21.0.6+7) (build 21.0.6+7-LTS)
# Java VM: OpenJDK 64-Bit Server VM Temurin-21.0.6+7 (21.0.6+7-LTS, mixed mode, sharing, tiered, compressed oops, compressed class ptrs, parallel gc, windows-amd64)
GC Precious Log:
 CardTable entry size: 512
 CPUs: 16 total, 16 available
 Memory: 15752M
 Large Page Support: Disabled
 NUMA Support: Disabled
 Compressed Oops: Enabled (32-bit)
 Alignments: Space 512K, Generation 512K, Heap 2M
 Heap Min Capacity: 100M
 Heap Initial Capacity: 100M
 Heap Max Capacity: 1G
 Pre-touch: Disabled
 Parallel Workers: 13
Heap:
 PSYoungGen      total 7680K, used 5066K [0x00000000eab00000, 0x00000000eb500000, 0x0000000100000000)
  eden space 5120K, 52% used [0x00000000eab00000,0x00000000eada2a80,0x00000000eb000000)
  from space 2560K, 92% used [0x00000000eb100000,0x00000000eb350000,0x00000000eb380000)
  to   space 1536K, 0% used [0x00000000eb380000,0x00000000eb380000,0x00000000eb500000)
 ParOldGen       total 343552K, used 343397K [0x00000000c0000000, 0x00000000d4f80000, 0x00000000eab00000)
  object space 343552K, 99% used [0x00000000c0000000,0x00000000d4f59630,0x00000000d4f80000)
 Metaspace       used 57708K, committed 59008K, reserved 1114112K
  class space    used 5902K, committed 6464K, reserved 1048576K
GC Heap History (20 events):
Event: 20.221 GC heap before
{Heap before GC invocations=219 (full 3):
 PSYoungGen      total 6656K, used 5344K [0x00000000eab00000, 0x00000000ebb00000, 0x0000000100000000)
  eden space 4096K, 99% used [0x00000000eab00000,0x00000000eaeff168,0x00000000eaf00000)
  from space 2560K, 48% used [0x00000000eb600000,0x00000000eb738fe0,0x00000000eb880000)
  to   space 1536K, 0% used [0x00000000eb980000,0x00000000eb980000,0x00000000ebb00000)
 ParOldGen       total 323072K, used 322699K [0x00000000c0000000, 0x00000000d3b80000, 0x00000000eab00000)
  object space 323072K, 99% used [0x00000000c0000000,0x00000000d3b22fd8,0x00000000d3b80000)
 Metaspace       used 56798K, committed 58048K, reserved 1114112K
  class space    used 5851K, committed 6400K, reserved 1048576K
}
Event: 20.223 GC heap after
{Heap after GC invocations=219 (full 3):
 PSYoungGen      total 6656K, used 1511K [0x00000000eab00000, 0x00000000ebb00000, 0x0000000100000000)
  eden space 5120K, 0% used [0x00000000eab00000,0x00000000eab00000,0x00000000eb000000)
  from space 1536K, 98% used [0x00000000eb980000,0x00000000ebaf9d80,0x00000000ebb00000)
  to   space 3584K, 0% used [0x00000000eb400000,0x00000000eb400000,0x00000000eb780000)
 ParOldGen       total 324096K, used 324083K [0x00000000c0000000, 0x00000000d3c80000, 0x00000000eab00000)
  object space 324096K, 99% used [0x00000000c0000000,0x00000000d3c7cfc0,0x00000000d3c80000)
 Metaspace       used 56798K, committed 58048K, reserved 1114112K
  class space    used 5851K, committed 6400K, reserved 1048576K
}
Event: 20.244 GC heap before
{Heap before GC invocations=220 (full 3):
 PSYoungGen      total 6656K, used 6631K [0x00000000eab00000, 0x00000000ebb00000, 0x0000000100000000)
  eden space 5120K, 100% used [0x00000000eab00000,0x00000000eb000000,0x00000000eb000000)
  from space 1536K, 98% used [0x00000000eb980000,0x00000000ebaf9d80,0x00000000ebb00000)
  to   space 3584K, 0% used [0x00000000eb400000,0x00000000eb400000,0x00000000eb780000)
 ParOldGen       total 324096K, used 324083K [0x00000000c0000000, 0x00000000d3c80000, 0x00000000eab00000)
  object space 324096K, 99% used [0x00000000c0000000,0x00000000d3c7cfc0,0x00000000d3c80000)
 Metaspace       used 56841K, committed 58112K, reserved 1114112K
  class space    used 5853K, committed 6400K, reserved 1048576K
}
Event: 20.247 GC heap after
{Heap after GC invocations=220 (full 3):
 PSYoungGen      total 9728K, used 1611K [0x00000000eab00000, 0x00000000eba00000, 0x0000000100000000)
  eden space 6144K, 0% used [0x00000000eab00000,0x00000000eab00000,0x00000000eb100000)
  from space 3584K, 44% used [0x00000000eb400000,0x00000000eb592f58,0x00000000eb780000)
  to   space 2560K, 0% used [0x00000000eb780000,0x00000000eb780000,0x00000000eba00000)
 ParOldGen       total 325632K, used 325569K [0x00000000c0000000, 0x00000000d3e00000, 0x00000000eab00000)
  object space 325632K, 99% used [0x00000000c0000000,0x00000000d3df05c0,0x00000000d3e00000)
 Metaspace       used 56841K, committed 58112K, reserved 1114112K
  class space    used 5853K, committed 6400K, reserved 1048576K
}
Event: 20.270 GC heap before
{Heap before GC invocations=221 (full 3):
 PSYoungGen      total 9728K, used 7755K [0x00000000eab00000, 0x00000000eba00000, 0x0000000100000000)
  eden space 6144K, 100% used [0x00000000eab00000,0x00000000eb100000,0x00000000eb100000)
  from space 3584K, 44% used [0x00000000eb400000,0x00000000eb592f58,0x00000000eb780000)
  to   space 2560K, 0% used [0x00000000eb780000,0x00000000eb780000,0x00000000eba00000)
 ParOldGen       total 325632K, used 325569K [0x00000000c0000000, 0x00000000d3e00000, 0x00000000eab00000)
  object space 325632K, 99% used [0x00000000c0000000,0x00000000d3df05c0,0x00000000d3e00000)
 Metaspace       used 56918K, committed 58176K, reserved 1114112K
  class space    used 5856K, committed 6400K, reserved 1048576K
}
Event: 20.272 GC heap after
{Heap after GC invocations=221 (full 3):
 PSYoungGen      total 8192K, used 1747K [0x00000000eab00000, 0x00000000eb980000, 0x0000000100000000)
  eden space 6144K, 0% used [0x00000000eab00000,0x00000000eab00000,0x00000000eb100000)
  from space 2048K, 85% used [0x00000000eb780000,0x00000000eb934ff0,0x00000000eb980000)
  to   space 2048K, 0% used [0x00000000eb580000,0x00000000eb580000,0x00000000eb780000)
 ParOldGen       total 327168K, used 326960K [0x00000000c0000000, 0x00000000d3f80000, 0x00000000eab00000)
  object space 327168K, 99% used [0x00000000c0000000,0x00000000d3f4c3f8,0x00000000d3f80000)
 Metaspace       used 56918K, committed 58176K, reserved 1114112K
  class space    used 5856K, committed 6400K, reserved 1048576K
}
Event: 20.298 GC heap before
{Heap before GC invocations=222 (full 3):
 PSYoungGen      total 8192K, used 7891K [0x00000000eab00000, 0x00000000eb980000, 0x0000000100000000)
  eden space 6144K, 100% used [0x00000000eab00000,0x00000000eb100000,0x00000000eb100000)
  from space 2048K, 85% used [0x00000000eb780000,0x00000000eb934ff0,0x00000000eb980000)
  to   space 2048K, 0% used [0x00000000eb580000,0x00000000eb580000,0x00000000eb780000)
 ParOldGen       total 327168K, used 326960K [0x00000000c0000000, 0x00000000d3f80000, 0x00000000eab00000)
  object space 327168K, 99% used [0x00000000c0000000,0x00000000d3f4c3f8,0x00000000d3f80000)
 Metaspace       used 56957K, committed 58240K, reserved 1114112K
  class space    used 5856K, committed 6400K, reserved 1048576K
}
Event: 20.300 GC heap after
{Heap after GC invocations=222 (full 3):
 PSYoungGen      total 8192K, used 2023K [0x00000000eab00000, 0x00000000eba00000, 0x0000000100000000)
  eden space 6144K, 0% used [0x00000000eab00000,0x00000000eab00000,0x00000000eb100000)
  from space 2048K, 98% used [0x00000000eb580000,0x00000000eb779ed8,0x00000000eb780000)
  to   space 2560K, 0% used [0x00000000eb780000,0x00000000eb780000,0x00000000eba00000)
 ParOldGen       total 329216K, used 328963K [0x00000000c0000000, 0x00000000d4180000, 0x00000000eab00000)
  object space 329216K, 99% used [0x00000000c0000000,0x00000000d4140e80,0x00000000d4180000)
 Metaspace       used 56957K, committed 58240K, reserved 1114112K
  class space    used 5856K, committed 6400K, reserved 1048576K
}
Event: 20.319 GC heap before
{Heap before GC invocations=223 (full 3):
 PSYoungGen      total 8192K, used 8167K [0x00000000eab00000, 0x00000000eba00000, 0x0000000100000000)
  eden space 6144K, 100% used [0x00000000eab00000,0x00000000eb100000,0x00000000eb100000)
  from space 2048K, 98% used [0x00000000eb580000,0x00000000eb779ed8,0x00000000eb780000)
  to   space 2560K, 0% used [0x00000000eb780000,0x00000000eb780000,0x00000000eba00000)
 ParOldGen       total 329216K, used 328963K [0x00000000c0000000, 0x00000000d4180000, 0x00000000eab00000)
  object space 329216K, 99% used [0x00000000c0000000,0x00000000d4140e80,0x00000000d4180000)
 Metaspace       used 56990K, committed 58304K, reserved 1114112K
  class space    used 5859K, committed 6400K, reserved 1048576K
}
Event: 20.322 GC heap after
{Heap after GC invocations=223 (full 3):
 PSYoungGen      total 8192K, used 1970K [0x00000000eab00000, 0x00000000eb980000, 0x0000000100000000)
  eden space 6144K, 0% used [0x00000000eab00000,0x00000000eab00000,0x00000000eb100000)
  from space 2048K, 96% used [0x00000000eb780000,0x00000000eb96ca08,0x00000000eb980000)
  to   space 3072K, 0% used [0x00000000eb380000,0x00000000eb380000,0x00000000eb680000)
 ParOldGen       total 331264K, used 330981K [0x00000000c0000000, 0x00000000d4380000, 0x00000000eab00000)
  object space 331264K, 99% used [0x00000000c0000000,0x00000000d4339788,0x00000000d4380000)
 Metaspace       used 56990K, committed 58304K, reserved 1114112K
  class space    used 5859K, committed 6400K, reserved 1048576K
}
Event: 20.351 GC heap before
{Heap before GC invocations=224 (full 3):
 PSYoungGen      total 8192K, used 8114K [0x00000000eab00000, 0x00000000eb980000, 0x0000000100000000)
  eden space 6144K, 99% used [0x00000000eab00000,0x00000000eb0ffff8,0x00000000eb100000)
  from space 2048K, 96% used [0x00000000eb780000,0x00000000eb96ca08,0x00000000eb980000)
  to   space 3072K, 0% used [0x00000000eb380000,0x00000000eb380000,0x00000000eb680000)
 ParOldGen       total 331264K, used 330981K [0x00000000c0000000, 0x00000000d4380000, 0x00000000eab00000)
  object space 331264K, 99% used [0x00000000c0000000,0x00000000d4339788,0x00000000d4380000)
 Metaspace       used 57030K, committed 58304K, reserved 1114112K
  class space    used 5863K, committed 6400K, reserved 1048576K
}
Event: 20.354 GC heap after
{Heap after GC invocations=224 (full 3):
 PSYoungGen      total 9216K, used 2667K [0x00000000eab00000, 0x00000000eb800000, 0x0000000100000000)
  eden space 6144K, 0% used [0x00000000eab00000,0x00000000eab00000,0x00000000eb100000)
  from space 3072K, 86% used [0x00000000eb380000,0x00000000eb61afa0,0x00000000eb680000)
  to   space 1536K, 0% used [0x00000000eb680000,0x00000000eb680000,0x00000000eb800000)
 ParOldGen       total 332800K, used 332789K [0x00000000c0000000, 0x00000000d4500000, 0x00000000eab00000)
  object space 332800K, 99% used [0x00000000c0000000,0x00000000d44fd6a8,0x00000000d4500000)
 Metaspace       used 57030K, committed 58304K, reserved 1114112K
  class space    used 5863K, committed 6400K, reserved 1048576K
}
Event: 20.427 GC heap before
{Heap before GC invocations=225 (full 3):
 PSYoungGen      total 9216K, used 8811K [0x00000000eab00000, 0x00000000eb800000, 0x0000000100000000)
  eden space 6144K, 100% used [0x00000000eab00000,0x00000000eb100000,0x00000000eb100000)
  from space 3072K, 86% used [0x00000000eb380000,0x00000000eb61afa0,0x00000000eb680000)
  to   space 1536K, 0% used [0x00000000eb680000,0x00000000eb680000,0x00000000eb800000)
 ParOldGen       total 332800K, used 332789K [0x00000000c0000000, 0x00000000d4500000, 0x00000000eab00000)
  object space 332800K, 99% used [0x00000000c0000000,0x00000000d44fd6a8,0x00000000d4500000)
 Metaspace       used 57274K, committed 58496K, reserved 1114112K
  class space    used 5886K, committed 6400K, reserved 1048576K
}
Event: 20.431 GC heap after
{Heap after GC invocations=225 (full 3):
 PSYoungGen      total 6656K, used 1511K [0x00000000eab00000, 0x00000000ebe00000, 0x0000000100000000)
  eden space 5120K, 0% used [0x00000000eab00000,0x00000000eab00000,0x00000000eb000000)
  from space 1536K, 98% used [0x00000000eb680000,0x00000000eb7f9d80,0x00000000eb800000)
  to   space 6656K, 0% used [0x00000000eb000000,0x00000000eb000000,0x00000000eb680000)
 ParOldGen       total 337408K, used 337131K [0x00000000c0000000, 0x00000000d4980000, 0x00000000eab00000)
  object space 337408K, 99% used [0x00000000c0000000,0x00000000d493af70,0x00000000d4980000)
 Metaspace       used 57274K, committed 58496K, reserved 1114112K
  class space    used 5886K, committed 6400K, reserved 1048576K
}
Event: 20.479 GC heap before
{Heap before GC invocations=226 (full 3):
 PSYoungGen      total 6656K, used 6631K [0x00000000eab00000, 0x00000000ebe00000, 0x0000000100000000)
  eden space 5120K, 100% used [0x00000000eab00000,0x00000000eb000000,0x00000000eb000000)
  from space 1536K, 98% used [0x00000000eb680000,0x00000000eb7f9d80,0x00000000eb800000)
  to   space 6656K, 0% used [0x00000000eb000000,0x00000000eb000000,0x00000000eb680000)
 ParOldGen       total 337408K, used 337131K [0x00000000c0000000, 0x00000000d4980000, 0x00000000eab00000)
  object space 337408K, 99% used [0x00000000c0000000,0x00000000d493af70,0x00000000d4980000)
 Metaspace       used 57461K, committed 58688K, reserved 1114112K
  class space    used 5896K, committed 6400K, reserved 1048576K
}
Event: 20.482 GC heap after
{Heap after GC invocations=226 (full 3):
 PSYoungGen      total 9216K, used 3587K [0x00000000eab00000, 0x00000000eb900000, 0x0000000100000000)
  eden space 5120K, 0% used [0x00000000eab00000,0x00000000eab00000,0x00000000eb000000)
  from space 4096K, 87% used [0x00000000eb000000,0x00000000eb380f70,0x00000000eb400000)
  to   space 4608K, 0% used [0x00000000eb480000,0x00000000eb480000,0x00000000eb900000)
 ParOldGen       total 338944K, used 338697K [0x00000000c0000000, 0x00000000d4b00000, 0x00000000eab00000)
  object space 338944K, 99% used [0x00000000c0000000,0x00000000d4ac2740,0x00000000d4b00000)
 Metaspace       used 57461K, committed 58688K, reserved 1114112K
  class space    used 5896K, committed 6400K, reserved 1048576K
}
Event: 20.534 GC heap before
{Heap before GC invocations=227 (full 3):
 PSYoungGen      total 9216K, used 8707K [0x00000000eab00000, 0x00000000eb900000, 0x0000000100000000)
  eden space 5120K, 100% used [0x00000000eab00000,0x00000000eb000000,0x00000000eb000000)
  from space 4096K, 87% used [0x00000000eb000000,0x00000000eb380f70,0x00000000eb400000)
  to   space 4608K, 0% used [0x00000000eb480000,0x00000000eb480000,0x00000000eb900000)
 ParOldGen       total 338944K, used 338697K [0x00000000c0000000, 0x00000000d4b00000, 0x00000000eab00000)
  object space 338944K, 99% used [0x00000000c0000000,0x00000000d4ac2740,0x00000000d4b00000)
 Metaspace       used 57608K, committed 58880K, reserved 1114112K
  class space    used 5897K, committed 6464K, reserved 1048576K
}
Event: 20.538 GC heap after
{Heap after GC invocations=227 (full 3):
 PSYoungGen      total 6656K, used 1510K [0x00000000eab00000, 0x00000000eb600000, 0x0000000100000000)
  eden space 5120K, 0% used [0x00000000eab00000,0x00000000eab00000,0x00000000eb000000)
  from space 1536K, 98% used [0x00000000eb480000,0x00000000eb5f98b0,0x00000000eb600000)
  to   space 2560K, 0% used [0x00000000eb100000,0x00000000eb100000,0x00000000eb380000)
 ParOldGen       total 343040K, used 342053K [0x00000000c0000000, 0x00000000d4f00000, 0x00000000eab00000)
  object space 343040K, 99% used [0x00000000c0000000,0x00000000d4e09630,0x00000000d4f00000)
 Metaspace       used 57608K, committed 58880K, reserved 1114112K
  class space    used 5897K, committed 6464K, reserved 1048576K
}
Event: 20.608 GC heap before
{Heap before GC invocations=228 (full 3):
 PSYoungGen      total 6656K, used 6630K [0x00000000eab00000, 0x00000000eb600000, 0x0000000100000000)
  eden space 5120K, 99% used [0x00000000eab00000,0x00000000eafffff0,0x00000000eb000000)
  from space 1536K, 98% used [0x00000000eb480000,0x00000000eb5f98b0,0x00000000eb600000)
  to   space 2560K, 0% used [0x00000000eb100000,0x00000000eb100000,0x00000000eb380000)
 ParOldGen       total 343040K, used 342053K [0x00000000c0000000, 0x00000000d4f00000, 0x00000000eab00000)
  object space 343040K, 99% used [0x00000000c0000000,0x00000000d4e09630,0x00000000d4f00000)
 Metaspace       used 57694K, committed 59008K, reserved 1114112K
  class space    used 5900K, committed 6464K, reserved 1048576K
}
Event: 20.612 GC heap after
{Heap after GC invocations=228 (full 3):
 PSYoungGen      total 7680K, used 2368K [0x00000000eab00000, 0x00000000eb500000, 0x0000000100000000)
  eden space 5120K, 0% used [0x00000000eab00000,0x00000000eab00000,0x00000000eb000000)
  from space 2560K, 92% used [0x00000000eb100000,0x00000000eb350000,0x00000000eb380000)
  to   space 1536K, 0% used [0x00000000eb380000,0x00000000eb380000,0x00000000eb500000)
 ParOldGen       total 343552K, used 343397K [0x00000000c0000000, 0x00000000d4f80000, 0x00000000eab00000)
  object space 343552K, 99% used [0x00000000c0000000,0x00000000d4f59630,0x00000000d4f80000)
 Metaspace       used 57694K, committed 59008K, reserved 1114112K
  class space    used 5900K, committed 6464K, reserved 1048576K
}

