# JRE version: OpenJDK Runtime Environment Temurin-21.0.6+7 (21.0.6+7) (build 21.0.6+7-LTS)
# Java VM: OpenJDK 64-Bit Server VM Temurin-21.0.6+7 (21.0.6+7-LTS, mixed mode, sharing, tiered, compressed oops, compressed class ptrs, parallel gc, windows-amd64)
GC Precious Log:
 CardTable entry size: 512
 CPUs: 16 total, 16 available
 Memory: 15752M
 Large Page Support: Disabled
 NUMA Support: Disabled
 Compressed Oops: Enabled (32-bit)
 Alignments: Space 512K, Generation 512K, Heap 2M
 Heap Min Capacity: 100M
 Heap Initial Capacity: 100M
 Heap Max Capacity: 1G
 Pre-touch: Disabled
 Parallel Workers: 13
Heap:
 PSYoungGen      total 6656K, used 5524K [0x00000000eab00000, 0x00000000eb380000, 0x0000000100000000)
  eden space 4096K, 100% used [0x00000000eab00000,0x00000000eaf00000,0x00000000eaf00000)
  from space 2560K, 55% used [0x00000000eb100000,0x00000000eb265180,0x00000000eb380000)
  to   space 2048K, 56% used [0x00000000eaf00000,0x00000000eb020700,0x00000000eb100000)
 ParOldGen       total 297984K, used 297983K [0x00000000c0000000, 0x00000000d2300000, 0x00000000eab00000)
  object space 297984K, 99% used [0x00000000c0000000,0x00000000d22ffe48,0x00000000d2300000)
 Metaspace       used 57173K, committed 58496K, reserved 1114112K
  class space    used 5860K, committed 6464K, reserved 1048576K
GC Heap History (20 events):
Event: 8.370 GC heap after
{Heap after GC invocations=189 (full 2):
 PSYoungGen      total 4608K, used 882K [0x00000000eab00000, 0x00000000eb180000, 0x0000000100000000)
  eden space 3584K, 0% used [0x00000000eab00000,0x00000000eab00000,0x00000000eae80000)
  from space 1024K, 86% used [0x00000000eae80000,0x00000000eaf5cb70,0x00000000eaf80000)
  to   space 1536K, 0% used [0x00000000eb000000,0x00000000eb000000,0x00000000eb180000)
 ParOldGen       total 289280K, used 289078K [0x00000000c0000000, 0x00000000d1a80000, 0x00000000eab00000)
  object space 289280K, 99% used [0x00000000c0000000,0x00000000d1a4d938,0x00000000d1a80000)
 Metaspace       used 57006K, committed 58304K, reserved 1114112K
  class space    used 5844K, committed 6400K, reserved 1048576K
}
Event: 8.376 GC heap before
{Heap before GC invocations=190 (full 2):
 PSYoungGen      total 4608K, used 4466K [0x00000000eab00000, 0x00000000eb180000, 0x0000000100000000)
  eden space 3584K, 100% used [0x00000000eab00000,0x00000000eae80000,0x00000000eae80000)
  from space 1024K, 86% used [0x00000000eae80000,0x00000000eaf5cb70,0x00000000eaf80000)
  to   space 1536K, 0% used [0x00000000eb000000,0x00000000eb000000,0x00000000eb180000)
 ParOldGen       total 289280K, used 289078K [0x00000000c0000000, 0x00000000d1a80000, 0x00000000eab00000)
  object space 289280K, 99% used [0x00000000c0000000,0x00000000d1a4d938,0x00000000d1a80000)
 Metaspace       used 57014K, committed 58304K, reserved 1114112K
  class space    used 5844K, committed 6400K, reserved 1048576K
}
Event: 8.377 GC heap after
{Heap after GC invocations=190 (full 2):
 PSYoungGen      total 5120K, used 1042K [0x00000000eab00000, 0x00000000eb180000, 0x0000000100000000)
  eden space 3584K, 0% used [0x00000000eab00000,0x00000000eab00000,0x00000000eae80000)
  from space 1536K, 67% used [0x00000000eb000000,0x00000000eb104990,0x00000000eb180000)
  to   space 1536K, 0% used [0x00000000eae80000,0x00000000eae80000,0x00000000eb000000)
 ParOldGen       total 289792K, used 289761K [0x00000000c0000000, 0x00000000d1b00000, 0x00000000eab00000)
  object space 289792K, 99% used [0x00000000c0000000,0x00000000d1af86d8,0x00000000d1b00000)
 Metaspace       used 57014K, committed 58304K, reserved 1114112K
  class space    used 5844K, committed 6400K, reserved 1048576K
}
Event: 8.384 GC heap before
{Heap before GC invocations=191 (full 2):
 PSYoungGen      total 5120K, used 4626K [0x00000000eab00000, 0x00000000eb180000, 0x0000000100000000)
  eden space 3584K, 100% used [0x00000000eab00000,0x00000000eae80000,0x00000000eae80000)
  from space 1536K, 67% used [0x00000000eb000000,0x00000000eb104990,0x00000000eb180000)
  to   space 1536K, 0% used [0x00000000eae80000,0x00000000eae80000,0x00000000eb000000)
 ParOldGen       total 289792K, used 289761K [0x00000000c0000000, 0x00000000d1b00000, 0x00000000eab00000)
  object space 289792K, 99% used [0x00000000c0000000,0x00000000d1af86d8,0x00000000d1b00000)
 Metaspace       used 57038K, committed 58304K, reserved 1114112K
  class space    used 5847K, committed 6400K, reserved 1048576K
}
Event: 8.385 GC heap after
{Heap after GC invocations=191 (full 2):
 PSYoungGen      total 5120K, used 1241K [0x00000000eab00000, 0x00000000eb180000, 0x0000000100000000)
  eden space 3584K, 0% used [0x00000000eab00000,0x00000000eab00000,0x00000000eae80000)
  from space 1536K, 80% used [0x00000000eae80000,0x00000000eafb6410,0x00000000eb000000)
  to   space 1536K, 0% used [0x00000000eb000000,0x00000000eb000000,0x00000000eb180000)
 ParOldGen       total 290816K, used 290574K [0x00000000c0000000, 0x00000000d1c00000, 0x00000000eab00000)
  object space 290816K, 99% used [0x00000000c0000000,0x00000000d1bc3ab0,0x00000000d1c00000)
 Metaspace       used 57038K, committed 58304K, reserved 1114112K
  class space    used 5847K, committed 6400K, reserved 1048576K
}
Event: 8.392 GC heap before
{Heap before GC invocations=192 (full 2):
 PSYoungGen      total 5120K, used 4824K [0x00000000eab00000, 0x00000000eb180000, 0x0000000100000000)
  eden space 3584K, 99% used [0x00000000eab00000,0x00000000eae7ffb8,0x00000000eae80000)
  from space 1536K, 80% used [0x00000000eae80000,0x00000000eafb6410,0x00000000eb000000)
  to   space 1536K, 0% used [0x00000000eb000000,0x00000000eb000000,0x00000000eb180000)
 ParOldGen       total 290816K, used 290574K [0x00000000c0000000, 0x00000000d1c00000, 0x00000000eab00000)
  object space 290816K, 99% used [0x00000000c0000000,0x00000000d1bc3ab0,0x00000000d1c00000)
 Metaspace       used 57052K, committed 58368K, reserved 1114112K
  class space    used 5847K, committed 6400K, reserved 1048576K
}
Event: 8.393 GC heap after
{Heap after GC invocations=192 (full 2):
 PSYoungGen      total 5120K, used 964K [0x00000000eab00000, 0x00000000eb180000, 0x0000000100000000)
  eden space 3584K, 0% used [0x00000000eab00000,0x00000000eab00000,0x00000000eae80000)
  from space 1536K, 62% used [0x00000000eb000000,0x00000000eb0f1210,0x00000000eb180000)
  to   space 1536K, 0% used [0x00000000eae80000,0x00000000eae80000,0x00000000eb000000)
 ParOldGen       total 291840K, used 291596K [0x00000000c0000000, 0x00000000d1d00000, 0x00000000eab00000)
  object space 291840K, 99% used [0x00000000c0000000,0x00000000d1cc3050,0x00000000d1d00000)
 Metaspace       used 57052K, committed 58368K, reserved 1114112K
  class space    used 5847K, committed 6400K, reserved 1048576K
}
Event: 8.402 GC heap before
{Heap before GC invocations=193 (full 2):
 PSYoungGen      total 5120K, used 4548K [0x00000000eab00000, 0x00000000eb180000, 0x0000000100000000)
  eden space 3584K, 100% used [0x00000000eab00000,0x00000000eae80000,0x00000000eae80000)
  from space 1536K, 62% used [0x00000000eb000000,0x00000000eb0f1210,0x00000000eb180000)
  to   space 1536K, 0% used [0x00000000eae80000,0x00000000eae80000,0x00000000eb000000)
 ParOldGen       total 291840K, used 291596K [0x00000000c0000000, 0x00000000d1d00000, 0x00000000eab00000)
  object space 291840K, 99% used [0x00000000c0000000,0x00000000d1cc3050,0x00000000d1d00000)
 Metaspace       used 57055K, committed 58368K, reserved 1114112K
  class space    used 5847K, committed 6400K, reserved 1048576K
}
Event: 8.404 GC heap after
{Heap after GC invocations=193 (full 2):
 PSYoungGen      total 5120K, used 1080K [0x00000000eab00000, 0x00000000eb180000, 0x0000000100000000)
  eden space 3584K, 0% used [0x00000000eab00000,0x00000000eab00000,0x00000000eae80000)
  from space 1536K, 70% used [0x00000000eae80000,0x00000000eaf8e170,0x00000000eb000000)
  to   space 1536K, 0% used [0x00000000eb000000,0x00000000eb000000,0x00000000eb180000)
 ParOldGen       total 292864K, used 292484K [0x00000000c0000000, 0x00000000d1e00000, 0x00000000eab00000)
  object space 292864K, 99% used [0x00000000c0000000,0x00000000d1da1040,0x00000000d1e00000)
 Metaspace       used 57055K, committed 58368K, reserved 1114112K
  class space    used 5847K, committed 6400K, reserved 1048576K
}
Event: 8.411 GC heap before
{Heap before GC invocations=194 (full 2):
 PSYoungGen      total 5120K, used 4664K [0x00000000eab00000, 0x00000000eb180000, 0x0000000100000000)
  eden space 3584K, 100% used [0x00000000eab00000,0x00000000eae80000,0x00000000eae80000)
  from space 1536K, 70% used [0x00000000eae80000,0x00000000eaf8e170,0x00000000eb000000)
  to   space 1536K, 0% used [0x00000000eb000000,0x00000000eb000000,0x00000000eb180000)
 ParOldGen       total 292864K, used 292484K [0x00000000c0000000, 0x00000000d1e00000, 0x00000000eab00000)
  object space 292864K, 99% used [0x00000000c0000000,0x00000000d1da1040,0x00000000d1e00000)
 Metaspace       used 57068K, committed 58368K, reserved 1114112K
  class space    used 5850K, committed 6400K, reserved 1048576K
}
Event: 8.412 GC heap after
{Heap after GC invocations=194 (full 2):
 PSYoungGen      total 5120K, used 1003K [0x00000000eab00000, 0x00000000eb180000, 0x0000000100000000)
  eden space 3584K, 0% used [0x00000000eab00000,0x00000000eab00000,0x00000000eae80000)
  from space 1536K, 65% used [0x00000000eb000000,0x00000000eb0fafe8,0x00000000eb180000)
  to   space 1536K, 0% used [0x00000000eae80000,0x00000000eae80000,0x00000000eb000000)
 ParOldGen       total 293376K, used 293368K [0x00000000c0000000, 0x00000000d1e80000, 0x00000000eab00000)
  object space 293376K, 99% used [0x00000000c0000000,0x00000000d1e7e3c8,0x00000000d1e80000)
 Metaspace       used 57068K, committed 58368K, reserved 1114112K
  class space    used 5850K, committed 6400K, reserved 1048576K
}
Event: 8.421 GC heap before
{Heap before GC invocations=195 (full 2):
 PSYoungGen      total 5120K, used 4587K [0x00000000eab00000, 0x00000000eb180000, 0x0000000100000000)
  eden space 3584K, 100% used [0x00000000eab00000,0x00000000eae80000,0x00000000eae80000)
  from space 1536K, 65% used [0x00000000eb000000,0x00000000eb0fafe8,0x00000000eb180000)
  to   space 1536K, 0% used [0x00000000eae80000,0x00000000eae80000,0x00000000eb000000)
 ParOldGen       total 293376K, used 293368K [0x00000000c0000000, 0x00000000d1e80000, 0x00000000eab00000)
  object space 293376K, 99% used [0x00000000c0000000,0x00000000d1e7e3c8,0x00000000d1e80000)
 Metaspace       used 57094K, committed 58368K, reserved 1114112K
  class space    used 5853K, committed 6400K, reserved 1048576K
}
Event: 8.422 GC heap after
{Heap after GC invocations=195 (full 2):
 PSYoungGen      total 4608K, used 1017K [0x00000000eab00000, 0x00000000eb080000, 0x0000000100000000)
  eden space 3584K, 0% used [0x00000000eab00000,0x00000000eab00000,0x00000000eae80000)
  from space 1024K, 99% used [0x00000000eae80000,0x00000000eaf7e580,0x00000000eaf80000)
  to   space 1024K, 0% used [0x00000000eaf80000,0x00000000eaf80000,0x00000000eb080000)
 ParOldGen       total 294400K, used 294220K [0x00000000c0000000, 0x00000000d1f80000, 0x00000000eab00000)
  object space 294400K, 99% used [0x00000000c0000000,0x00000000d1f532f0,0x00000000d1f80000)
 Metaspace       used 57094K, committed 58368K, reserved 1114112K
  class space    used 5853K, committed 6400K, reserved 1048576K
}
Event: 8.429 GC heap before
{Heap before GC invocations=196 (full 2):
 PSYoungGen      total 4608K, used 4601K [0x00000000eab00000, 0x00000000eb080000, 0x0000000100000000)
  eden space 3584K, 100% used [0x00000000eab00000,0x00000000eae80000,0x00000000eae80000)
  from space 1024K, 99% used [0x00000000eae80000,0x00000000eaf7e580,0x00000000eaf80000)
  to   space 1024K, 0% used [0x00000000eaf80000,0x00000000eaf80000,0x00000000eb080000)
 ParOldGen       total 294400K, used 294220K [0x00000000c0000000, 0x00000000d1f80000, 0x00000000eab00000)
  object space 294400K, 99% used [0x00000000c0000000,0x00000000d1f532f0,0x00000000d1f80000)
 Metaspace       used 57115K, committed 58368K, reserved 1114112K
  class space    used 5853K, committed 6400K, reserved 1048576K
}
Event: 8.430 GC heap after
{Heap after GC invocations=196 (full 2):
 PSYoungGen      total 4608K, used 1005K [0x00000000eab00000, 0x00000000eb080000, 0x0000000100000000)
  eden space 3584K, 0% used [0x00000000eab00000,0x00000000eab00000,0x00000000eae80000)
  from space 1024K, 98% used [0x00000000eaf80000,0x00000000eb07b7d8,0x00000000eb080000)
  to   space 1024K, 0% used [0x00000000eae80000,0x00000000eae80000,0x00000000eaf80000)
 ParOldGen       total 295424K, used 295348K [0x00000000c0000000, 0x00000000d2080000, 0x00000000eab00000)
  object space 295424K, 99% used [0x00000000c0000000,0x00000000d206d2b0,0x00000000d2080000)
 Metaspace       used 57115K, committed 58368K, reserved 1114112K
  class space    used 5853K, committed 6400K, reserved 1048576K
}
Event: 8.435 GC heap before
{Heap before GC invocations=197 (full 2):
 PSYoungGen      total 4608K, used 4574K [0x00000000eab00000, 0x00000000eb080000, 0x0000000100000000)
  eden space 3584K, 99% used [0x00000000eab00000,0x00000000eae7c0f0,0x00000000eae80000)
  from space 1024K, 98% used [0x00000000eaf80000,0x00000000eb07b7d8,0x00000000eb080000)
  to   space 1024K, 0% used [0x00000000eae80000,0x00000000eae80000,0x00000000eaf80000)
 ParOldGen       total 295424K, used 295348K [0x00000000c0000000, 0x00000000d2080000, 0x00000000eab00000)
  object space 295424K, 99% used [0x00000000c0000000,0x00000000d206d2b0,0x00000000d2080000)
 Metaspace       used 57149K, committed 58432K, reserved 1114112K
  class space    used 5856K, committed 6400K, reserved 1048576K
}
Event: 8.437 GC heap after
{Heap after GC invocations=197 (full 2):
 PSYoungGen      total 4608K, used 1020K [0x00000000eab00000, 0x00000000eb380000, 0x0000000100000000)
  eden space 3584K, 0% used [0x00000000eab00000,0x00000000eab00000,0x00000000eae80000)
  from space 1024K, 99% used [0x00000000eae80000,0x00000000eaf7f018,0x00000000eaf80000)
  to   space 2560K, 0% used [0x00000000eb100000,0x00000000eb100000,0x00000000eb380000)
 ParOldGen       total 296448K, used 296274K [0x00000000c0000000, 0x00000000d2180000, 0x00000000eab00000)
  object space 296448K, 99% used [0x00000000c0000000,0x00000000d2154bb0,0x00000000d2180000)
 Metaspace       used 57149K, committed 58432K, reserved 1114112K
  class space    used 5856K, committed 6400K, reserved 1048576K
}
Event: 8.441 GC heap before
{Heap before GC invocations=198 (full 2):
 PSYoungGen      total 4608K, used 4595K [0x00000000eab00000, 0x00000000eb380000, 0x0000000100000000)
  eden space 3584K, 99% used [0x00000000eab00000,0x00000000eae7dee8,0x00000000eae80000)
  from space 1024K, 99% used [0x00000000eae80000,0x00000000eaf7f018,0x00000000eaf80000)
  to   space 2560K, 0% used [0x00000000eb100000,0x00000000eb100000,0x00000000eb380000)
 ParOldGen       total 296448K, used 296274K [0x00000000c0000000, 0x00000000d2180000, 0x00000000eab00000)
  object space 296448K, 99% used [0x00000000c0000000,0x00000000d2154bb0,0x00000000d2180000)
 Metaspace       used 57172K, committed 58496K, reserved 1114112K
  class space    used 5860K, committed 6464K, reserved 1048576K
}
Event: 8.443 GC heap after
{Heap after GC invocations=198 (full 2):
 PSYoungGen      total 6656K, used 1428K [0x00000000eab00000, 0x00000000eb380000, 0x0000000100000000)
  eden space 4096K, 0% used [0x00000000eab00000,0x00000000eab00000,0x00000000eaf00000)
  from space 2560K, 55% used [0x00000000eb100000,0x00000000eb265180,0x00000000eb380000)
  to   space 2048K, 0% used [0x00000000eaf00000,0x00000000eaf00000,0x00000000eb100000)
 ParOldGen       total 297472K, used 297138K [0x00000000c0000000, 0x00000000d2280000, 0x00000000eab00000)
  object space 297472K, 99% used [0x00000000c0000000,0x00000000d222cb80,0x00000000d2280000)
 Metaspace       used 57172K, committed 58496K, reserved 1114112K
  class space    used 5860K, committed 6464K, reserved 1048576K
}
Event: 8.449 GC heap before
{Heap before GC invocations=199 (full 2):
 PSYoungGen      total 6656K, used 5524K [0x00000000eab00000, 0x00000000eb380000, 0x0000000100000000)
  eden space 4096K, 100% used [0x00000000eab00000,0x00000000eaf00000,0x00000000eaf00000)
  from space 2560K, 55% used [0x00000000eb100000,0x00000000eb265180,0x00000000eb380000)
  to   space 2048K, 0% used [0x00000000eaf00000,0x00000000eaf00000,0x00000000eb100000)
 ParOldGen       total 297472K, used 297138K [0x00000000c0000000, 0x00000000d2280000, 0x00000000eab00000)
  object space 297472K, 99% used [0x00000000c0000000,0x00000000d222cb80,0x00000000d2280000)
 Metaspace       used 57173K, committed 58496K, reserved 1114112K
  class space    used 5860K, committed 6464K, reserved 1048576K
}

