# JRE version: OpenJDK Runtime Environment Temurin-21.0.6+7 (21.0.6+7) (build 21.0.6+7-LTS)
# Java VM: OpenJDK 64-Bit Server VM Temurin-21.0.6+7 (21.0.6+7-LTS, mixed mode, sharing, tiered, compressed oops, compressed class ptrs, parallel gc, windows-amd64)
GC Precious Log:
 CardTable entry size: 512
 CPUs: 16 total, 16 available
 Memory: 15752M
 Large Page Support: Disabled
 NUMA Support: Disabled
 Compressed Oops: Enabled (32-bit)
 Alignments: Space 512K, Generation 512K, Heap 2M
 Heap Min Capacity: 100M
 Heap Initial Capacity: 100M
 Heap Max Capacity: 1G
 Pre-touch: Disabled
 Parallel Workers: 13
Heap:
 PSYoungGen      total 8704K, used 4088K [0x00000000eab00000, 0x00000000eb580000, 0x0000000100000000)
  eden space 7168K, 37% used [0x00000000eab00000,0x00000000ead9aee0,0x00000000eb200000)
  from space 1536K, 92% used [0x00000000eb400000,0x00000000eb5631e0,0x00000000eb580000)
  to   space 1536K, 0% used [0x00000000eb280000,0x00000000eb280000,0x00000000eb400000)
 ParOldGen       total 278016K, used 277996K [0x00000000c0000000, 0x00000000d0f80000, 0x00000000eab00000)
  object space 278016K, 99% used [0x00000000c0000000,0x00000000d0f7b120,0x00000000d0f80000)
 Metaspace       used 55737K, committed 57088K, reserved 1114112K
  class space    used 5758K, committed 6400K, reserved 1048576K
GC Heap History (20 events):
Event: 6.656 GC heap after
{Heap after GC invocations=257 (full 2):
 PSYoungGen      total 6144K, used 1524K [0x00000000eab00000, 0x00000000eb580000, 0x0000000100000000)
  eden space 4608K, 0% used [0x00000000eab00000,0x00000000eab00000,0x00000000eaf80000)
  from space 1536K, 99% used [0x00000000eaf80000,0x00000000eb0fd0d0,0x00000000eb100000)
  to   space 3072K, 0% used [0x00000000eb280000,0x00000000eb280000,0x00000000eb580000)
 ParOldGen       total 267776K, used 267567K [0x00000000c0000000, 0x00000000d0580000, 0x00000000eab00000)
  object space 267776K, 99% used [0x00000000c0000000,0x00000000d054bff8,0x00000000d0580000)
 Metaspace       used 54576K, committed 55936K, reserved 1114112K
  class space    used 5644K, committed 6272K, reserved 1048576K
}
Event: 6.660 GC heap before
{Heap before GC invocations=258 (full 2):
 PSYoungGen      total 6144K, used 6132K [0x00000000eab00000, 0x00000000eb580000, 0x0000000100000000)
  eden space 4608K, 100% used [0x00000000eab00000,0x00000000eaf80000,0x00000000eaf80000)
  from space 1536K, 99% used [0x00000000eaf80000,0x00000000eb0fd0d0,0x00000000eb100000)
  to   space 3072K, 0% used [0x00000000eb280000,0x00000000eb280000,0x00000000eb580000)
 ParOldGen       total 267776K, used 267567K [0x00000000c0000000, 0x00000000d0580000, 0x00000000eab00000)
  object space 267776K, 99% used [0x00000000c0000000,0x00000000d054bff8,0x00000000d0580000)
 Metaspace       used 54577K, committed 55936K, reserved 1114112K
  class space    used 5644K, committed 6272K, reserved 1048576K
}
Event: 7.674 GC heap after
{Heap after GC invocations=258 (full 2):
 PSYoungGen      total 7680K, used 1240K [0x00000000eab00000, 0x00000000eb480000, 0x0000000100000000)
  eden space 5632K, 0% used [0x00000000eab00000,0x00000000eab00000,0x00000000eb080000)
  from space 2048K, 60% used [0x00000000eb280000,0x00000000eb3b63d0,0x00000000eb480000)
  to   space 2048K, 0% used [0x00000000eb080000,0x00000000eb080000,0x00000000eb280000)
 ParOldGen       total 268800K, used 268517K [0x00000000c0000000, 0x00000000d0680000, 0x00000000eab00000)
  object space 268800K, 99% used [0x00000000c0000000,0x00000000d0639658,0x00000000d0680000)
 Metaspace       used 54577K, committed 55936K, reserved 1114112K
  class space    used 5644K, committed 6272K, reserved 1048576K
}
Event: 7.678 GC heap before
{Heap before GC invocations=259 (full 2):
 PSYoungGen      total 7680K, used 6872K [0x00000000eab00000, 0x00000000eb480000, 0x0000000100000000)
  eden space 5632K, 100% used [0x00000000eab00000,0x00000000eb080000,0x00000000eb080000)
  from space 2048K, 60% used [0x00000000eb280000,0x00000000eb3b63d0,0x00000000eb480000)
  to   space 2048K, 0% used [0x00000000eb080000,0x00000000eb080000,0x00000000eb280000)
 ParOldGen       total 268800K, used 268517K [0x00000000c0000000, 0x00000000d0680000, 0x00000000eab00000)
  object space 268800K, 99% used [0x00000000c0000000,0x00000000d0639658,0x00000000d0680000)
 Metaspace       used 54597K, committed 55936K, reserved 1114112K
  class space    used 5644K, committed 6272K, reserved 1048576K
}
Event: 7.679 GC heap after
{Heap after GC invocations=259 (full 2):
 PSYoungGen      total 7680K, used 1227K [0x00000000eab00000, 0x00000000eb500000, 0x0000000100000000)
  eden space 5632K, 0% used [0x00000000eab00000,0x00000000eab00000,0x00000000eb080000)
  from space 2048K, 59% used [0x00000000eb080000,0x00000000eb1b2d00,0x00000000eb280000)
  to   space 1536K, 0% used [0x00000000eb380000,0x00000000eb380000,0x00000000eb500000)
 ParOldGen       total 269312K, used 269159K [0x00000000c0000000, 0x00000000d0700000, 0x00000000eab00000)
  object space 269312K, 99% used [0x00000000c0000000,0x00000000d06d9c60,0x00000000d0700000)
 Metaspace       used 54597K, committed 55936K, reserved 1114112K
  class space    used 5644K, committed 6272K, reserved 1048576K
}
Event: 7.682 GC heap before
{Heap before GC invocations=260 (full 2):
 PSYoungGen      total 7680K, used 6859K [0x00000000eab00000, 0x00000000eb500000, 0x0000000100000000)
  eden space 5632K, 100% used [0x00000000eab00000,0x00000000eb080000,0x00000000eb080000)
  from space 2048K, 59% used [0x00000000eb080000,0x00000000eb1b2d00,0x00000000eb280000)
  to   space 1536K, 0% used [0x00000000eb380000,0x00000000eb380000,0x00000000eb500000)
 ParOldGen       total 269312K, used 269159K [0x00000000c0000000, 0x00000000d0700000, 0x00000000eab00000)
  object space 269312K, 99% used [0x00000000c0000000,0x00000000d06d9c60,0x00000000d0700000)
 Metaspace       used 54605K, committed 55936K, reserved 1114112K
  class space    used 5645K, committed 6272K, reserved 1048576K
}
Event: 7.684 GC heap after
{Heap after GC invocations=260 (full 2):
 PSYoungGen      total 7168K, used 1521K [0x00000000eab00000, 0x00000000eb800000, 0x0000000100000000)
  eden space 5632K, 0% used [0x00000000eab00000,0x00000000eab00000,0x00000000eb080000)
  from space 1536K, 99% used [0x00000000eb380000,0x00000000eb4fc688,0x00000000eb500000)
  to   space 3072K, 0% used [0x00000000eb080000,0x00000000eb080000,0x00000000eb380000)
 ParOldGen       total 270336K, used 270064K [0x00000000c0000000, 0x00000000d0800000, 0x00000000eab00000)
  object space 270336K, 99% used [0x00000000c0000000,0x00000000d07bc088,0x00000000d0800000)
 Metaspace       used 54605K, committed 55936K, reserved 1114112K
  class space    used 5645K, committed 6272K, reserved 1048576K
}
Event: 7.687 GC heap before
{Heap before GC invocations=261 (full 2):
 PSYoungGen      total 7168K, used 7153K [0x00000000eab00000, 0x00000000eb800000, 0x0000000100000000)
  eden space 5632K, 100% used [0x00000000eab00000,0x00000000eb080000,0x00000000eb080000)
  from space 1536K, 99% used [0x00000000eb380000,0x00000000eb4fc688,0x00000000eb500000)
  to   space 3072K, 0% used [0x00000000eb080000,0x00000000eb080000,0x00000000eb380000)
 ParOldGen       total 270336K, used 270064K [0x00000000c0000000, 0x00000000d0800000, 0x00000000eab00000)
  object space 270336K, 99% used [0x00000000c0000000,0x00000000d07bc088,0x00000000d0800000)
 Metaspace       used 54615K, committed 56000K, reserved 1114112K
  class space    used 5647K, committed 6272K, reserved 1048576K
}
Event: 7.688 GC heap after
{Heap after GC invocations=261 (full 2):
 PSYoungGen      total 8704K, used 1292K [0x00000000eab00000, 0x00000000eb600000, 0x0000000100000000)
  eden space 5632K, 0% used [0x00000000eab00000,0x00000000eab00000,0x00000000eb080000)
  from space 3072K, 42% used [0x00000000eb080000,0x00000000eb1c3180,0x00000000eb380000)
  to   space 2048K, 0% used [0x00000000eb400000,0x00000000eb400000,0x00000000eb600000)
 ParOldGen       total 271360K, used 270911K [0x00000000c0000000, 0x00000000d0900000, 0x00000000eab00000)
  object space 271360K, 99% used [0x00000000c0000000,0x00000000d088fde0,0x00000000d0900000)
 Metaspace       used 54615K, committed 56000K, reserved 1114112K
  class space    used 5647K, committed 6272K, reserved 1048576K
}
Event: 7.711 GC heap before
{Heap before GC invocations=262 (full 2):
 PSYoungGen      total 8704K, used 6924K [0x00000000eab00000, 0x00000000eb600000, 0x0000000100000000)
  eden space 5632K, 100% used [0x00000000eab00000,0x00000000eb080000,0x00000000eb080000)
  from space 3072K, 42% used [0x00000000eb080000,0x00000000eb1c3180,0x00000000eb380000)
  to   space 2048K, 0% used [0x00000000eb400000,0x00000000eb400000,0x00000000eb600000)
 ParOldGen       total 271360K, used 270911K [0x00000000c0000000, 0x00000000d0900000, 0x00000000eab00000)
  object space 271360K, 99% used [0x00000000c0000000,0x00000000d088fde0,0x00000000d0900000)
 Metaspace       used 54707K, committed 56064K, reserved 1114112K
  class space    used 5657K, committed 6272K, reserved 1048576K
}
Event: 7.712 GC heap after
{Heap after GC invocations=262 (full 2):
 PSYoungGen      total 9216K, used 1751K [0x00000000eab00000, 0x00000000eb600000, 0x0000000100000000)
  eden space 7168K, 0% used [0x00000000eab00000,0x00000000eab00000,0x00000000eb200000)
  from space 2048K, 85% used [0x00000000eb400000,0x00000000eb5b5d88,0x00000000eb600000)
  to   space 2048K, 0% used [0x00000000eb200000,0x00000000eb200000,0x00000000eb400000)
 ParOldGen       total 271872K, used 271362K [0x00000000c0000000, 0x00000000d0980000, 0x00000000eab00000)
  object space 271872K, 99% used [0x00000000c0000000,0x00000000d0900b38,0x00000000d0980000)
 Metaspace       used 54707K, committed 56064K, reserved 1114112K
  class space    used 5657K, committed 6272K, reserved 1048576K
}
Event: 7.724 GC heap before
{Heap before GC invocations=263 (full 2):
 PSYoungGen      total 9216K, used 8919K [0x00000000eab00000, 0x00000000eb600000, 0x0000000100000000)
  eden space 7168K, 100% used [0x00000000eab00000,0x00000000eb200000,0x00000000eb200000)
  from space 2048K, 85% used [0x00000000eb400000,0x00000000eb5b5d88,0x00000000eb600000)
  to   space 2048K, 0% used [0x00000000eb200000,0x00000000eb200000,0x00000000eb400000)
 ParOldGen       total 271872K, used 271362K [0x00000000c0000000, 0x00000000d0980000, 0x00000000eab00000)
  object space 271872K, 99% used [0x00000000c0000000,0x00000000d0900b38,0x00000000d0980000)
 Metaspace       used 55007K, committed 56384K, reserved 1114112K
  class space    used 5677K, committed 6336K, reserved 1048576K
}
Event: 7.725 GC heap after
{Heap after GC invocations=263 (full 2):
 PSYoungGen      total 8704K, used 1236K [0x00000000eab00000, 0x00000000eb500000, 0x0000000100000000)
  eden space 7168K, 0% used [0x00000000eab00000,0x00000000eab00000,0x00000000eb200000)
  from space 1536K, 80% used [0x00000000eb200000,0x00000000eb3353b0,0x00000000eb380000)
  to   space 1536K, 0% used [0x00000000eb380000,0x00000000eb380000,0x00000000eb500000)
 ParOldGen       total 272384K, used 271996K [0x00000000c0000000, 0x00000000d0a00000, 0x00000000eab00000)
  object space 272384K, 99% used [0x00000000c0000000,0x00000000d099f1c8,0x00000000d0a00000)
 Metaspace       used 55007K, committed 56384K, reserved 1114112K
  class space    used 5677K, committed 6336K, reserved 1048576K
}
Event: 7.736 GC heap before
{Heap before GC invocations=264 (full 2):
 PSYoungGen      total 8704K, used 8404K [0x00000000eab00000, 0x00000000eb500000, 0x0000000100000000)
  eden space 7168K, 100% used [0x00000000eab00000,0x00000000eb200000,0x00000000eb200000)
  from space 1536K, 80% used [0x00000000eb200000,0x00000000eb3353b0,0x00000000eb380000)
  to   space 1536K, 0% used [0x00000000eb380000,0x00000000eb380000,0x00000000eb500000)
 ParOldGen       total 272384K, used 271996K [0x00000000c0000000, 0x00000000d0a00000, 0x00000000eab00000)
  object space 272384K, 99% used [0x00000000c0000000,0x00000000d099f1c8,0x00000000d0a00000)
 Metaspace       used 55108K, committed 56512K, reserved 1114112K
  class space    used 5692K, committed 6336K, reserved 1048576K
}
Event: 7.738 GC heap after
{Heap after GC invocations=264 (full 2):
 PSYoungGen      total 7168K, used 1523K [0x00000000eab00000, 0x00000000eb800000, 0x0000000100000000)
  eden space 5632K, 0% used [0x00000000eab00000,0x00000000eab00000,0x00000000eb080000)
  from space 1536K, 99% used [0x00000000eb380000,0x00000000eb4fcc80,0x00000000eb500000)
  to   space 3072K, 0% used [0x00000000eb080000,0x00000000eb080000,0x00000000eb380000)
 ParOldGen       total 273408K, used 273013K [0x00000000c0000000, 0x00000000d0b00000, 0x00000000eab00000)
  object space 273408K, 99% used [0x00000000c0000000,0x00000000d0a9d770,0x00000000d0b00000)
 Metaspace       used 55108K, committed 56512K, reserved 1114112K
  class space    used 5692K, committed 6336K, reserved 1048576K
}
Event: 7.754 GC heap before
{Heap before GC invocations=265 (full 2):
 PSYoungGen      total 7168K, used 7153K [0x00000000eab00000, 0x00000000eb800000, 0x0000000100000000)
  eden space 5632K, 99% used [0x00000000eab00000,0x00000000eb07f830,0x00000000eb080000)
  from space 1536K, 99% used [0x00000000eb380000,0x00000000eb4fcc80,0x00000000eb500000)
  to   space 3072K, 0% used [0x00000000eb080000,0x00000000eb080000,0x00000000eb380000)
 ParOldGen       total 273408K, used 273013K [0x00000000c0000000, 0x00000000d0b00000, 0x00000000eab00000)
  object space 273408K, 99% used [0x00000000c0000000,0x00000000d0a9d770,0x00000000d0b00000)
 Metaspace       used 55267K, committed 56640K, reserved 1114112K
  class space    used 5707K, committed 6336K, reserved 1048576K
}
Event: 7.756 GC heap after
{Heap after GC invocations=265 (full 2):
 PSYoungGen      total 7168K, used 1460K [0x00000000eab00000, 0x00000000eb480000, 0x0000000100000000)
  eden space 5632K, 0% used [0x00000000eab00000,0x00000000eab00000,0x00000000eb080000)
  from space 1536K, 95% used [0x00000000eb080000,0x00000000eb1ed170,0x00000000eb200000)
  to   space 2048K, 0% used [0x00000000eb280000,0x00000000eb280000,0x00000000eb480000)
 ParOldGen       total 274432K, used 274406K [0x00000000c0000000, 0x00000000d0c00000, 0x00000000eab00000)
  object space 274432K, 99% used [0x00000000c0000000,0x00000000d0bf9ba0,0x00000000d0c00000)
 Metaspace       used 55267K, committed 56640K, reserved 1114112K
  class space    used 5707K, committed 6336K, reserved 1048576K
}
Event: 7.773 GC heap before
{Heap before GC invocations=266 (full 2):
 PSYoungGen      total 7168K, used 7092K [0x00000000eab00000, 0x00000000eb480000, 0x0000000100000000)
  eden space 5632K, 100% used [0x00000000eab00000,0x00000000eb080000,0x00000000eb080000)
  from space 1536K, 95% used [0x00000000eb080000,0x00000000eb1ed170,0x00000000eb200000)
  to   space 2048K, 0% used [0x00000000eb280000,0x00000000eb280000,0x00000000eb480000)
 ParOldGen       total 274432K, used 274406K [0x00000000c0000000, 0x00000000d0c00000, 0x00000000eab00000)
  object space 274432K, 99% used [0x00000000c0000000,0x00000000d0bf9ba0,0x00000000d0c00000)
 Metaspace       used 55428K, committed 56768K, reserved 1114112K
  class space    used 5725K, committed 6336K, reserved 1048576K
}
Event: 7.776 GC heap after
{Heap after GC invocations=266 (full 2):
 PSYoungGen      total 7168K, used 1311K [0x00000000eab00000, 0x00000000eb400000, 0x0000000100000000)
  eden space 5632K, 0% used [0x00000000eab00000,0x00000000eab00000,0x00000000eb080000)
  from space 1536K, 85% used [0x00000000eb280000,0x00000000eb3c7e90,0x00000000eb400000)
  to   space 1536K, 0% used [0x00000000eb080000,0x00000000eb080000,0x00000000eb200000)
 ParOldGen       total 275968K, used 275632K [0x00000000c0000000, 0x00000000d0d80000, 0x00000000eab00000)
  object space 275968K, 99% used [0x00000000c0000000,0x00000000d0d2c368,0x00000000d0d80000)
 Metaspace       used 55428K, committed 56768K, reserved 1114112K
  class space    used 5725K, committed 6336K, reserved 1048576K
}
Event: 7.795 GC heap before
{Heap before GC invocations=267 (full 2):
 PSYoungGen      total 7168K, used 6943K [0x00000000eab00000, 0x00000000eb400000, 0x0000000100000000)
  eden space 5632K, 100% used [0x00000000eab00000,0x00000000eb080000,0x00000000eb080000)
  from space 1536K, 85% used [0x00000000eb280000,0x00000000eb3c7e90,0x00000000eb400000)
  to   space 1536K, 0% used [0x00000000eb080000,0x00000000eb080000,0x00000000eb200000)
 ParOldGen       total 275968K, used 275632K [0x00000000c0000000, 0x00000000d0d80000, 0x00000000eab00000)
  object space 275968K, 99% used [0x00000000c0000000,0x00000000d0d2c368,0x00000000d0d80000)
 Metaspace       used 55509K, committed 56832K, reserved 1114112K
  class space    used 5734K, committed 6336K, reserved 1048576K
}

