# JRE version: Java(TM) SE Runtime Environment (17.0.11+7) (build 17.0.11+7-LTS-207)
# Java VM: Java HotSpot(TM) 64-Bit Server VM (17.0.11+7-LTS-207, mixed mode, sharing, tiered, compressed oops, compressed class ptrs, g1 gc, windows-amd64)
GC Precious Log:
 CPUs: 16 total, 16 available
 Memory: 15752M
 Large Page Support: Disabled
 NUMA Support: Disabled
 Compressed Oops: Enabled (Zero based)
 Heap Region Size: 2M
 Heap Min Capacity: 8M
 Heap Initial Capacity: 248M
 Heap Max Capacity: 3940M
 Pre-touch: Disabled
 Parallel Workers: 13
 Concurrent Workers: 3
 Concurrent Refinement Workers: 13
 Periodic GC: Disabled
Heap:
 garbage-first heap   total 75776K, used 45616K [0x0000000709c00000, 0x0000000800000000)
  region size 2048K, 9 young (18432K), 2 survivors (4096K)
 Metaspace       used 77725K, committed 78208K, reserved 1179648K
  class space    used 9481K, committed 9728K, reserved 1048576K
GC Heap History (20 events):
Event: 3.684 GC heap before
{Heap before GC invocations=11 (full 0):
 garbage-first heap   total 75776K, used 25050K [0x0000000709c00000, 0x0000000800000000)
  region size 2048K, 4 young (8192K), 3 survivors (6144K)
 Metaspace       used 49438K, committed 49728K, reserved 1114112K
  class space    used 6296K, committed 6464K, reserved 1048576K
}
Event: 3.687 GC heap after
{Heap after GC invocations=12 (full 0):
 garbage-first heap   total 75776K, used 23310K [0x0000000709c00000, 0x0000000800000000)
  region size 2048K, 1 young (2048K), 1 survivors (2048K)
 Metaspace       used 49438K, committed 49728K, reserved 1114112K
  class space    used 6296K, committed 6464K, reserved 1048576K
}
Event: 4.051 GC heap before
{Heap before GC invocations=12 (full 0):
 garbage-first heap   total 75776K, used 56078K [0x0000000709c00000, 0x0000000800000000)
  region size 2048K, 17 young (34816K), 1 survivors (2048K)
 Metaspace       used 54311K, committed 54656K, reserved 1114112K
  class space    used 7057K, committed 7232K, reserved 1048576K
}
Event: 4.053 GC heap after
{Heap after GC invocations=13 (full 0):
 garbage-first heap   total 75776K, used 24059K [0x0000000709c00000, 0x0000000800000000)
  region size 2048K, 1 young (2048K), 1 survivors (2048K)
 Metaspace       used 54311K, committed 54656K, reserved 1114112K
  class space    used 7057K, committed 7232K, reserved 1048576K
}
Event: 4.763 GC heap before
{Heap before GC invocations=13 (full 0):
 garbage-first heap   total 75776K, used 56827K [0x0000000709c00000, 0x0000000800000000)
  region size 2048K, 17 young (34816K), 1 survivors (2048K)
 Metaspace       used 57796K, committed 58176K, reserved 1114112K
  class space    used 7479K, committed 7680K, reserved 1048576K
}
Event: 4.766 GC heap after
{Heap after GC invocations=14 (full 0):
 garbage-first heap   total 75776K, used 28128K [0x0000000709c00000, 0x0000000800000000)
  region size 2048K, 3 young (6144K), 3 survivors (6144K)
 Metaspace       used 57796K, committed 58176K, reserved 1114112K
  class space    used 7479K, committed 7680K, reserved 1048576K
}
Event: 5.167 GC heap before
{Heap before GC invocations=14 (full 0):
 garbage-first heap   total 75776K, used 40416K [0x0000000709c00000, 0x0000000800000000)
  region size 2048K, 10 young (20480K), 3 survivors (6144K)
 Metaspace       used 59961K, committed 60288K, reserved 1114112K
  class space    used 7822K, committed 8000K, reserved 1048576K
}
Event: 5.171 GC heap after
{Heap after GC invocations=15 (full 0):
 garbage-first heap   total 75776K, used 30425K [0x0000000709c00000, 0x0000000800000000)
  region size 2048K, 2 young (4096K), 2 survivors (4096K)
 Metaspace       used 59961K, committed 60288K, reserved 1114112K
  class space    used 7822K, committed 8000K, reserved 1048576K
}
Event: 10.474 GC heap before
{Heap before GC invocations=16 (full 0):
 garbage-first heap   total 75776K, used 52953K [0x0000000709c00000, 0x0000000800000000)
  region size 2048K, 14 young (28672K), 2 survivors (4096K)
 Metaspace       used 64548K, committed 64960K, reserved 1114112K
  class space    used 8425K, committed 8640K, reserved 1048576K
}
Event: 10.477 GC heap after
{Heap after GC invocations=17 (full 0):
 garbage-first heap   total 75776K, used 31949K [0x0000000709c00000, 0x0000000800000000)
  region size 2048K, 2 young (4096K), 2 survivors (4096K)
 Metaspace       used 64548K, committed 64960K, reserved 1114112K
  class space    used 8425K, committed 8640K, reserved 1048576K
}
Event: 10.847 GC heap before
{Heap before GC invocations=17 (full 0):
 garbage-first heap   total 75776K, used 56525K [0x0000000709c00000, 0x0000000800000000)
  region size 2048K, 15 young (30720K), 2 survivors (4096K)
 Metaspace       used 70860K, committed 71232K, reserved 1114112K
  class space    used 8922K, committed 9088K, reserved 1048576K
}
Event: 10.849 GC heap after
{Heap after GC invocations=18 (full 0):
 garbage-first heap   total 75776K, used 33023K [0x0000000709c00000, 0x0000000800000000)
  region size 2048K, 2 young (4096K), 2 survivors (4096K)
 Metaspace       used 70860K, committed 71232K, reserved 1114112K
  class space    used 8922K, committed 9088K, reserved 1048576K
}
Event: 11.143 GC heap before
{Heap before GC invocations=18 (full 0):
 garbage-first heap   total 75776K, used 57599K [0x0000000709c00000, 0x0000000800000000)
  region size 2048K, 14 young (28672K), 2 survivors (4096K)
 Metaspace       used 72229K, committed 72576K, reserved 1114112K
  class space    used 8989K, committed 9152K, reserved 1048576K
}
Event: 11.144 GC heap after
{Heap after GC invocations=19 (full 0):
 garbage-first heap   total 75776K, used 33451K [0x0000000709c00000, 0x0000000800000000)
  region size 2048K, 1 young (2048K), 1 survivors (2048K)
 Metaspace       used 72229K, committed 72576K, reserved 1114112K
  class space    used 8989K, committed 9152K, reserved 1048576K
}
Event: 11.495 GC heap before
{Heap before GC invocations=19 (full 0):
 garbage-first heap   total 75776K, used 58027K [0x0000000709c00000, 0x0000000800000000)
  region size 2048K, 14 young (28672K), 1 survivors (2048K)
 Metaspace       used 73697K, committed 74048K, reserved 1114112K
  class space    used 9124K, committed 9280K, reserved 1048576K
}
Event: 11.497 GC heap after
{Heap after GC invocations=20 (full 0):
 garbage-first heap   total 75776K, used 33789K [0x0000000709c00000, 0x0000000800000000)
  region size 2048K, 1 young (2048K), 1 survivors (2048K)
 Metaspace       used 73697K, committed 74048K, reserved 1114112K
  class space    used 9124K, committed 9280K, reserved 1048576K
}
Event: 11.922 GC heap before
{Heap before GC invocations=20 (full 0):
 garbage-first heap   total 75776K, used 60413K [0x0000000709c00000, 0x0000000800000000)
  region size 2048K, 14 young (28672K), 1 survivors (2048K)
 Metaspace       used 76530K, committed 76864K, reserved 1179648K
  class space    used 9391K, committed 9536K, reserved 1048576K
}
Event: 11.924 GC heap after
{Heap after GC invocations=21 (full 0):
 garbage-first heap   total 75776K, used 35099K [0x0000000709c00000, 0x0000000800000000)
  region size 2048K, 2 young (4096K), 2 survivors (4096K)
 Metaspace       used 76530K, committed 76864K, reserved 1179648K
  class space    used 9391K, committed 9536K, reserved 1048576K
}
Event: 12.220 GC heap before
{Heap before GC invocations=21 (full 0):
 garbage-first heap   total 75776K, used 57627K [0x0000000709c00000, 0x0000000800000000)
  region size 2048K, 14 young (28672K), 2 survivors (4096K)
 Metaspace       used 76970K, committed 77504K, reserved 1179648K
  class space    used 9406K, committed 9664K, reserved 1048576K
}
Event: 12.223 GC heap after
{Heap after GC invocations=22 (full 0):
 garbage-first heap   total 75776K, used 35376K [0x0000000709c00000, 0x0000000800000000)
  region size 2048K, 2 young (4096K), 2 survivors (4096K)
 Metaspace       used 76970K, committed 77504K, reserved 1179648K
  class space    used 9406K, committed 9664K, reserved 1048576K
}

