# JRE version: OpenJDK Runtime Environment Temurin-21.0.6+7 (21.0.6+7) (build 21.0.6+7-LTS)
# Java VM: OpenJDK 64-Bit Server VM Temurin-21.0.6+7 (21.0.6+7-LTS, mixed mode, sharing, tiered, compressed oops, compressed class ptrs, parallel gc, windows-amd64)
GC Precious Log:
 CardTable entry size: 512
 CPUs: 16 total, 16 available
 Memory: 15752M
 Large Page Support: Disabled
 NUMA Support: Disabled
 Compressed Oops: Enabled (32-bit)
 Alignments: Space 512K, Generation 512K, Heap 2M
 Heap Min Capacity: 100M
 Heap Initial Capacity: 100M
 Heap Max Capacity: 1G
 Pre-touch: Disabled
 Parallel Workers: 13
Heap:
 PSYoungGen      total 5120K, used 772K [0x00000000eab00000, 0x00000000eb200000, 0x0000000100000000)
  eden space 4096K, 1% used [0x00000000eab00000,0x00000000eab113e0,0x00000000eaf00000)
  from space 1024K, 68% used [0x00000000eaf00000,0x00000000eafb0000,0x00000000eb000000)
  to   space 1536K, 0% used [0x00000000eb080000,0x00000000eb080000,0x00000000eb200000)
 ParOldGen       total 414208K, used 414000K [0x00000000c0000000, 0x00000000d9480000, 0x00000000eab00000)
  object space 414208K, 99% used [0x00000000c0000000,0x00000000d944c1d0,0x00000000d9480000)
 Metaspace       used 63336K, committed 64768K, reserved 1114112K
  class space    used 6252K, committed 6912K, reserved 1048576K
GC Heap History (20 events):
Event: 10.022 GC heap after
{Heap after GC invocations=465 (full 3):
 PSYoungGen      total 5120K, used 1275K [0x00000000eab00000, 0x00000000eb180000, 0x0000000100000000)
  eden space 3584K, 0% used [0x00000000eab00000,0x00000000eab00000,0x00000000eae80000)
  from space 1536K, 83% used [0x00000000eb000000,0x00000000eb13efe8,0x00000000eb180000)
  to   space 1536K, 0% used [0x00000000eae80000,0x00000000eae80000,0x00000000eb000000)
 ParOldGen       total 403968K, used 403796K [0x00000000c0000000, 0x00000000d8a80000, 0x00000000eab00000)
  object space 403968K, 99% used [0x00000000c0000000,0x00000000d8a55160,0x00000000d8a80000)
 Metaspace       used 63183K, committed 64576K, reserved 1114112K
  class space    used 6252K, committed 6912K, reserved 1048576K
}
Event: 10.031 GC heap before
{Heap before GC invocations=466 (full 3):
 PSYoungGen      total 5120K, used 4859K [0x00000000eab00000, 0x00000000eb180000, 0x0000000100000000)
  eden space 3584K, 100% used [0x00000000eab00000,0x00000000eae80000,0x00000000eae80000)
  from space 1536K, 83% used [0x00000000eb000000,0x00000000eb13efe8,0x00000000eb180000)
  to   space 1536K, 0% used [0x00000000eae80000,0x00000000eae80000,0x00000000eb000000)
 ParOldGen       total 403968K, used 403796K [0x00000000c0000000, 0x00000000d8a80000, 0x00000000eab00000)
  object space 403968K, 99% used [0x00000000c0000000,0x00000000d8a55160,0x00000000d8a80000)
 Metaspace       used 63183K, committed 64576K, reserved 1114112K
  class space    used 6252K, committed 6912K, reserved 1048576K
}
Event: 10.032 GC heap after
{Heap after GC invocations=466 (full 3):
 PSYoungGen      total 5120K, used 896K [0x00000000eab00000, 0x00000000eb180000, 0x0000000100000000)
  eden space 3584K, 0% used [0x00000000eab00000,0x00000000eab00000,0x00000000eae80000)
  from space 1536K, 58% used [0x00000000eae80000,0x00000000eaf60000,0x00000000eb000000)
  to   space 1536K, 0% used [0x00000000eb000000,0x00000000eb000000,0x00000000eb180000)
 ParOldGen       total 404992K, used 404880K [0x00000000c0000000, 0x00000000d8b80000, 0x00000000eab00000)
  object space 404992K, 99% used [0x00000000c0000000,0x00000000d8b641f8,0x00000000d8b80000)
 Metaspace       used 63183K, committed 64576K, reserved 1114112K
  class space    used 6252K, committed 6912K, reserved 1048576K
}
Event: 10.035 GC heap before
{Heap before GC invocations=467 (full 3):
 PSYoungGen      total 5120K, used 4480K [0x00000000eab00000, 0x00000000eb180000, 0x0000000100000000)
  eden space 3584K, 100% used [0x00000000eab00000,0x00000000eae80000,0x00000000eae80000)
  from space 1536K, 58% used [0x00000000eae80000,0x00000000eaf60000,0x00000000eb000000)
  to   space 1536K, 0% used [0x00000000eb000000,0x00000000eb000000,0x00000000eb180000)
 ParOldGen       total 404992K, used 404880K [0x00000000c0000000, 0x00000000d8b80000, 0x00000000eab00000)
  object space 404992K, 99% used [0x00000000c0000000,0x00000000d8b641f8,0x00000000d8b80000)
 Metaspace       used 63183K, committed 64576K, reserved 1114112K
  class space    used 6252K, committed 6912K, reserved 1048576K
}
Event: 10.037 GC heap after
{Heap after GC invocations=467 (full 3):
 PSYoungGen      total 5120K, used 1216K [0x00000000eab00000, 0x00000000eb280000, 0x0000000100000000)
  eden space 3584K, 0% used [0x00000000eab00000,0x00000000eab00000,0x00000000eae80000)
  from space 1536K, 79% used [0x00000000eb000000,0x00000000eb130000,0x00000000eb180000)
  to   space 1536K, 0% used [0x00000000eae80000,0x00000000eae80000,0x00000000eb000000)
 ParOldGen       total 406016K, used 405598K [0x00000000c0000000, 0x00000000d8c80000, 0x00000000eab00000)
  object space 406016K, 99% used [0x00000000c0000000,0x00000000d8c17800,0x00000000d8c80000)
 Metaspace       used 63183K, committed 64576K, reserved 1114112K
  class space    used 6252K, committed 6912K, reserved 1048576K
}
Event: 10.041 GC heap before
{Heap before GC invocations=468 (full 3):
 PSYoungGen      total 5120K, used 4800K [0x00000000eab00000, 0x00000000eb280000, 0x0000000100000000)
  eden space 3584K, 100% used [0x00000000eab00000,0x00000000eae80000,0x00000000eae80000)
  from space 1536K, 79% used [0x00000000eb000000,0x00000000eb130000,0x00000000eb180000)
  to   space 1536K, 0% used [0x00000000eae80000,0x00000000eae80000,0x00000000eb000000)
 ParOldGen       total 406016K, used 405598K [0x00000000c0000000, 0x00000000d8c80000, 0x00000000eab00000)
  object space 406016K, 99% used [0x00000000c0000000,0x00000000d8c17800,0x00000000d8c80000)
 Metaspace       used 63183K, committed 64576K, reserved 1114112K
  class space    used 6252K, committed 6912K, reserved 1048576K
}
Event: 10.043 GC heap after
{Heap after GC invocations=468 (full 3):
 PSYoungGen      total 5120K, used 1524K [0x00000000eab00000, 0x00000000eb580000, 0x0000000100000000)
  eden space 3584K, 0% used [0x00000000eab00000,0x00000000eab00000,0x00000000eae80000)
  from space 1536K, 99% used [0x00000000eae80000,0x00000000eaffd258,0x00000000eb000000)
  to   space 3072K, 0% used [0x00000000eb280000,0x00000000eb280000,0x00000000eb580000)
 ParOldGen       total 407040K, used 406638K [0x00000000c0000000, 0x00000000d8d80000, 0x00000000eab00000)
  object space 407040K, 99% used [0x00000000c0000000,0x00000000d8d1b800,0x00000000d8d80000)
 Metaspace       used 63183K, committed 64576K, reserved 1114112K
  class space    used 6252K, committed 6912K, reserved 1048576K
}
Event: 10.048 GC heap before
{Heap before GC invocations=469 (full 3):
 PSYoungGen      total 5120K, used 5108K [0x00000000eab00000, 0x00000000eb580000, 0x0000000100000000)
  eden space 3584K, 100% used [0x00000000eab00000,0x00000000eae80000,0x00000000eae80000)
  from space 1536K, 99% used [0x00000000eae80000,0x00000000eaffd258,0x00000000eb000000)
  to   space 3072K, 0% used [0x00000000eb280000,0x00000000eb280000,0x00000000eb580000)
 ParOldGen       total 407040K, used 406638K [0x00000000c0000000, 0x00000000d8d80000, 0x00000000eab00000)
  object space 407040K, 99% used [0x00000000c0000000,0x00000000d8d1b800,0x00000000d8d80000)
 Metaspace       used 63186K, committed 64576K, reserved 1114112K
  class space    used 6252K, committed 6912K, reserved 1048576K
}
Event: 10.050 GC heap after
{Heap after GC invocations=469 (full 3):
 PSYoungGen      total 6144K, used 1322K [0x00000000eab00000, 0x00000000eb400000, 0x0000000100000000)
  eden space 4608K, 0% used [0x00000000eab00000,0x00000000eab00000,0x00000000eaf80000)
  from space 1536K, 86% used [0x00000000eb280000,0x00000000eb3caa98,0x00000000eb400000)
  to   space 2048K, 0% used [0x00000000eb000000,0x00000000eb000000,0x00000000eb200000)
 ParOldGen       total 408064K, used 408054K [0x00000000c0000000, 0x00000000d8e80000, 0x00000000eab00000)
  object space 408064K, 99% used [0x00000000c0000000,0x00000000d8e7d800,0x00000000d8e80000)
 Metaspace       used 63186K, committed 64576K, reserved 1114112K
  class space    used 6252K, committed 6912K, reserved 1048576K
}
Event: 10.062 GC heap before
{Heap before GC invocations=470 (full 3):
 PSYoungGen      total 6144K, used 5930K [0x00000000eab00000, 0x00000000eb400000, 0x0000000100000000)
  eden space 4608K, 100% used [0x00000000eab00000,0x00000000eaf80000,0x00000000eaf80000)
  from space 1536K, 86% used [0x00000000eb280000,0x00000000eb3caa98,0x00000000eb400000)
  to   space 2048K, 0% used [0x00000000eb000000,0x00000000eb000000,0x00000000eb200000)
 ParOldGen       total 408064K, used 408054K [0x00000000c0000000, 0x00000000d8e80000, 0x00000000eab00000)
  object space 408064K, 99% used [0x00000000c0000000,0x00000000d8e7d800,0x00000000d8e80000)
 Metaspace       used 63204K, committed 64640K, reserved 1114112K
  class space    used 6252K, committed 6912K, reserved 1048576K
}
Event: 10.063 GC heap after
{Heap after GC invocations=470 (full 3):
 PSYoungGen      total 7168K, used 918K [0x00000000eab00000, 0x00000000eb380000, 0x0000000100000000)
  eden space 5120K, 0% used [0x00000000eab00000,0x00000000eab00000,0x00000000eb000000)
  from space 2048K, 44% used [0x00000000eb000000,0x00000000eb0e5920,0x00000000eb200000)
  to   space 1536K, 0% used [0x00000000eb200000,0x00000000eb200000,0x00000000eb380000)
 ParOldGen       total 409600K, used 409129K [0x00000000c0000000, 0x00000000d9000000, 0x00000000eab00000)
  object space 409600K, 99% used [0x00000000c0000000,0x00000000d8f8a418,0x00000000d9000000)
 Metaspace       used 63204K, committed 64640K, reserved 1114112K
  class space    used 6252K, committed 6912K, reserved 1048576K
}
Event: 10.076 GC heap before
{Heap before GC invocations=471 (full 3):
 PSYoungGen      total 7168K, used 6036K [0x00000000eab00000, 0x00000000eb380000, 0x0000000100000000)
  eden space 5120K, 99% used [0x00000000eab00000,0x00000000eafffad8,0x00000000eb000000)
  from space 2048K, 44% used [0x00000000eb000000,0x00000000eb0e5920,0x00000000eb200000)
  to   space 1536K, 0% used [0x00000000eb200000,0x00000000eb200000,0x00000000eb380000)
 ParOldGen       total 409600K, used 409129K [0x00000000c0000000, 0x00000000d9000000, 0x00000000eab00000)
  object space 409600K, 99% used [0x00000000c0000000,0x00000000d8f8a418,0x00000000d9000000)
 Metaspace       used 63204K, committed 64640K, reserved 1114112K
  class space    used 6252K, committed 6912K, reserved 1048576K
}
Event: 10.077 GC heap after
{Heap after GC invocations=471 (full 3):
 PSYoungGen      total 6144K, used 993K [0x00000000eab00000, 0x00000000eb300000, 0x0000000100000000)
  eden space 5120K, 0% used [0x00000000eab00000,0x00000000eab00000,0x00000000eb000000)
  from space 1024K, 97% used [0x00000000eb200000,0x00000000eb2f87c8,0x00000000eb300000)
  to   space 1024K, 0% used [0x00000000eb100000,0x00000000eb100000,0x00000000eb200000)
 ParOldGen       total 410112K, used 409737K [0x00000000c0000000, 0x00000000d9080000, 0x00000000eab00000)
  object space 410112K, 99% used [0x00000000c0000000,0x00000000d9022418,0x00000000d9080000)
 Metaspace       used 63204K, committed 64640K, reserved 1114112K
  class space    used 6252K, committed 6912K, reserved 1048576K
}
Event: 10.097 GC heap before
{Heap before GC invocations=472 (full 3):
 PSYoungGen      total 6144K, used 6113K [0x00000000eab00000, 0x00000000eb300000, 0x0000000100000000)
  eden space 5120K, 100% used [0x00000000eab00000,0x00000000eb000000,0x00000000eb000000)
  from space 1024K, 97% used [0x00000000eb200000,0x00000000eb2f87c8,0x00000000eb300000)
  to   space 1024K, 0% used [0x00000000eb100000,0x00000000eb100000,0x00000000eb200000)
 ParOldGen       total 410112K, used 409737K [0x00000000c0000000, 0x00000000d9080000, 0x00000000eab00000)
  object space 410112K, 99% used [0x00000000c0000000,0x00000000d9022418,0x00000000d9080000)
 Metaspace       used 63239K, committed 64640K, reserved 1114112K
  class space    used 6252K, committed 6912K, reserved 1048576K
}
Event: 10.098 GC heap after
{Heap after GC invocations=472 (full 3):
 PSYoungGen      total 6144K, used 1009K [0x00000000eab00000, 0x00000000eb400000, 0x0000000100000000)
  eden space 5120K, 0% used [0x00000000eab00000,0x00000000eab00000,0x00000000eb000000)
  from space 1024K, 98% used [0x00000000eb100000,0x00000000eb1fc600,0x00000000eb200000)
  to   space 2048K, 0% used [0x00000000eb200000,0x00000000eb200000,0x00000000eb400000)
 ParOldGen       total 410624K, used 410511K [0x00000000c0000000, 0x00000000d9100000, 0x00000000eab00000)
  object space 410624K, 99% used [0x00000000c0000000,0x00000000d90e3c20,0x00000000d9100000)
 Metaspace       used 63239K, committed 64640K, reserved 1114112K
  class space    used 6252K, committed 6912K, reserved 1048576K
}
Event: 10.105 GC heap before
{Heap before GC invocations=473 (full 3):
 PSYoungGen      total 6144K, used 6129K [0x00000000eab00000, 0x00000000eb400000, 0x0000000100000000)
  eden space 5120K, 100% used [0x00000000eab00000,0x00000000eb000000,0x00000000eb000000)
  from space 1024K, 98% used [0x00000000eb100000,0x00000000eb1fc600,0x00000000eb200000)
  to   space 2048K, 0% used [0x00000000eb200000,0x00000000eb200000,0x00000000eb400000)
 ParOldGen       total 410624K, used 410511K [0x00000000c0000000, 0x00000000d9100000, 0x00000000eab00000)
  object space 410624K, 99% used [0x00000000c0000000,0x00000000d90e3c20,0x00000000d9100000)
 Metaspace       used 63253K, committed 64640K, reserved 1114112K
  class space    used 6252K, committed 6912K, reserved 1048576K
}
Event: 10.107 GC heap after
{Heap after GC invocations=473 (full 3):
 PSYoungGen      total 7168K, used 1472K [0x00000000eab00000, 0x00000000eb400000, 0x0000000100000000)
  eden space 5120K, 0% used [0x00000000eab00000,0x00000000eab00000,0x00000000eb000000)
  from space 2048K, 71% used [0x00000000eb200000,0x00000000eb370000,0x00000000eb400000)
  to   space 2048K, 0% used [0x00000000eb000000,0x00000000eb000000,0x00000000eb200000)
 ParOldGen       total 411136K, used 411103K [0x00000000c0000000, 0x00000000d9180000, 0x00000000eab00000)
  object space 411136K, 99% used [0x00000000c0000000,0x00000000d9177c20,0x00000000d9180000)
 Metaspace       used 63253K, committed 64640K, reserved 1114112K
  class space    used 6252K, committed 6912K, reserved 1048576K
}
Event: 10.117 GC heap before
{Heap before GC invocations=474 (full 3):
 PSYoungGen      total 7168K, used 6592K [0x00000000eab00000, 0x00000000eb400000, 0x0000000100000000)
  eden space 5120K, 100% used [0x00000000eab00000,0x00000000eb000000,0x00000000eb000000)
  from space 2048K, 71% used [0x00000000eb200000,0x00000000eb370000,0x00000000eb400000)
  to   space 2048K, 0% used [0x00000000eb000000,0x00000000eb000000,0x00000000eb200000)
 ParOldGen       total 411136K, used 411103K [0x00000000c0000000, 0x00000000d9180000, 0x00000000eab00000)
  object space 411136K, 99% used [0x00000000c0000000,0x00000000d9177c20,0x00000000d9180000)
 Metaspace       used 63276K, committed 64704K, reserved 1114112K
  class space    used 6252K, committed 6912K, reserved 1048576K
}
Event: 10.119 GC heap after
{Heap after GC invocations=474 (full 3):
 PSYoungGen      total 5632K, used 416K [0x00000000eab00000, 0x00000000eb280000, 0x0000000100000000)
  eden space 5120K, 0% used [0x00000000eab00000,0x00000000eab00000,0x00000000eb000000)
  from space 512K, 81% used [0x00000000eb000000,0x00000000eb068000,0x00000000eb080000)
  to   space 1024K, 0% used [0x00000000eb180000,0x00000000eb180000,0x00000000eb280000)
 ParOldGen       total 412160K, used 412063K [0x00000000c0000000, 0x00000000d9280000, 0x00000000eab00000)
  object space 412160K, 99% used [0x00000000c0000000,0x00000000d9267c20,0x00000000d9280000)
 Metaspace       used 63276K, committed 64704K, reserved 1114112K
  class space    used 6252K, committed 6912K, reserved 1048576K
}
Event: 10.139 GC heap before
{Heap before GC invocations=475 (full 3):
 PSYoungGen      total 5632K, used 5536K [0x00000000eab00000, 0x00000000eb280000, 0x0000000100000000)
  eden space 5120K, 100% used [0x00000000eab00000,0x00000000eb000000,0x00000000eb000000)
  from space 512K, 81% used [0x00000000eb000000,0x00000000eb068000,0x00000000eb080000)
  to   space 1024K, 0% used [0x00000000eb180000,0x00000000eb180000,0x00000000eb280000)
 ParOldGen       total 412160K, used 412063K [0x00000000c0000000, 0x00000000d9280000, 0x00000000eab00000)
  object space 412160K, 99% used [0x00000000c0000000,0x00000000d9267c20,0x00000000d9280000)
 Metaspace       used 63320K, committed 64768K, reserved 1114112K
  class space    used 6252K, committed 6912K, reserved 1048576K
}

