# JRE version: OpenJDK Runtime Environment Temurin-21.0.6+7 (21.0.6+7) (build 21.0.6+7-LTS)
# Java VM: OpenJDK 64-Bit Server VM Temurin-21.0.6+7 (21.0.6+7-LTS, mixed mode, sharing, tiered, compressed oops, compressed class ptrs, parallel gc, windows-amd64)
GC Precious Log:
 CardTable entry size: 512
 CPUs: 16 total, 16 available
 Memory: 15752M
 Large Page Support: Disabled
 NUMA Support: Disabled
 Compressed Oops: Enabled (32-bit)
 Alignments: Space 512K, Generation 512K, Heap 2M
 Heap Min Capacity: 100M
 Heap Initial Capacity: 100M
 Heap Max Capacity: 1G
 Pre-touch: Disabled
 Parallel Workers: 13
Heap:
 PSYoungGen      total 9728K, used 9398K [0x00000000eab00000, 0x00000000eb600000, 0x0000000100000000)
  eden space 8192K, 100% used [0x00000000eab00000,0x00000000eb300000,0x00000000eb300000)
  from space 1536K, 78% used [0x00000000eb300000,0x00000000eb42d808,0x00000000eb480000)
  to   space 1536K, 0% used [0x00000000eb480000,0x00000000eb480000,0x00000000eb600000)
 ParOldGen       total 354816K, used 184536K [0x00000000c0000000, 0x00000000d5a80000, 0x00000000eab00000)
  object space 354816K, 52% used [0x00000000c0000000,0x00000000cb4361f8,0x00000000d5a80000)
 Metaspace       used 59377K, committed 60736K, reserved 1114112K
  class space    used 6044K, committed 6720K, reserved 1048576K
GC Heap History (20 events):
Event: 7.684 GC heap before
{Heap before GC invocations=238 (full 2):
 PSYoungGen      total 10240K, used 9816K [0x00000000eab00000, 0x00000000eb680000, 0x0000000100000000)
  eden space 8704K, 99% used [0x00000000eab00000,0x00000000eb377650,0x00000000eb380000)
  from space 1536K, 74% used [0x00000000eb380000,0x00000000eb49ec08,0x00000000eb500000)
  to   space 1536K, 0% used [0x00000000eb500000,0x00000000eb500000,0x00000000eb680000)
 ParOldGen       total 352768K, used 352495K [0x00000000c0000000, 0x00000000d5880000, 0x00000000eab00000)
  object space 352768K, 99% used [0x00000000c0000000,0x00000000d583bdc0,0x00000000d5880000)
 Metaspace       used 58401K, committed 59776K, reserved 1114112K
  class space    used 5941K, committed 6592K, reserved 1048576K
}
Event: 7.686 GC heap after
{Heap after GC invocations=238 (full 2):
 PSYoungGen      total 10240K, used 1270K [0x00000000eab00000, 0x00000000eb680000, 0x0000000100000000)
  eden space 8704K, 0% used [0x00000000eab00000,0x00000000eab00000,0x00000000eb380000)
  from space 1536K, 82% used [0x00000000eb500000,0x00000000eb63d828,0x00000000eb680000)
  to   space 1536K, 0% used [0x00000000eb380000,0x00000000eb380000,0x00000000eb500000)
 ParOldGen       total 353792K, used 353351K [0x00000000c0000000, 0x00000000d5980000, 0x00000000eab00000)
  object space 353792K, 99% used [0x00000000c0000000,0x00000000d5911dc0,0x00000000d5980000)
 Metaspace       used 58401K, committed 59776K, reserved 1114112K
  class space    used 5941K, committed 6592K, reserved 1048576K
}
Event: 7.694 GC heap before
{Heap before GC invocations=239 (full 2):
 PSYoungGen      total 10240K, used 4370K [0x00000000eab00000, 0x00000000eb680000, 0x0000000100000000)
  eden space 8704K, 35% used [0x00000000eab00000,0x00000000eae07330,0x00000000eb380000)
  from space 1536K, 82% used [0x00000000eb500000,0x00000000eb63d828,0x00000000eb680000)
  to   space 1536K, 0% used [0x00000000eb380000,0x00000000eb380000,0x00000000eb500000)
 ParOldGen       total 353792K, used 353351K [0x00000000c0000000, 0x00000000d5980000, 0x00000000eab00000)
  object space 353792K, 99% used [0x00000000c0000000,0x00000000d5911dc0,0x00000000d5980000)
 Metaspace       used 58419K, committed 59776K, reserved 1114112K
  class space    used 5944K, committed 6592K, reserved 1048576K
}
Event: 7.696 GC heap after
{Heap after GC invocations=239 (full 2):
 PSYoungGen      total 9728K, used 576K [0x00000000eab00000, 0x00000000eb580000, 0x0000000100000000)
  eden space 8704K, 0% used [0x00000000eab00000,0x00000000eab00000,0x00000000eb380000)
  from space 1024K, 56% used [0x00000000eb380000,0x00000000eb410000,0x00000000eb480000)
  to   space 1024K, 0% used [0x00000000eb480000,0x00000000eb480000,0x00000000eb580000)
 ParOldGen       total 354816K, used 354429K [0x00000000c0000000, 0x00000000d5a80000, 0x00000000eab00000)
  object space 354816K, 99% used [0x00000000c0000000,0x00000000d5a1f5e8,0x00000000d5a80000)
 Metaspace       used 58419K, committed 59776K, reserved 1114112K
  class space    used 5944K, committed 6592K, reserved 1048576K
}
Event: 7.696 GC heap before
{Heap before GC invocations=240 (full 3):
 PSYoungGen      total 9728K, used 576K [0x00000000eab00000, 0x00000000eb580000, 0x0000000100000000)
  eden space 8704K, 0% used [0x00000000eab00000,0x00000000eab00000,0x00000000eb380000)
  from space 1024K, 56% used [0x00000000eb380000,0x00000000eb410000,0x00000000eb480000)
  to   space 1024K, 0% used [0x00000000eb480000,0x00000000eb480000,0x00000000eb580000)
 ParOldGen       total 354816K, used 354429K [0x00000000c0000000, 0x00000000d5a80000, 0x00000000eab00000)
  object space 354816K, 99% used [0x00000000c0000000,0x00000000d5a1f5e8,0x00000000d5a80000)
 Metaspace       used 58419K, committed 59776K, reserved 1114112K
  class space    used 5944K, committed 6592K, reserved 1048576K
}
Event: 7.780 GC heap after
{Heap after GC invocations=240 (full 3):
 PSYoungGen      total 9728K, used 0K [0x00000000eab00000, 0x00000000eb580000, 0x0000000100000000)
  eden space 8704K, 0% used [0x00000000eab00000,0x00000000eab00000,0x00000000eb380000)
  from space 1024K, 0% used [0x00000000eb380000,0x00000000eb380000,0x00000000eb480000)
  to   space 1024K, 0% used [0x00000000eb480000,0x00000000eb480000,0x00000000eb580000)
 ParOldGen       total 354816K, used 177746K [0x00000000c0000000, 0x00000000d5a80000, 0x00000000eab00000)
  object space 354816K, 50% used [0x00000000c0000000,0x00000000cad94a48,0x00000000d5a80000)
 Metaspace       used 58419K, committed 59776K, reserved 1114112K
  class space    used 5944K, committed 6592K, reserved 1048576K
}
Event: 7.852 GC heap before
{Heap before GC invocations=241 (full 3):
 PSYoungGen      total 9728K, used 8704K [0x00000000eab00000, 0x00000000eb580000, 0x0000000100000000)
  eden space 8704K, 100% used [0x00000000eab00000,0x00000000eb380000,0x00000000eb380000)
  from space 1024K, 0% used [0x00000000eb380000,0x00000000eb380000,0x00000000eb480000)
  to   space 1024K, 0% used [0x00000000eb480000,0x00000000eb480000,0x00000000eb580000)
 ParOldGen       total 354816K, used 177746K [0x00000000c0000000, 0x00000000d5a80000, 0x00000000eab00000)
  object space 354816K, 50% used [0x00000000c0000000,0x00000000cad94a48,0x00000000d5a80000)
 Metaspace       used 58673K, committed 60096K, reserved 1114112K
  class space    used 5987K, committed 6656K, reserved 1048576K
}
Event: 7.854 GC heap after
{Heap after GC invocations=241 (full 3):
 PSYoungGen      total 9216K, used 1024K [0x00000000eab00000, 0x00000000eb680000, 0x0000000100000000)
  eden space 8192K, 0% used [0x00000000eab00000,0x00000000eab00000,0x00000000eb300000)
  from space 1024K, 100% used [0x00000000eb480000,0x00000000eb580000,0x00000000eb580000)
  to   space 1536K, 0% used [0x00000000eb300000,0x00000000eb300000,0x00000000eb480000)
 ParOldGen       total 354816K, used 177754K [0x00000000c0000000, 0x00000000d5a80000, 0x00000000eab00000)
  object space 354816K, 50% used [0x00000000c0000000,0x00000000cad96a48,0x00000000d5a80000)
 Metaspace       used 58673K, committed 60096K, reserved 1114112K
  class space    used 5987K, committed 6656K, reserved 1048576K
}
Event: 7.879 GC heap before
{Heap before GC invocations=242 (full 3):
 PSYoungGen      total 9216K, used 9216K [0x00000000eab00000, 0x00000000eb680000, 0x0000000100000000)
  eden space 8192K, 100% used [0x00000000eab00000,0x00000000eb300000,0x00000000eb300000)
  from space 1024K, 100% used [0x00000000eb480000,0x00000000eb580000,0x00000000eb580000)
  to   space 1536K, 0% used [0x00000000eb300000,0x00000000eb300000,0x00000000eb480000)
 ParOldGen       total 354816K, used 177754K [0x00000000c0000000, 0x00000000d5a80000, 0x00000000eab00000)
  object space 354816K, 50% used [0x00000000c0000000,0x00000000cad96a48,0x00000000d5a80000)
 Metaspace       used 58712K, committed 60096K, reserved 1114112K
  class space    used 5994K, committed 6656K, reserved 1048576K
}
Event: 7.880 GC heap after
{Heap after GC invocations=242 (full 3):
 PSYoungGen      total 9728K, used 1268K [0x00000000eab00000, 0x00000000eb600000, 0x0000000100000000)
  eden space 8192K, 0% used [0x00000000eab00000,0x00000000eab00000,0x00000000eb300000)
  from space 1536K, 82% used [0x00000000eb300000,0x00000000eb43d350,0x00000000eb480000)
  to   space 1536K, 0% used [0x00000000eb480000,0x00000000eb480000,0x00000000eb600000)
 ParOldGen       total 354816K, used 178610K [0x00000000c0000000, 0x00000000d5a80000, 0x00000000eab00000)
  object space 354816K, 50% used [0x00000000c0000000,0x00000000cae6ca48,0x00000000d5a80000)
 Metaspace       used 58712K, committed 60096K, reserved 1114112K
  class space    used 5994K, committed 6656K, reserved 1048576K
}
Event: 7.910 GC heap before
{Heap before GC invocations=243 (full 3):
 PSYoungGen      total 9728K, used 9460K [0x00000000eab00000, 0x00000000eb600000, 0x0000000100000000)
  eden space 8192K, 100% used [0x00000000eab00000,0x00000000eb300000,0x00000000eb300000)
  from space 1536K, 82% used [0x00000000eb300000,0x00000000eb43d350,0x00000000eb480000)
  to   space 1536K, 0% used [0x00000000eb480000,0x00000000eb480000,0x00000000eb600000)
 ParOldGen       total 354816K, used 178610K [0x00000000c0000000, 0x00000000d5a80000, 0x00000000eab00000)
  object space 354816K, 50% used [0x00000000c0000000,0x00000000cae6ca48,0x00000000d5a80000)
 Metaspace       used 58750K, committed 60160K, reserved 1114112K
  class space    used 5998K, committed 6656K, reserved 1048576K
}
Event: 7.911 GC heap after
{Heap after GC invocations=243 (full 3):
 PSYoungGen      total 9728K, used 1174K [0x00000000eab00000, 0x00000000eb600000, 0x0000000100000000)
  eden space 8192K, 0% used [0x00000000eab00000,0x00000000eab00000,0x00000000eb300000)
  from space 1536K, 76% used [0x00000000eb480000,0x00000000eb5a5808,0x00000000eb600000)
  to   space 1536K, 0% used [0x00000000eb300000,0x00000000eb300000,0x00000000eb480000)
 ParOldGen       total 354816K, used 179594K [0x00000000c0000000, 0x00000000d5a80000, 0x00000000eab00000)
  object space 354816K, 50% used [0x00000000c0000000,0x00000000caf62a48,0x00000000d5a80000)
 Metaspace       used 58750K, committed 60160K, reserved 1114112K
  class space    used 5998K, committed 6656K, reserved 1048576K
}
Event: 7.968 GC heap before
{Heap before GC invocations=244 (full 3):
 PSYoungGen      total 9728K, used 9355K [0x00000000eab00000, 0x00000000eb600000, 0x0000000100000000)
  eden space 8192K, 99% used [0x00000000eab00000,0x00000000eb2fd7a8,0x00000000eb300000)
  from space 1536K, 76% used [0x00000000eb480000,0x00000000eb5a5808,0x00000000eb600000)
  to   space 1536K, 0% used [0x00000000eb300000,0x00000000eb300000,0x00000000eb480000)
 ParOldGen       total 354816K, used 179594K [0x00000000c0000000, 0x00000000d5a80000, 0x00000000eab00000)
  object space 354816K, 50% used [0x00000000c0000000,0x00000000caf62a48,0x00000000d5a80000)
 Metaspace       used 58856K, committed 60288K, reserved 1114112K
  class space    used 6010K, committed 6720K, reserved 1048576K
}
Event: 7.969 GC heap after
{Heap after GC invocations=244 (full 3):
 PSYoungGen      total 9728K, used 1024K [0x00000000eab00000, 0x00000000eb600000, 0x0000000100000000)
  eden space 8192K, 0% used [0x00000000eab00000,0x00000000eab00000,0x00000000eb300000)
  from space 1536K, 66% used [0x00000000eb300000,0x00000000eb400000,0x00000000eb480000)
  to   space 1536K, 0% used [0x00000000eb480000,0x00000000eb480000,0x00000000eb600000)
 ParOldGen       total 354816K, used 180560K [0x00000000c0000000, 0x00000000d5a80000, 0x00000000eab00000)
  object space 354816K, 50% used [0x00000000c0000000,0x00000000cb054250,0x00000000d5a80000)
 Metaspace       used 58856K, committed 60288K, reserved 1114112K
  class space    used 6010K, committed 6720K, reserved 1048576K
}
Event: 7.994 GC heap before
{Heap before GC invocations=245 (full 3):
 PSYoungGen      total 9728K, used 9216K [0x00000000eab00000, 0x00000000eb600000, 0x0000000100000000)
  eden space 8192K, 100% used [0x00000000eab00000,0x00000000eb300000,0x00000000eb300000)
  from space 1536K, 66% used [0x00000000eb300000,0x00000000eb400000,0x00000000eb480000)
  to   space 1536K, 0% used [0x00000000eb480000,0x00000000eb480000,0x00000000eb600000)
 ParOldGen       total 354816K, used 180560K [0x00000000c0000000, 0x00000000d5a80000, 0x00000000eab00000)
  object space 354816K, 50% used [0x00000000c0000000,0x00000000cb054250,0x00000000d5a80000)
 Metaspace       used 58932K, committed 60352K, reserved 1114112K
  class space    used 6014K, committed 6720K, reserved 1048576K
}
Event: 7.996 GC heap after
{Heap after GC invocations=245 (full 3):
 PSYoungGen      total 9728K, used 1275K [0x00000000eab00000, 0x00000000eb600000, 0x0000000100000000)
  eden space 8192K, 0% used [0x00000000eab00000,0x00000000eab00000,0x00000000eb300000)
  from space 1536K, 83% used [0x00000000eb480000,0x00000000eb5bec08,0x00000000eb600000)
  to   space 1536K, 0% used [0x00000000eb300000,0x00000000eb300000,0x00000000eb480000)
 ParOldGen       total 354816K, used 181352K [0x00000000c0000000, 0x00000000d5a80000, 0x00000000eab00000)
  object space 354816K, 51% used [0x00000000c0000000,0x00000000cb11a260,0x00000000d5a80000)
 Metaspace       used 58932K, committed 60352K, reserved 1114112K
  class space    used 6014K, committed 6720K, reserved 1048576K
}
Event: 8.016 GC heap before
{Heap before GC invocations=246 (full 3):
 PSYoungGen      total 9728K, used 9467K [0x00000000eab00000, 0x00000000eb600000, 0x0000000100000000)
  eden space 8192K, 100% used [0x00000000eab00000,0x00000000eb300000,0x00000000eb300000)
  from space 1536K, 83% used [0x00000000eb480000,0x00000000eb5bec08,0x00000000eb600000)
  to   space 1536K, 0% used [0x00000000eb300000,0x00000000eb300000,0x00000000eb480000)
 ParOldGen       total 354816K, used 181352K [0x00000000c0000000, 0x00000000d5a80000, 0x00000000eab00000)
  object space 354816K, 51% used [0x00000000c0000000,0x00000000cb11a260,0x00000000d5a80000)
 Metaspace       used 58991K, committed 60416K, reserved 1114112K
  class space    used 6020K, committed 6720K, reserved 1048576K
}
Event: 8.017 GC heap after
{Heap after GC invocations=246 (full 3):
 PSYoungGen      total 9728K, used 1366K [0x00000000eab00000, 0x00000000eb600000, 0x0000000100000000)
  eden space 8192K, 0% used [0x00000000eab00000,0x00000000eab00000,0x00000000eb300000)
  from space 1536K, 88% used [0x00000000eb300000,0x00000000eb455808,0x00000000eb480000)
  to   space 1536K, 0% used [0x00000000eb480000,0x00000000eb480000,0x00000000eb600000)
 ParOldGen       total 354816K, used 182376K [0x00000000c0000000, 0x00000000d5a80000, 0x00000000eab00000)
  object space 354816K, 51% used [0x00000000c0000000,0x00000000cb21a260,0x00000000d5a80000)
 Metaspace       used 58991K, committed 60416K, reserved 1114112K
  class space    used 6020K, committed 6720K, reserved 1048576K
}
Event: 8.071 GC heap before
{Heap before GC invocations=247 (full 3):
 PSYoungGen      total 9728K, used 9558K [0x00000000eab00000, 0x00000000eb600000, 0x0000000100000000)
  eden space 8192K, 100% used [0x00000000eab00000,0x00000000eb300000,0x00000000eb300000)
  from space 1536K, 88% used [0x00000000eb300000,0x00000000eb455808,0x00000000eb480000)
  to   space 1536K, 0% used [0x00000000eb480000,0x00000000eb480000,0x00000000eb600000)
 ParOldGen       total 354816K, used 182376K [0x00000000c0000000, 0x00000000d5a80000, 0x00000000eab00000)
  object space 354816K, 51% used [0x00000000c0000000,0x00000000cb21a260,0x00000000d5a80000)
 Metaspace       used 59219K, committed 60608K, reserved 1114112K
  class space    used 6038K, committed 6720K, reserved 1048576K
}
Event: 8.072 GC heap after
{Heap after GC invocations=247 (full 3):
 PSYoungGen      total 9728K, used 1179K [0x00000000eab00000, 0x00000000eb600000, 0x0000000100000000)
  eden space 8192K, 0% used [0x00000000eab00000,0x00000000eab00000,0x00000000eb300000)
  from space 1536K, 76% used [0x00000000eb480000,0x00000000eb5a6c08,0x00000000eb600000)
  to   space 1536K, 0% used [0x00000000eb300000,0x00000000eb300000,0x00000000eb480000)
 ParOldGen       total 354816K, used 183590K [0x00000000c0000000, 0x00000000d5a80000, 0x00000000eab00000)
  object space 354816K, 51% used [0x00000000c0000000,0x00000000cb349a68,0x00000000d5a80000)
 Metaspace       used 59219K, committed 60608K, reserved 1114112K
  class space    used 6038K, committed 6720K, reserved 1048576K
}

