# JRE version: OpenJDK Runtime Environment Temurin-21.0.6+7 (21.0.6+7) (build 21.0.6+7-LTS)
# Java VM: OpenJDK 64-Bit Server VM Temurin-21.0.6+7 (21.0.6+7-LTS, mixed mode, sharing, tiered, compressed oops, compressed class ptrs, parallel gc, windows-amd64)
GC Precious Log:
 CardTable entry size: 512
 CPUs: 16 total, 16 available
 Memory: 15752M
 Large Page Support: Disabled
 NUMA Support: Disabled
 Compressed Oops: Enabled (32-bit)
 Alignments: Space 512K, Generation 512K, Heap 2M
 Heap Min Capacity: 100M
 Heap Initial Capacity: 100M
 Heap Max Capacity: 1G
 Pre-touch: Disabled
 Parallel Workers: 13
Heap:
 PSYoungGen      total 3072K, used 3030K [0x00000000eab00000, 0x00000000eaf80000, 0x0000000100000000)
  eden space 2560K, 100% used [0x00000000eab00000,0x00000000ead80000,0x00000000ead80000)
  from space 512K, 91% used [0x00000000eaf00000,0x00000000eaf75808,0x00000000eaf80000)
  to   space 1024K, 46% used [0x00000000ead80000,0x00000000eadf8000,0x00000000eae80000)
 ParOldGen       total 502272K, used 502004K [0x00000000c0000000, 0x00000000dea80000, 0x00000000eab00000)
  object space 502272K, 99% used [0x00000000c0000000,0x00000000dea3d0e0,0x00000000dea80000)
 Metaspace       used 70764K, committed 72256K, reserved 1114112K
  class space    used 7082K, committed 7744K, reserved 1048576K
GC Heap History (20 events):
Event: 35.928 GC heap before
{Heap before GC invocations=1856 (full 4):
 PSYoungGen      total 3072K, used 3052K [0x00000000eab00000, 0x00000000eaf80000, 0x0000000100000000)
  eden space 2560K, 100% used [0x00000000eab00000,0x00000000ead80000,0x00000000ead80000)
  from space 512K, 96% used [0x00000000eae80000,0x00000000eaefb008,0x00000000eaf00000)
  to   space 1024K, 0% used [0x00000000ead80000,0x00000000ead80000,0x00000000eae80000)
 ParOldGen       total 496640K, used 496222K [0x00000000c0000000, 0x00000000de500000, 0x00000000eab00000)
  object space 496640K, 99% used [0x00000000c0000000,0x00000000de497b58,0x00000000de500000)
 Metaspace       used 70757K, committed 72256K, reserved 1114112K
  class space    used 7082K, committed 7744K, reserved 1048576K
}
Event: 35.930 GC heap after
{Heap after GC invocations=1856 (full 4):
 PSYoungGen      total 3584K, used 512K [0x00000000eab00000, 0x00000000eaf80000, 0x0000000100000000)
  eden space 2560K, 0% used [0x00000000eab00000,0x00000000eab00000,0x00000000ead80000)
  from space 1024K, 50% used [0x00000000ead80000,0x00000000eae00000,0x00000000eae80000)
  to   space 1024K, 0% used [0x00000000eae80000,0x00000000eae80000,0x00000000eaf80000)
 ParOldGen       total 496640K, used 496626K [0x00000000c0000000, 0x00000000de500000, 0x00000000eab00000)
  object space 496640K, 99% used [0x00000000c0000000,0x00000000de4fcb60,0x00000000de500000)
 Metaspace       used 70757K, committed 72256K, reserved 1114112K
  class space    used 7082K, committed 7744K, reserved 1048576K
}
Event: 35.960 GC heap before
{Heap before GC invocations=1857 (full 4):
 PSYoungGen      total 3584K, used 3072K [0x00000000eab00000, 0x00000000eaf80000, 0x0000000100000000)
  eden space 2560K, 100% used [0x00000000eab00000,0x00000000ead80000,0x00000000ead80000)
  from space 1024K, 50% used [0x00000000ead80000,0x00000000eae00000,0x00000000eae80000)
  to   space 1024K, 0% used [0x00000000eae80000,0x00000000eae80000,0x00000000eaf80000)
 ParOldGen       total 496640K, used 496626K [0x00000000c0000000, 0x00000000de500000, 0x00000000eab00000)
  object space 496640K, 99% used [0x00000000c0000000,0x00000000de4fcb60,0x00000000de500000)
 Metaspace       used 70757K, committed 72256K, reserved 1114112K
  class space    used 7082K, committed 7744K, reserved 1048576K
}
Event: 35.962 GC heap after
{Heap after GC invocations=1857 (full 4):
 PSYoungGen      total 3584K, used 512K [0x00000000eab00000, 0x00000000eaf80000, 0x0000000100000000)
  eden space 2560K, 0% used [0x00000000eab00000,0x00000000eab00000,0x00000000ead80000)
  from space 1024K, 50% used [0x00000000eae80000,0x00000000eaf00000,0x00000000eaf80000)
  to   space 1024K, 0% used [0x00000000ead80000,0x00000000ead80000,0x00000000eae80000)
 ParOldGen       total 497152K, used 496970K [0x00000000c0000000, 0x00000000de580000, 0x00000000eab00000)
  object space 497152K, 99% used [0x00000000c0000000,0x00000000de552b60,0x00000000de580000)
 Metaspace       used 70757K, committed 72256K, reserved 1114112K
  class space    used 7082K, committed 7744K, reserved 1048576K
}
Event: 35.990 GC heap before
{Heap before GC invocations=1858 (full 4):
 PSYoungGen      total 3584K, used 3072K [0x00000000eab00000, 0x00000000eaf80000, 0x0000000100000000)
  eden space 2560K, 100% used [0x00000000eab00000,0x00000000ead80000,0x00000000ead80000)
  from space 1024K, 50% used [0x00000000eae80000,0x00000000eaf00000,0x00000000eaf80000)
  to   space 1024K, 0% used [0x00000000ead80000,0x00000000ead80000,0x00000000eae80000)
 ParOldGen       total 497152K, used 496970K [0x00000000c0000000, 0x00000000de580000, 0x00000000eab00000)
  object space 497152K, 99% used [0x00000000c0000000,0x00000000de552b60,0x00000000de580000)
 Metaspace       used 70757K, committed 72256K, reserved 1114112K
  class space    used 7082K, committed 7744K, reserved 1048576K
}
Event: 35.992 GC heap after
{Heap after GC invocations=1858 (full 4):
 PSYoungGen      total 3584K, used 512K [0x00000000eab00000, 0x00000000eaf80000, 0x0000000100000000)
  eden space 2560K, 0% used [0x00000000eab00000,0x00000000eab00000,0x00000000ead80000)
  from space 1024K, 50% used [0x00000000ead80000,0x00000000eae00000,0x00000000eae80000)
  to   space 1024K, 0% used [0x00000000eae80000,0x00000000eae80000,0x00000000eaf80000)
 ParOldGen       total 497664K, used 497314K [0x00000000c0000000, 0x00000000de600000, 0x00000000eab00000)
  object space 497664K, 99% used [0x00000000c0000000,0x00000000de5a8b60,0x00000000de600000)
 Metaspace       used 70757K, committed 72256K, reserved 1114112K
  class space    used 7082K, committed 7744K, reserved 1048576K
}
Event: 36.039 GC heap before
{Heap before GC invocations=1859 (full 4):
 PSYoungGen      total 3584K, used 3072K [0x00000000eab00000, 0x00000000eaf80000, 0x0000000100000000)
  eden space 2560K, 100% used [0x00000000eab00000,0x00000000ead80000,0x00000000ead80000)
  from space 1024K, 50% used [0x00000000ead80000,0x00000000eae00000,0x00000000eae80000)
  to   space 1024K, 0% used [0x00000000eae80000,0x00000000eae80000,0x00000000eaf80000)
 ParOldGen       total 497664K, used 497314K [0x00000000c0000000, 0x00000000de600000, 0x00000000eab00000)
  object space 497664K, 99% used [0x00000000c0000000,0x00000000de5a8b60,0x00000000de600000)
 Metaspace       used 70757K, committed 72256K, reserved 1114112K
  class space    used 7082K, committed 7744K, reserved 1048576K
}
Event: 36.041 GC heap after
{Heap after GC invocations=1859 (full 4):
 PSYoungGen      total 3584K, used 576K [0x00000000eab00000, 0x00000000eaf80000, 0x0000000100000000)
  eden space 2560K, 0% used [0x00000000eab00000,0x00000000eab00000,0x00000000ead80000)
  from space 1024K, 56% used [0x00000000eae80000,0x00000000eaf10000,0x00000000eaf80000)
  to   space 1024K, 0% used [0x00000000ead80000,0x00000000ead80000,0x00000000eae80000)
 ParOldGen       total 498176K, used 497674K [0x00000000c0000000, 0x00000000de680000, 0x00000000eab00000)
  object space 498176K, 99% used [0x00000000c0000000,0x00000000de602b60,0x00000000de680000)
 Metaspace       used 70757K, committed 72256K, reserved 1114112K
  class space    used 7082K, committed 7744K, reserved 1048576K
}
Event: 36.053 GC heap before
{Heap before GC invocations=1860 (full 4):
 PSYoungGen      total 3584K, used 3136K [0x00000000eab00000, 0x00000000eaf80000, 0x0000000100000000)
  eden space 2560K, 100% used [0x00000000eab00000,0x00000000ead80000,0x00000000ead80000)
  from space 1024K, 56% used [0x00000000eae80000,0x00000000eaf10000,0x00000000eaf80000)
  to   space 1024K, 0% used [0x00000000ead80000,0x00000000ead80000,0x00000000eae80000)
 ParOldGen       total 498176K, used 497674K [0x00000000c0000000, 0x00000000de680000, 0x00000000eab00000)
  object space 498176K, 99% used [0x00000000c0000000,0x00000000de602b60,0x00000000de680000)
 Metaspace       used 70757K, committed 72256K, reserved 1114112K
  class space    used 7082K, committed 7744K, reserved 1048576K
}
Event: 36.054 GC heap after
{Heap after GC invocations=1860 (full 4):
 PSYoungGen      total 3584K, used 416K [0x00000000eab00000, 0x00000000eaf00000, 0x0000000100000000)
  eden space 2560K, 0% used [0x00000000eab00000,0x00000000eab00000,0x00000000ead80000)
  from space 1024K, 40% used [0x00000000ead80000,0x00000000eade8000,0x00000000eae80000)
  to   space 512K, 0% used [0x00000000eae80000,0x00000000eae80000,0x00000000eaf00000)
 ParOldGen       total 498176K, used 498016K [0x00000000c0000000, 0x00000000de680000, 0x00000000eab00000)
  object space 498176K, 99% used [0x00000000c0000000,0x00000000de658170,0x00000000de680000)
 Metaspace       used 70757K, committed 72256K, reserved 1114112K
  class space    used 7082K, committed 7744K, reserved 1048576K
}
Event: 36.064 GC heap before
{Heap before GC invocations=1861 (full 4):
 PSYoungGen      total 3584K, used 2976K [0x00000000eab00000, 0x00000000eaf00000, 0x0000000100000000)
  eden space 2560K, 100% used [0x00000000eab00000,0x00000000ead80000,0x00000000ead80000)
  from space 1024K, 40% used [0x00000000ead80000,0x00000000eade8000,0x00000000eae80000)
  to   space 512K, 0% used [0x00000000eae80000,0x00000000eae80000,0x00000000eaf00000)
 ParOldGen       total 498176K, used 498016K [0x00000000c0000000, 0x00000000de680000, 0x00000000eab00000)
  object space 498176K, 99% used [0x00000000c0000000,0x00000000de658170,0x00000000de680000)
 Metaspace       used 70757K, committed 72256K, reserved 1114112K
  class space    used 7082K, committed 7744K, reserved 1048576K
}
Event: 36.066 GC heap after
{Heap after GC invocations=1861 (full 4):
 PSYoungGen      total 3072K, used 448K [0x00000000eab00000, 0x00000000eaf00000, 0x0000000100000000)
  eden space 2560K, 0% used [0x00000000eab00000,0x00000000eab00000,0x00000000ead80000)
  from space 512K, 87% used [0x00000000eae80000,0x00000000eaef0000,0x00000000eaf00000)
  to   space 512K, 0% used [0x00000000eae00000,0x00000000eae00000,0x00000000eae80000)
 ParOldGen       total 498688K, used 498352K [0x00000000c0000000, 0x00000000de700000, 0x00000000eab00000)
  object space 498688K, 99% used [0x00000000c0000000,0x00000000de6ac170,0x00000000de700000)
 Metaspace       used 70757K, committed 72256K, reserved 1114112K
  class space    used 7082K, committed 7744K, reserved 1048576K
}
Event: 36.132 GC heap before
{Heap before GC invocations=1862 (full 4):
 PSYoungGen      total 3072K, used 2989K [0x00000000eab00000, 0x00000000eaf00000, 0x0000000100000000)
  eden space 2560K, 99% used [0x00000000eab00000,0x00000000ead7b618,0x00000000ead80000)
  from space 512K, 87% used [0x00000000eae80000,0x00000000eaef0000,0x00000000eaf00000)
  to   space 512K, 0% used [0x00000000eae00000,0x00000000eae00000,0x00000000eae80000)
 ParOldGen       total 498688K, used 498352K [0x00000000c0000000, 0x00000000de700000, 0x00000000eab00000)
  object space 498688K, 99% used [0x00000000c0000000,0x00000000de6ac170,0x00000000de700000)
 Metaspace       used 70757K, committed 72256K, reserved 1114112K
  class space    used 7082K, committed 7744K, reserved 1048576K
}
Event: 36.134 GC heap after
{Heap after GC invocations=1862 (full 4):
 PSYoungGen      total 3072K, used 492K [0x00000000eab00000, 0x00000000eb180000, 0x0000000100000000)
  eden space 2560K, 0% used [0x00000000eab00000,0x00000000eab00000,0x00000000ead80000)
  from space 512K, 96% used [0x00000000eae00000,0x00000000eae7b000,0x00000000eae80000)
  to   space 2048K, 0% used [0x00000000eaf80000,0x00000000eaf80000,0x00000000eb180000)
 ParOldGen       total 499712K, used 499286K [0x00000000c0000000, 0x00000000de800000, 0x00000000eab00000)
  object space 499712K, 99% used [0x00000000c0000000,0x00000000de795970,0x00000000de800000)
 Metaspace       used 70757K, committed 72256K, reserved 1114112K
  class space    used 7082K, committed 7744K, reserved 1048576K
}
Event: 36.212 GC heap before
{Heap before GC invocations=1863 (full 4):
 PSYoungGen      total 3072K, used 3052K [0x00000000eab00000, 0x00000000eb180000, 0x0000000100000000)
  eden space 2560K, 100% used [0x00000000eab00000,0x00000000ead80000,0x00000000ead80000)
  from space 512K, 96% used [0x00000000eae00000,0x00000000eae7b000,0x00000000eae80000)
  to   space 2048K, 0% used [0x00000000eaf80000,0x00000000eaf80000,0x00000000eb180000)
 ParOldGen       total 499712K, used 499286K [0x00000000c0000000, 0x00000000de800000, 0x00000000eab00000)
  object space 499712K, 99% used [0x00000000c0000000,0x00000000de795970,0x00000000de800000)
 Metaspace       used 70759K, committed 72256K, reserved 1114112K
  class space    used 7082K, committed 7744K, reserved 1048576K
}
Event: 36.213 GC heap after
{Heap after GC invocations=1863 (full 4):
 PSYoungGen      total 3584K, used 608K [0x00000000eab00000, 0x00000000eb080000, 0x0000000100000000)
  eden space 2560K, 0% used [0x00000000eab00000,0x00000000eab00000,0x00000000ead80000)
  from space 1024K, 59% used [0x00000000eaf80000,0x00000000eb018000,0x00000000eb080000)
  to   space 1024K, 0% used [0x00000000eae80000,0x00000000eae80000,0x00000000eaf80000)
 ParOldGen       total 499712K, used 499430K [0x00000000c0000000, 0x00000000de800000, 0x00000000eab00000)
  object space 499712K, 99% used [0x00000000c0000000,0x00000000de7b9970,0x00000000de800000)
 Metaspace       used 70759K, committed 72256K, reserved 1114112K
  class space    used 7082K, committed 7744K, reserved 1048576K
}
Event: 36.224 GC heap before
{Heap before GC invocations=1864 (full 4):
 PSYoungGen      total 3584K, used 3167K [0x00000000eab00000, 0x00000000eb080000, 0x0000000100000000)
  eden space 2560K, 99% used [0x00000000eab00000,0x00000000ead7ffc8,0x00000000ead80000)
  from space 1024K, 59% used [0x00000000eaf80000,0x00000000eb018000,0x00000000eb080000)
  to   space 1024K, 0% used [0x00000000eae80000,0x00000000eae80000,0x00000000eaf80000)
 ParOldGen       total 499712K, used 499430K [0x00000000c0000000, 0x00000000de800000, 0x00000000eab00000)
  object space 499712K, 99% used [0x00000000c0000000,0x00000000de7b9970,0x00000000de800000)
 Metaspace       used 70759K, committed 72256K, reserved 1114112K
  class space    used 7082K, committed 7744K, reserved 1048576K
}
Event: 36.226 GC heap after
{Heap after GC invocations=1864 (full 4):
 PSYoungGen      total 3584K, used 644K [0x00000000eab00000, 0x00000000eb000000, 0x0000000100000000)
  eden space 2560K, 0% used [0x00000000eab00000,0x00000000eab00000,0x00000000ead80000)
  from space 1024K, 62% used [0x00000000eae80000,0x00000000eaf21330,0x00000000eaf80000)
  to   space 512K, 0% used [0x00000000eaf80000,0x00000000eaf80000,0x00000000eb000000)
 ParOldGen       total 500224K, used 499930K [0x00000000c0000000, 0x00000000de880000, 0x00000000eab00000)
  object space 500224K, 99% used [0x00000000c0000000,0x00000000de836990,0x00000000de880000)
 Metaspace       used 70759K, committed 72256K, reserved 1114112K
  class space    used 7082K, committed 7744K, reserved 1048576K
}
Event: 36.270 GC heap before
{Heap before GC invocations=1865 (full 4):
 PSYoungGen      total 3584K, used 3204K [0x00000000eab00000, 0x00000000eb000000, 0x0000000100000000)
  eden space 2560K, 100% used [0x00000000eab00000,0x00000000ead80000,0x00000000ead80000)
  from space 1024K, 62% used [0x00000000eae80000,0x00000000eaf21330,0x00000000eaf80000)
  to   space 512K, 0% used [0x00000000eaf80000,0x00000000eaf80000,0x00000000eb000000)
 ParOldGen       total 500224K, used 499930K [0x00000000c0000000, 0x00000000de880000, 0x00000000eab00000)
  object space 500224K, 99% used [0x00000000c0000000,0x00000000de836990,0x00000000de880000)
 Metaspace       used 70760K, committed 72256K, reserved 1114112K
  class space    used 7082K, committed 7744K, reserved 1048576K
}
Event: 36.272 GC heap after
{Heap after GC invocations=1865 (full 4):
 PSYoungGen      total 3072K, used 416K [0x00000000eab00000, 0x00000000eb000000, 0x0000000100000000)
  eden space 2560K, 0% used [0x00000000eab00000,0x00000000eab00000,0x00000000ead80000)
  from space 512K, 81% used [0x00000000eaf80000,0x00000000eafe8000,0x00000000eb000000)
  to   space 512K, 0% used [0x00000000eaf00000,0x00000000eaf00000,0x00000000eaf80000)
 ParOldGen       total 500736K, used 500341K [0x00000000c0000000, 0x00000000de900000, 0x00000000eab00000)
  object space 500736K, 99% used [0x00000000c0000000,0x00000000de89d598,0x00000000de900000)
 Metaspace       used 70760K, committed 72256K, reserved 1114112K
  class space    used 7082K, committed 7744K, reserved 1048576K
}

