# JRE version: OpenJDK Runtime Environment Temurin-21.0.6+7 (21.0.6+7) (build 21.0.6+7-LTS)
# Java VM: OpenJDK 64-Bit Server VM Temurin-21.0.6+7 (21.0.6+7-LTS, mixed mode, sharing, tiered, compressed oops, compressed class ptrs, parallel gc, windows-amd64)
GC Precious Log:
 CardTable entry size: 512
 CPUs: 16 total, 16 available
 Memory: 15752M
 Large Page Support: Disabled
 NUMA Support: Disabled
 Compressed Oops: Enabled (32-bit)
 Alignments: Space 512K, Generation 512K, Heap 2M
 Heap Min Capacity: 100M
 Heap Initial Capacity: 100M
 Heap Max Capacity: 1G
 Pre-touch: Disabled
 Parallel Workers: 13
Heap:
 PSYoungGen      total 8192K, used 5189K [0x00000000eab00000, 0x00000000eb700000, 0x0000000100000000)
  eden space 6144K, 51% used [0x00000000eab00000,0x00000000eae13eb8,0x00000000eb100000)
  from space 2048K, 99% used [0x00000000eb100000,0x00000000eb2fd828,0x00000000eb300000)
  to   space 3072K, 0% used [0x00000000eb400000,0x00000000eb400000,0x00000000eb700000)
 ParOldGen       total 410112K, used 409722K [0x00000000c0000000, 0x00000000d9080000, 0x00000000eab00000)
  object space 410112K, 99% used [0x00000000c0000000,0x00000000d901e958,0x00000000d9080000)
 Metaspace       used 57327K, committed 58624K, reserved 1114112K
  class space    used 5879K, committed 6464K, reserved 1048576K
GC Heap History (20 events):
Event: 13.589 GC heap before
{Heap before GC invocations=343 (full 3):
 PSYoungGen      total 7680K, used 7664K [0x00000000eab00000, 0x00000000eb480000, 0x0000000100000000)
  eden space 6656K, 100% used [0x00000000eab00000,0x00000000eb180000,0x00000000eb180000)
  from space 1024K, 98% used [0x00000000eb280000,0x00000000eb37c010,0x00000000eb380000)
  to   space 1024K, 0% used [0x00000000eb380000,0x00000000eb380000,0x00000000eb480000)
 ParOldGen       total 403456K, used 403316K [0x00000000c0000000, 0x00000000d8a00000, 0x00000000eab00000)
  object space 403456K, 99% used [0x00000000c0000000,0x00000000d89dd388,0x00000000d8a00000)
 Metaspace       used 56809K, committed 58112K, reserved 1114112K
  class space    used 5835K, committed 6400K, reserved 1048576K
}
Event: 13.591 GC heap after
{Heap after GC invocations=343 (full 3):
 PSYoungGen      total 7680K, used 880K [0x00000000eab00000, 0x00000000eb480000, 0x0000000100000000)
  eden space 6656K, 0% used [0x00000000eab00000,0x00000000eab00000,0x00000000eb180000)
  from space 1024K, 85% used [0x00000000eb380000,0x00000000eb45c010,0x00000000eb480000)
  to   space 1024K, 0% used [0x00000000eb280000,0x00000000eb280000,0x00000000eb380000)
 ParOldGen       total 404480K, used 404277K [0x00000000c0000000, 0x00000000d8b00000, 0x00000000eab00000)
  object space 404480K, 99% used [0x00000000c0000000,0x00000000d8acd470,0x00000000d8b00000)
 Metaspace       used 56809K, committed 58112K, reserved 1114112K
  class space    used 5835K, committed 6400K, reserved 1048576K
}
Event: 13.603 GC heap before
{Heap before GC invocations=344 (full 3):
 PSYoungGen      total 7680K, used 7536K [0x00000000eab00000, 0x00000000eb480000, 0x0000000100000000)
  eden space 6656K, 100% used [0x00000000eab00000,0x00000000eb180000,0x00000000eb180000)
  from space 1024K, 85% used [0x00000000eb380000,0x00000000eb45c010,0x00000000eb480000)
  to   space 1024K, 0% used [0x00000000eb280000,0x00000000eb280000,0x00000000eb380000)
 ParOldGen       total 404480K, used 404277K [0x00000000c0000000, 0x00000000d8b00000, 0x00000000eab00000)
  object space 404480K, 99% used [0x00000000c0000000,0x00000000d8acd470,0x00000000d8b00000)
 Metaspace       used 56818K, committed 58112K, reserved 1114112K
  class space    used 5835K, committed 6400K, reserved 1048576K
}
Event: 13.604 GC heap after
{Heap after GC invocations=344 (full 3):
 PSYoungGen      total 7680K, used 1014K [0x00000000eab00000, 0x00000000eb580000, 0x0000000100000000)
  eden space 6656K, 0% used [0x00000000eab00000,0x00000000eab00000,0x00000000eb180000)
  from space 1024K, 99% used [0x00000000eb280000,0x00000000eb37d808,0x00000000eb380000)
  to   space 2048K, 0% used [0x00000000eb380000,0x00000000eb380000,0x00000000eb580000)
 ParOldGen       total 404992K, used 404773K [0x00000000c0000000, 0x00000000d8b80000, 0x00000000eab00000)
  object space 404992K, 99% used [0x00000000c0000000,0x00000000d8b49480,0x00000000d8b80000)
 Metaspace       used 56818K, committed 58112K, reserved 1114112K
  class space    used 5835K, committed 6400K, reserved 1048576K
}
Event: 13.621 GC heap before
{Heap before GC invocations=345 (full 3):
 PSYoungGen      total 7680K, used 7670K [0x00000000eab00000, 0x00000000eb580000, 0x0000000100000000)
  eden space 6656K, 100% used [0x00000000eab00000,0x00000000eb180000,0x00000000eb180000)
  from space 1024K, 99% used [0x00000000eb280000,0x00000000eb37d808,0x00000000eb380000)
  to   space 2048K, 0% used [0x00000000eb380000,0x00000000eb380000,0x00000000eb580000)
 ParOldGen       total 404992K, used 404773K [0x00000000c0000000, 0x00000000d8b80000, 0x00000000eab00000)
  object space 404992K, 99% used [0x00000000c0000000,0x00000000d8b49480,0x00000000d8b80000)
 Metaspace       used 56839K, committed 58112K, reserved 1114112K
  class space    used 5836K, committed 6400K, reserved 1048576K
}
Event: 13.623 GC heap after
{Heap after GC invocations=345 (full 3):
 PSYoungGen      total 7680K, used 880K [0x00000000eab00000, 0x00000000eb480000, 0x0000000100000000)
  eden space 6656K, 0% used [0x00000000eab00000,0x00000000eab00000,0x00000000eb180000)
  from space 1024K, 85% used [0x00000000eb380000,0x00000000eb45c010,0x00000000eb480000)
  to   space 1536K, 0% used [0x00000000eb180000,0x00000000eb180000,0x00000000eb300000)
 ParOldGen       total 406016K, used 405807K [0x00000000c0000000, 0x00000000d8c80000, 0x00000000eab00000)
  object space 406016K, 99% used [0x00000000c0000000,0x00000000d8c4bcc8,0x00000000d8c80000)
 Metaspace       used 56839K, committed 58112K, reserved 1114112K
  class space    used 5836K, committed 6400K, reserved 1048576K
}
Event: 13.632 GC heap before
{Heap before GC invocations=346 (full 3):
 PSYoungGen      total 7680K, used 7536K [0x00000000eab00000, 0x00000000eb480000, 0x0000000100000000)
  eden space 6656K, 100% used [0x00000000eab00000,0x00000000eb180000,0x00000000eb180000)
  from space 1024K, 85% used [0x00000000eb380000,0x00000000eb45c010,0x00000000eb480000)
  to   space 1536K, 0% used [0x00000000eb180000,0x00000000eb180000,0x00000000eb300000)
 ParOldGen       total 406016K, used 405807K [0x00000000c0000000, 0x00000000d8c80000, 0x00000000eab00000)
  object space 406016K, 99% used [0x00000000c0000000,0x00000000d8c4bcc8,0x00000000d8c80000)
 Metaspace       used 56882K, committed 58176K, reserved 1114112K
  class space    used 5848K, committed 6400K, reserved 1048576K
}
Event: 13.635 GC heap after
{Heap after GC invocations=346 (full 3):
 PSYoungGen      total 8192K, used 1519K [0x00000000eab00000, 0x00000000eb680000, 0x0000000100000000)
  eden space 6656K, 0% used [0x00000000eab00000,0x00000000eab00000,0x00000000eb180000)
  from space 1536K, 98% used [0x00000000eb180000,0x00000000eb2fbc10,0x00000000eb300000)
  to   space 2560K, 0% used [0x00000000eb400000,0x00000000eb400000,0x00000000eb680000)
 ParOldGen       total 406528K, used 406194K [0x00000000c0000000, 0x00000000d8d00000, 0x00000000eab00000)
  object space 406528K, 99% used [0x00000000c0000000,0x00000000d8cac868,0x00000000d8d00000)
 Metaspace       used 56882K, committed 58176K, reserved 1114112K
  class space    used 5848K, committed 6400K, reserved 1048576K
}
Event: 13.668 GC heap before
{Heap before GC invocations=347 (full 3):
 PSYoungGen      total 8192K, used 8175K [0x00000000eab00000, 0x00000000eb680000, 0x0000000100000000)
  eden space 6656K, 100% used [0x00000000eab00000,0x00000000eb180000,0x00000000eb180000)
  from space 1536K, 98% used [0x00000000eb180000,0x00000000eb2fbc10,0x00000000eb300000)
  to   space 2560K, 0% used [0x00000000eb400000,0x00000000eb400000,0x00000000eb680000)
 ParOldGen       total 406528K, used 406194K [0x00000000c0000000, 0x00000000d8d00000, 0x00000000eab00000)
  object space 406528K, 99% used [0x00000000c0000000,0x00000000d8cac868,0x00000000d8d00000)
 Metaspace       used 56997K, committed 58304K, reserved 1114112K
  class space    used 5854K, committed 6400K, reserved 1048576K
}
Event: 13.670 GC heap after
{Heap after GC invocations=347 (full 3):
 PSYoungGen      total 7680K, used 688K [0x00000000eab00000, 0x00000000eb500000, 0x0000000100000000)
  eden space 6656K, 0% used [0x00000000eab00000,0x00000000eab00000,0x00000000eb180000)
  from space 1024K, 67% used [0x00000000eb400000,0x00000000eb4ac010,0x00000000eb500000)
  to   space 1536K, 0% used [0x00000000eb200000,0x00000000eb200000,0x00000000eb380000)
 ParOldGen       total 407552K, used 407383K [0x00000000c0000000, 0x00000000d8e00000, 0x00000000eab00000)
  object space 407552K, 99% used [0x00000000c0000000,0x00000000d8dd5fa8,0x00000000d8e00000)
 Metaspace       used 56997K, committed 58304K, reserved 1114112K
  class space    used 5854K, committed 6400K, reserved 1048576K
}
Event: 13.698 GC heap before
{Heap before GC invocations=348 (full 3):
 PSYoungGen      total 7680K, used 7334K [0x00000000eab00000, 0x00000000eb500000, 0x0000000100000000)
  eden space 6656K, 99% used [0x00000000eab00000,0x00000000eb17db50,0x00000000eb180000)
  from space 1024K, 67% used [0x00000000eb400000,0x00000000eb4ac010,0x00000000eb500000)
  to   space 1536K, 0% used [0x00000000eb200000,0x00000000eb200000,0x00000000eb380000)
 ParOldGen       total 407552K, used 407383K [0x00000000c0000000, 0x00000000d8e00000, 0x00000000eab00000)
  object space 407552K, 99% used [0x00000000c0000000,0x00000000d8dd5fa8,0x00000000d8e00000)
 Metaspace       used 57031K, committed 58304K, reserved 1114112K
  class space    used 5856K, committed 6400K, reserved 1048576K
}
Event: 13.700 GC heap after
{Heap after GC invocations=348 (full 3):
 PSYoungGen      total 8192K, used 912K [0x00000000eab00000, 0x00000000eb480000, 0x0000000100000000)
  eden space 6656K, 0% used [0x00000000eab00000,0x00000000eab00000,0x00000000eb180000)
  from space 1536K, 59% used [0x00000000eb200000,0x00000000eb2e4010,0x00000000eb380000)
  to   space 1024K, 0% used [0x00000000eb380000,0x00000000eb380000,0x00000000eb480000)
 ParOldGen       total 408064K, used 407819K [0x00000000c0000000, 0x00000000d8e80000, 0x00000000eab00000)
  object space 408064K, 99% used [0x00000000c0000000,0x00000000d8e42e08,0x00000000d8e80000)
 Metaspace       used 57031K, committed 58304K, reserved 1114112K
  class space    used 5856K, committed 6400K, reserved 1048576K
}
Event: 13.720 GC heap before
{Heap before GC invocations=349 (full 3):
 PSYoungGen      total 8192K, used 7568K [0x00000000eab00000, 0x00000000eb480000, 0x0000000100000000)
  eden space 6656K, 100% used [0x00000000eab00000,0x00000000eb180000,0x00000000eb180000)
  from space 1536K, 59% used [0x00000000eb200000,0x00000000eb2e4010,0x00000000eb380000)
  to   space 1024K, 0% used [0x00000000eb380000,0x00000000eb380000,0x00000000eb480000)
 ParOldGen       total 408064K, used 407819K [0x00000000c0000000, 0x00000000d8e80000, 0x00000000eab00000)
  object space 408064K, 99% used [0x00000000c0000000,0x00000000d8e42e08,0x00000000d8e80000)
 Metaspace       used 57052K, committed 58368K, reserved 1114112K
  class space    used 5856K, committed 6400K, reserved 1048576K
}
Event: 13.722 GC heap after
{Heap after GC invocations=349 (full 3):
 PSYoungGen      total 7680K, used 1003K [0x00000000eab00000, 0x00000000eb580000, 0x0000000100000000)
  eden space 6656K, 0% used [0x00000000eab00000,0x00000000eab00000,0x00000000eb180000)
  from space 1024K, 97% used [0x00000000eb380000,0x00000000eb47ac18,0x00000000eb480000)
  to   space 2048K, 0% used [0x00000000eb180000,0x00000000eb180000,0x00000000eb380000)
 ParOldGen       total 408576K, used 408331K [0x00000000c0000000, 0x00000000d8f00000, 0x00000000eab00000)
  object space 408576K, 99% used [0x00000000c0000000,0x00000000d8ec2e08,0x00000000d8f00000)
 Metaspace       used 57052K, committed 58368K, reserved 1114112K
  class space    used 5856K, committed 6400K, reserved 1048576K
}
Event: 13.742 GC heap before
{Heap before GC invocations=350 (full 3):
 PSYoungGen      total 7680K, used 7659K [0x00000000eab00000, 0x00000000eb580000, 0x0000000100000000)
  eden space 6656K, 100% used [0x00000000eab00000,0x00000000eb180000,0x00000000eb180000)
  from space 1024K, 97% used [0x00000000eb380000,0x00000000eb47ac18,0x00000000eb480000)
  to   space 2048K, 0% used [0x00000000eb180000,0x00000000eb180000,0x00000000eb380000)
 ParOldGen       total 408576K, used 408331K [0x00000000c0000000, 0x00000000d8f00000, 0x00000000eab00000)
  object space 408576K, 99% used [0x00000000c0000000,0x00000000d8ec2e08,0x00000000d8f00000)
 Metaspace       used 57078K, committed 58496K, reserved 1114112K
  class space    used 5857K, committed 6464K, reserved 1048576K
}
Event: 13.744 GC heap after
{Heap after GC invocations=350 (full 3):
 PSYoungGen      total 7680K, used 902K [0x00000000eab00000, 0x00000000eb480000, 0x0000000100000000)
  eden space 6656K, 0% used [0x00000000eab00000,0x00000000eab00000,0x00000000eb180000)
  from space 1024K, 88% used [0x00000000eb180000,0x00000000eb261818,0x00000000eb280000)
  to   space 1536K, 0% used [0x00000000eb300000,0x00000000eb300000,0x00000000eb480000)
 ParOldGen       total 409600K, used 409315K [0x00000000c0000000, 0x00000000d9000000, 0x00000000eab00000)
  object space 409600K, 99% used [0x00000000c0000000,0x00000000d8fb8e88,0x00000000d9000000)
 Metaspace       used 57078K, committed 58496K, reserved 1114112K
  class space    used 5857K, committed 6464K, reserved 1048576K
}
Event: 14.819 GC heap before
{Heap before GC invocations=351 (full 3):
 PSYoungGen      total 7680K, used 7555K [0x00000000eab00000, 0x00000000eb480000, 0x0000000100000000)
  eden space 6656K, 99% used [0x00000000eab00000,0x00000000eb17f430,0x00000000eb180000)
  from space 1024K, 88% used [0x00000000eb180000,0x00000000eb261818,0x00000000eb280000)
  to   space 1536K, 0% used [0x00000000eb300000,0x00000000eb300000,0x00000000eb480000)
 ParOldGen       total 409600K, used 409315K [0x00000000c0000000, 0x00000000d9000000, 0x00000000eab00000)
  object space 409600K, 99% used [0x00000000c0000000,0x00000000d8fb8e88,0x00000000d9000000)
 Metaspace       used 57119K, committed 58496K, reserved 1114112K
  class space    used 5862K, committed 6464K, reserved 1048576K
}
Event: 14.821 GC heap after
{Heap after GC invocations=351 (full 3):
 PSYoungGen      total 7680K, used 1510K [0x00000000eab00000, 0x00000000eb580000, 0x0000000100000000)
  eden space 6144K, 0% used [0x00000000eab00000,0x00000000eab00000,0x00000000eb100000)
  from space 1536K, 98% used [0x00000000eb300000,0x00000000eb479838,0x00000000eb480000)
  to   space 2048K, 0% used [0x00000000eb100000,0x00000000eb100000,0x00000000eb300000)
 ParOldGen       total 409600K, used 409315K [0x00000000c0000000, 0x00000000d9000000, 0x00000000eab00000)
  object space 409600K, 99% used [0x00000000c0000000,0x00000000d8fb8e88,0x00000000d9000000)
 Metaspace       used 57119K, committed 58496K, reserved 1114112K
  class space    used 5862K, committed 6464K, reserved 1048576K
}
Event: 14.858 GC heap before
{Heap before GC invocations=352 (full 3):
 PSYoungGen      total 7680K, used 7654K [0x00000000eab00000, 0x00000000eb580000, 0x0000000100000000)
  eden space 6144K, 100% used [0x00000000eab00000,0x00000000eb100000,0x00000000eb100000)
  from space 1536K, 98% used [0x00000000eb300000,0x00000000eb479838,0x00000000eb480000)
  to   space 2048K, 0% used [0x00000000eb100000,0x00000000eb100000,0x00000000eb300000)
 ParOldGen       total 409600K, used 409315K [0x00000000c0000000, 0x00000000d9000000, 0x00000000eab00000)
  object space 409600K, 99% used [0x00000000c0000000,0x00000000d8fb8e88,0x00000000d9000000)
 Metaspace       used 57163K, committed 58560K, reserved 1114112K
  class space    used 5866K, committed 6464K, reserved 1048576K
}
Event: 14.859 GC heap after
{Heap after GC invocations=352 (full 3):
 PSYoungGen      total 8192K, used 2038K [0x00000000eab00000, 0x00000000eb700000, 0x0000000100000000)
  eden space 6144K, 0% used [0x00000000eab00000,0x00000000eab00000,0x00000000eb100000)
  from space 2048K, 99% used [0x00000000eb100000,0x00000000eb2fd828,0x00000000eb300000)
  to   space 3072K, 0% used [0x00000000eb400000,0x00000000eb400000,0x00000000eb700000)
 ParOldGen       total 410112K, used 409722K [0x00000000c0000000, 0x00000000d9080000, 0x00000000eab00000)
  object space 410112K, 99% used [0x00000000c0000000,0x00000000d901e958,0x00000000d9080000)
 Metaspace       used 57163K, committed 58560K, reserved 1114112K
  class space    used 5866K, committed 6464K, reserved 1048576K
}

