# JRE version: OpenJDK Runtime Environment Temurin-21.0.6+7 (21.0.6+7) (build 21.0.6+7-LTS)
# Java VM: OpenJDK 64-Bit Server VM Temurin-21.0.6+7 (21.0.6+7-LTS, mixed mode, sharing, tiered, compressed oops, compressed class ptrs, parallel gc, windows-amd64)
GC Precious Log:
 CardTable entry size: 512
 CPUs: 16 total, 16 available
 Memory: 15752M
 Large Page Support: Disabled
 NUMA Support: Disabled
 Compressed Oops: Enabled (32-bit)
 Alignments: Space 512K, Generation 512K, Heap 2M
 Heap Min Capacity: 100M
 Heap Initial Capacity: 100M
 Heap Max Capacity: 1G
 Pre-touch: Disabled
 Parallel Workers: 13
Heap:
 PSYoungGen      total 6144K, used 5872K [0x00000000eab00000, 0x00000000eb280000, 0x0000000100000000)
  eden space 5120K, 95% used [0x00000000eab00000,0x00000000eafc0080,0x00000000eb000000)
  from space 1024K, 98% used [0x00000000eb180000,0x00000000eb27c010,0x00000000eb280000)
  to   space 1024K, 0% used [0x00000000eb000000,0x00000000eb000000,0x00000000eb100000)
 ParOldGen       total 612864K, used 612458K [0x00000000c0000000, 0x00000000e5680000, 0x00000000eab00000)
  object space 612864K, 99% used [0x00000000c0000000,0x00000000e561aae8,0x00000000e5680000)
 Metaspace       used 66207K, committed 67712K, reserved 1114112K
  class space    used 6545K, committed 7168K, reserved 1048576K
GC Heap History (20 events):
Event: 16.875 GC heap before
{Heap before GC invocations=1522 (full 3):
 PSYoungGen      total 5120K, used 4758K [0x00000000eab00000, 0x00000000eb200000, 0x0000000100000000)
  eden space 4096K, 100% used [0x00000000eab00000,0x00000000eaf00000,0x00000000eaf00000)
  from space 1024K, 64% used [0x00000000eb100000,0x00000000eb1a5810,0x00000000eb200000)
  to   space 1024K, 0% used [0x00000000eaf00000,0x00000000eaf00000,0x00000000eb000000)
 ParOldGen       total 606208K, used 606112K [0x00000000c0000000, 0x00000000e5000000, 0x00000000eab00000)
  object space 606208K, 99% used [0x00000000c0000000,0x00000000e4fe8198,0x00000000e5000000)
 Metaspace       used 66207K, committed 67712K, reserved 1114112K
  class space    used 6545K, committed 7168K, reserved 1048576K
}
Event: 16.876 GC heap after
{Heap after GC invocations=1522 (full 3):
 PSYoungGen      total 5120K, used 640K [0x00000000eab00000, 0x00000000eb180000, 0x0000000100000000)
  eden space 4096K, 0% used [0x00000000eab00000,0x00000000eab00000,0x00000000eaf00000)
  from space 1024K, 62% used [0x00000000eaf00000,0x00000000eafa0000,0x00000000eb000000)
  to   space 1024K, 0% used [0x00000000eb080000,0x00000000eb080000,0x00000000eb180000)
 ParOldGen       total 606720K, used 606686K [0x00000000c0000000, 0x00000000e5080000, 0x00000000eab00000)
  object space 606720K, 99% used [0x00000000c0000000,0x00000000e50779a8,0x00000000e5080000)
 Metaspace       used 66207K, committed 67712K, reserved 1114112K
  class space    used 6545K, committed 7168K, reserved 1048576K
}
Event: 16.881 GC heap before
{Heap before GC invocations=1523 (full 3):
 PSYoungGen      total 5120K, used 4732K [0x00000000eab00000, 0x00000000eb180000, 0x0000000100000000)
  eden space 4096K, 99% used [0x00000000eab00000,0x00000000eaeff070,0x00000000eaf00000)
  from space 1024K, 62% used [0x00000000eaf00000,0x00000000eafa0000,0x00000000eb000000)
  to   space 1024K, 0% used [0x00000000eb080000,0x00000000eb080000,0x00000000eb180000)
 ParOldGen       total 606720K, used 606686K [0x00000000c0000000, 0x00000000e5080000, 0x00000000eab00000)
  object space 606720K, 99% used [0x00000000c0000000,0x00000000e50779a8,0x00000000e5080000)
 Metaspace       used 66207K, committed 67712K, reserved 1114112K
  class space    used 6545K, committed 7168K, reserved 1048576K
}
Event: 16.881 GC heap after
{Heap after GC invocations=1523 (full 3):
 PSYoungGen      total 5120K, used 656K [0x00000000eab00000, 0x00000000eb180000, 0x0000000100000000)
  eden space 4096K, 0% used [0x00000000eab00000,0x00000000eab00000,0x00000000eaf00000)
  from space 1024K, 64% used [0x00000000eb080000,0x00000000eb124010,0x00000000eb180000)
  to   space 1024K, 0% used [0x00000000eaf00000,0x00000000eaf00000,0x00000000eb000000)
 ParOldGen       total 607232K, used 607134K [0x00000000c0000000, 0x00000000e5100000, 0x00000000eab00000)
  object space 607232K, 99% used [0x00000000c0000000,0x00000000e50e79a8,0x00000000e5100000)
 Metaspace       used 66207K, committed 67712K, reserved 1114112K
  class space    used 6545K, committed 7168K, reserved 1048576K
}
Event: 16.886 GC heap before
{Heap before GC invocations=1524 (full 3):
 PSYoungGen      total 5120K, used 4752K [0x00000000eab00000, 0x00000000eb180000, 0x0000000100000000)
  eden space 4096K, 100% used [0x00000000eab00000,0x00000000eaf00000,0x00000000eaf00000)
  from space 1024K, 64% used [0x00000000eb080000,0x00000000eb124010,0x00000000eb180000)
  to   space 1024K, 0% used [0x00000000eaf00000,0x00000000eaf00000,0x00000000eb000000)
 ParOldGen       total 607232K, used 607134K [0x00000000c0000000, 0x00000000e5100000, 0x00000000eab00000)
  object space 607232K, 99% used [0x00000000c0000000,0x00000000e50e79a8,0x00000000e5100000)
 Metaspace       used 66207K, committed 67712K, reserved 1114112K
  class space    used 6545K, committed 7168K, reserved 1048576K
}
Event: 16.887 GC heap after
{Heap after GC invocations=1524 (full 3):
 PSYoungGen      total 5120K, used 640K [0x00000000eab00000, 0x00000000eb100000, 0x0000000100000000)
  eden space 4096K, 0% used [0x00000000eab00000,0x00000000eab00000,0x00000000eaf00000)
  from space 1024K, 62% used [0x00000000eaf00000,0x00000000eafa0000,0x00000000eb000000)
  to   space 1024K, 0% used [0x00000000eb000000,0x00000000eb000000,0x00000000eb100000)
 ParOldGen       total 607744K, used 607622K [0x00000000c0000000, 0x00000000e5180000, 0x00000000eab00000)
  object space 607744K, 99% used [0x00000000c0000000,0x00000000e51619a8,0x00000000e5180000)
 Metaspace       used 66207K, committed 67712K, reserved 1114112K
  class space    used 6545K, committed 7168K, reserved 1048576K
}
Event: 16.891 GC heap before
{Heap before GC invocations=1525 (full 3):
 PSYoungGen      total 5120K, used 4736K [0x00000000eab00000, 0x00000000eb100000, 0x0000000100000000)
  eden space 4096K, 100% used [0x00000000eab00000,0x00000000eaf00000,0x00000000eaf00000)
  from space 1024K, 62% used [0x00000000eaf00000,0x00000000eafa0000,0x00000000eb000000)
  to   space 1024K, 0% used [0x00000000eb000000,0x00000000eb000000,0x00000000eb100000)
 ParOldGen       total 607744K, used 607622K [0x00000000c0000000, 0x00000000e5180000, 0x00000000eab00000)
  object space 607744K, 99% used [0x00000000c0000000,0x00000000e51619a8,0x00000000e5180000)
 Metaspace       used 66207K, committed 67712K, reserved 1114112K
  class space    used 6545K, committed 7168K, reserved 1048576K
}
Event: 16.892 GC heap after
{Heap after GC invocations=1525 (full 3):
 PSYoungGen      total 5120K, used 672K [0x00000000eab00000, 0x00000000eb100000, 0x0000000100000000)
  eden space 4096K, 0% used [0x00000000eab00000,0x00000000eab00000,0x00000000eaf00000)
  from space 1024K, 65% used [0x00000000eb000000,0x00000000eb0a8000,0x00000000eb100000)
  to   space 1024K, 0% used [0x00000000eaf00000,0x00000000eaf00000,0x00000000eb000000)
 ParOldGen       total 608256K, used 608070K [0x00000000c0000000, 0x00000000e5200000, 0x00000000eab00000)
  object space 608256K, 99% used [0x00000000c0000000,0x00000000e51d19a8,0x00000000e5200000)
 Metaspace       used 66207K, committed 67712K, reserved 1114112K
  class space    used 6545K, committed 7168K, reserved 1048576K
}
Event: 16.896 GC heap before
{Heap before GC invocations=1526 (full 3):
 PSYoungGen      total 5120K, used 4768K [0x00000000eab00000, 0x00000000eb100000, 0x0000000100000000)
  eden space 4096K, 100% used [0x00000000eab00000,0x00000000eaf00000,0x00000000eaf00000)
  from space 1024K, 65% used [0x00000000eb000000,0x00000000eb0a8000,0x00000000eb100000)
  to   space 1024K, 0% used [0x00000000eaf00000,0x00000000eaf00000,0x00000000eb000000)
 ParOldGen       total 608256K, used 608070K [0x00000000c0000000, 0x00000000e5200000, 0x00000000eab00000)
  object space 608256K, 99% used [0x00000000c0000000,0x00000000e51d19a8,0x00000000e5200000)
 Metaspace       used 66207K, committed 67712K, reserved 1114112K
  class space    used 6545K, committed 7168K, reserved 1048576K
}
Event: 17.897 GC heap after
{Heap after GC invocations=1526 (full 3):
 PSYoungGen      total 5120K, used 736K [0x00000000eab00000, 0x00000000eb200000, 0x0000000100000000)
  eden space 4096K, 0% used [0x00000000eab00000,0x00000000eab00000,0x00000000eaf00000)
  from space 1024K, 71% used [0x00000000eaf00000,0x00000000eafb8000,0x00000000eb000000)
  to   space 1024K, 0% used [0x00000000eb100000,0x00000000eb100000,0x00000000eb200000)
 ParOldGen       total 608768K, used 608590K [0x00000000c0000000, 0x00000000e5280000, 0x00000000eab00000)
  object space 608768K, 99% used [0x00000000c0000000,0x00000000e52539a8,0x00000000e5280000)
 Metaspace       used 66207K, committed 67712K, reserved 1114112K
  class space    used 6545K, committed 7168K, reserved 1048576K
}
Event: 17.902 GC heap before
{Heap before GC invocations=1527 (full 3):
 PSYoungGen      total 5120K, used 4832K [0x00000000eab00000, 0x00000000eb200000, 0x0000000100000000)
  eden space 4096K, 100% used [0x00000000eab00000,0x00000000eaf00000,0x00000000eaf00000)
  from space 1024K, 71% used [0x00000000eaf00000,0x00000000eafb8000,0x00000000eb000000)
  to   space 1024K, 0% used [0x00000000eb100000,0x00000000eb100000,0x00000000eb200000)
 ParOldGen       total 608768K, used 608590K [0x00000000c0000000, 0x00000000e5280000, 0x00000000eab00000)
  object space 608768K, 99% used [0x00000000c0000000,0x00000000e52539a8,0x00000000e5280000)
 Metaspace       used 66207K, committed 67712K, reserved 1114112K
  class space    used 6545K, committed 7168K, reserved 1048576K
}
Event: 17.903 GC heap after
{Heap after GC invocations=1527 (full 3):
 PSYoungGen      total 6144K, used 736K [0x00000000eab00000, 0x00000000eb200000, 0x0000000100000000)
  eden space 5120K, 0% used [0x00000000eab00000,0x00000000eab00000,0x00000000eb000000)
  from space 1024K, 71% used [0x00000000eb100000,0x00000000eb1b8000,0x00000000eb200000)
  to   space 1024K, 0% used [0x00000000eb000000,0x00000000eb000000,0x00000000eb100000)
 ParOldGen       total 609280K, used 609110K [0x00000000c0000000, 0x00000000e5300000, 0x00000000eab00000)
  object space 609280K, 99% used [0x00000000c0000000,0x00000000e52d59a8,0x00000000e5300000)
 Metaspace       used 66207K, committed 67712K, reserved 1114112K
  class space    used 6545K, committed 7168K, reserved 1048576K
}
Event: 17.914 GC heap before
{Heap before GC invocations=1528 (full 3):
 PSYoungGen      total 6144K, used 5856K [0x00000000eab00000, 0x00000000eb200000, 0x0000000100000000)
  eden space 5120K, 100% used [0x00000000eab00000,0x00000000eb000000,0x00000000eb000000)
  from space 1024K, 71% used [0x00000000eb100000,0x00000000eb1b8000,0x00000000eb200000)
  to   space 1024K, 0% used [0x00000000eb000000,0x00000000eb000000,0x00000000eb100000)
 ParOldGen       total 609280K, used 609110K [0x00000000c0000000, 0x00000000e5300000, 0x00000000eab00000)
  object space 609280K, 99% used [0x00000000c0000000,0x00000000e52d59a8,0x00000000e5300000)
 Metaspace       used 66207K, committed 67712K, reserved 1114112K
  class space    used 6545K, committed 7168K, reserved 1048576K
}
Event: 18.927 GC heap after
{Heap after GC invocations=1528 (full 3):
 PSYoungGen      total 6144K, used 736K [0x00000000eab00000, 0x00000000eb300000, 0x0000000100000000)
  eden space 5120K, 0% used [0x00000000eab00000,0x00000000eab00000,0x00000000eb000000)
  from space 1024K, 71% used [0x00000000eb000000,0x00000000eb0b8000,0x00000000eb100000)
  to   space 1024K, 0% used [0x00000000eb200000,0x00000000eb200000,0x00000000eb300000)
 ParOldGen       total 609792K, used 609670K [0x00000000c0000000, 0x00000000e5380000, 0x00000000eab00000)
  object space 609792K, 99% used [0x00000000c0000000,0x00000000e53619a8,0x00000000e5380000)
 Metaspace       used 66207K, committed 67712K, reserved 1114112K
  class space    used 6545K, committed 7168K, reserved 1048576K
}
Event: 18.934 GC heap before
{Heap before GC invocations=1529 (full 3):
 PSYoungGen      total 6144K, used 5856K [0x00000000eab00000, 0x00000000eb300000, 0x0000000100000000)
  eden space 5120K, 100% used [0x00000000eab00000,0x00000000eb000000,0x00000000eb000000)
  from space 1024K, 71% used [0x00000000eb000000,0x00000000eb0b8000,0x00000000eb100000)
  to   space 1024K, 0% used [0x00000000eb200000,0x00000000eb200000,0x00000000eb300000)
 ParOldGen       total 609792K, used 609670K [0x00000000c0000000, 0x00000000e5380000, 0x00000000eab00000)
  object space 609792K, 99% used [0x00000000c0000000,0x00000000e53619a8,0x00000000e5380000)
 Metaspace       used 66207K, committed 67712K, reserved 1114112K
  class space    used 6545K, committed 7168K, reserved 1048576K
}
Event: 18.935 GC heap after
{Heap after GC invocations=1529 (full 3):
 PSYoungGen      total 6144K, used 768K [0x00000000eab00000, 0x00000000eb300000, 0x0000000100000000)
  eden space 5120K, 0% used [0x00000000eab00000,0x00000000eab00000,0x00000000eb000000)
  from space 1024K, 75% used [0x00000000eb200000,0x00000000eb2c0000,0x00000000eb300000)
  to   space 1024K, 0% used [0x00000000eb000000,0x00000000eb000000,0x00000000eb100000)
 ParOldGen       total 610816K, used 610318K [0x00000000c0000000, 0x00000000e5480000, 0x00000000eab00000)
  object space 610816K, 99% used [0x00000000c0000000,0x00000000e54039a8,0x00000000e5480000)
 Metaspace       used 66207K, committed 67712K, reserved 1114112K
  class space    used 6545K, committed 7168K, reserved 1048576K
}
Event: 18.945 GC heap before
{Heap before GC invocations=1530 (full 3):
 PSYoungGen      total 6144K, used 5888K [0x00000000eab00000, 0x00000000eb300000, 0x0000000100000000)
  eden space 5120K, 100% used [0x00000000eab00000,0x00000000eb000000,0x00000000eb000000)
  from space 1024K, 75% used [0x00000000eb200000,0x00000000eb2c0000,0x00000000eb300000)
  to   space 1024K, 0% used [0x00000000eb000000,0x00000000eb000000,0x00000000eb100000)
 ParOldGen       total 610816K, used 610318K [0x00000000c0000000, 0x00000000e5480000, 0x00000000eab00000)
  object space 610816K, 99% used [0x00000000c0000000,0x00000000e54039a8,0x00000000e5480000)
 Metaspace       used 66207K, committed 67712K, reserved 1114112K
  class space    used 6545K, committed 7168K, reserved 1048576K
}
Event: 18.946 GC heap after
{Heap after GC invocations=1530 (full 3):
 PSYoungGen      total 6144K, used 768K [0x00000000eab00000, 0x00000000eb280000, 0x0000000100000000)
  eden space 5120K, 0% used [0x00000000eab00000,0x00000000eab00000,0x00000000eb000000)
  from space 1024K, 75% used [0x00000000eb000000,0x00000000eb0c0000,0x00000000eb100000)
  to   space 1024K, 0% used [0x00000000eb180000,0x00000000eb180000,0x00000000eb280000)
 ParOldGen       total 611328K, used 610942K [0x00000000c0000000, 0x00000000e5500000, 0x00000000eab00000)
  object space 611328K, 99% used [0x00000000c0000000,0x00000000e549f9a8,0x00000000e5500000)
 Metaspace       used 66207K, committed 67712K, reserved 1114112K
  class space    used 6545K, committed 7168K, reserved 1048576K
}
Event: 18.960 GC heap before
{Heap before GC invocations=1531 (full 3):
 PSYoungGen      total 6144K, used 5888K [0x00000000eab00000, 0x00000000eb280000, 0x0000000100000000)
  eden space 5120K, 100% used [0x00000000eab00000,0x00000000eb000000,0x00000000eb000000)
  from space 1024K, 75% used [0x00000000eb000000,0x00000000eb0c0000,0x00000000eb100000)
  to   space 1024K, 0% used [0x00000000eb180000,0x00000000eb180000,0x00000000eb280000)
 ParOldGen       total 611328K, used 610942K [0x00000000c0000000, 0x00000000e5500000, 0x00000000eab00000)
  object space 611328K, 99% used [0x00000000c0000000,0x00000000e549f9a8,0x00000000e5500000)
 Metaspace       used 66207K, committed 67712K, reserved 1114112K
  class space    used 6545K, committed 7168K, reserved 1048576K
}
Event: 20.962 GC heap after
{Heap after GC invocations=1531 (full 3):
 PSYoungGen      total 6144K, used 1008K [0x00000000eab00000, 0x00000000eb280000, 0x0000000100000000)
  eden space 5120K, 0% used [0x00000000eab00000,0x00000000eab00000,0x00000000eb000000)
  from space 1024K, 98% used [0x00000000eb180000,0x00000000eb27c010,0x00000000eb280000)
  to   space 1024K, 0% used [0x00000000eb000000,0x00000000eb000000,0x00000000eb100000)
 ParOldGen       total 612864K, used 612458K [0x00000000c0000000, 0x00000000e5680000, 0x00000000eab00000)
  object space 612864K, 99% used [0x00000000c0000000,0x00000000e561aae8,0x00000000e5680000)
 Metaspace       used 66207K, committed 67712K, reserved 1114112K
  class space    used 6545K, committed 7168K, reserved 1048576K
}

