# JRE version: OpenJDK Runtime Environment Temurin-21.0.6+7 (21.0.6+7) (build 21.0.6+7-LTS)
# Java VM: OpenJDK 64-Bit Server VM Temurin-21.0.6+7 (21.0.6+7-LTS, mixed mode, sharing, tiered, compressed oops, compressed class ptrs, parallel gc, windows-amd64)
GC Precious Log:
 CardTable entry size: 512
 CPUs: 16 total, 16 available
 Memory: 15752M
 Large Page Support: Disabled
 NUMA Support: Disabled
 Compressed Oops: Enabled (32-bit)
 Alignments: Space 512K, Generation 512K, Heap 2M
 Heap Min Capacity: 100M
 Heap Initial Capacity: 100M
 Heap Max Capacity: 1G
 Pre-touch: Disabled
 Parallel Workers: 13
Heap:
 PSYoungGen      total 3072K, used 2976K [0x00000000eab00000, 0x00000000eaf00000, 0x0000000100000000)
  eden space 2560K, 100% used [0x00000000eab00000,0x00000000ead80000,0x00000000ead80000)
  from space 512K, 81% used [0x00000000eae80000,0x00000000eaee8000,0x00000000eaf00000)
  to   space 512K, 94% used [0x00000000eae00000,0x00000000eae78d28,0x00000000eae80000)
 ParOldGen       total 413184K, used 412840K [0x00000000c0000000, 0x00000000d9380000, 0x00000000eab00000)
  object space 413184K, 99% used [0x00000000c0000000,0x00000000d932a140,0x00000000d9380000)
 Metaspace       used 49588K, committed 50880K, reserved 1114112K
  class space    used 5153K, committed 5696K, reserved 1048576K
GC Heap History (20 events):
Event: 20.076 GC heap after
{Heap after GC invocations=534 (full 2):
 PSYoungGen      total 1536K, used 471K [0x00000000eab00000, 0x00000000ead80000, 0x0000000100000000)
  eden space 1024K, 0% used [0x00000000eab00000,0x00000000eab00000,0x00000000eac00000)
  from space 512K, 92% used [0x00000000ead00000,0x00000000ead75e90,0x00000000ead80000)
  to   space 512K, 0% used [0x00000000eac80000,0x00000000eac80000,0x00000000ead00000)
 ParOldGen       total 409088K, used 408828K [0x00000000c0000000, 0x00000000d8f80000, 0x00000000eab00000)
  object space 409088K, 99% used [0x00000000c0000000,0x00000000d8f3f3f8,0x00000000d8f80000)
 Metaspace       used 49575K, committed 50816K, reserved 1114112K
  class space    used 5153K, committed 5696K, reserved 1048576K
}
Event: 20.078 GC heap before
{Heap before GC invocations=535 (full 2):
 PSYoungGen      total 1536K, used 1495K [0x00000000eab00000, 0x00000000ead80000, 0x0000000100000000)
  eden space 1024K, 100% used [0x00000000eab00000,0x00000000eac00000,0x00000000eac00000)
  from space 512K, 92% used [0x00000000ead00000,0x00000000ead75e90,0x00000000ead80000)
  to   space 512K, 0% used [0x00000000eac80000,0x00000000eac80000,0x00000000ead00000)
 ParOldGen       total 409088K, used 408828K [0x00000000c0000000, 0x00000000d8f80000, 0x00000000eab00000)
  object space 409088K, 99% used [0x00000000c0000000,0x00000000d8f3f3f8,0x00000000d8f80000)
 Metaspace       used 49575K, committed 50816K, reserved 1114112K
  class space    used 5153K, committed 5696K, reserved 1048576K
}
Event: 20.079 GC heap after
{Heap after GC invocations=535 (full 2):
 PSYoungGen      total 1536K, used 390K [0x00000000eab00000, 0x00000000ead80000, 0x0000000100000000)
  eden space 1024K, 0% used [0x00000000eab00000,0x00000000eab00000,0x00000000eac00000)
  from space 512K, 76% used [0x00000000eac80000,0x00000000eace1a38,0x00000000ead00000)
  to   space 512K, 0% used [0x00000000ead00000,0x00000000ead00000,0x00000000ead80000)
 ParOldGen       total 409088K, used 409085K [0x00000000c0000000, 0x00000000d8f80000, 0x00000000eab00000)
  object space 409088K, 99% used [0x00000000c0000000,0x00000000d8f7f720,0x00000000d8f80000)
 Metaspace       used 49575K, committed 50816K, reserved 1114112K
  class space    used 5153K, committed 5696K, reserved 1048576K
}
Event: 20.083 GC heap before
{Heap before GC invocations=536 (full 2):
 PSYoungGen      total 1536K, used 1414K [0x00000000eab00000, 0x00000000ead80000, 0x0000000100000000)
  eden space 1024K, 100% used [0x00000000eab00000,0x00000000eac00000,0x00000000eac00000)
  from space 512K, 76% used [0x00000000eac80000,0x00000000eace1a38,0x00000000ead00000)
  to   space 512K, 0% used [0x00000000ead00000,0x00000000ead00000,0x00000000ead80000)
 ParOldGen       total 409088K, used 409085K [0x00000000c0000000, 0x00000000d8f80000, 0x00000000eab00000)
  object space 409088K, 99% used [0x00000000c0000000,0x00000000d8f7f720,0x00000000d8f80000)
 Metaspace       used 49575K, committed 50816K, reserved 1114112K
  class space    used 5153K, committed 5696K, reserved 1048576K
}
Event: 20.083 GC heap after
{Heap after GC invocations=536 (full 2):
 PSYoungGen      total 1536K, used 352K [0x00000000eab00000, 0x00000000ead80000, 0x0000000100000000)
  eden space 1024K, 0% used [0x00000000eab00000,0x00000000eab00000,0x00000000eac00000)
  from space 512K, 68% used [0x00000000ead00000,0x00000000ead58000,0x00000000ead80000)
  to   space 512K, 0% used [0x00000000eac80000,0x00000000eac80000,0x00000000ead00000)
 ParOldGen       total 409600K, used 409299K [0x00000000c0000000, 0x00000000d9000000, 0x00000000eab00000)
  object space 409600K, 99% used [0x00000000c0000000,0x00000000d8fb4d28,0x00000000d9000000)
 Metaspace       used 49575K, committed 50816K, reserved 1114112K
  class space    used 5153K, committed 5696K, reserved 1048576K
}
Event: 20.087 GC heap before
{Heap before GC invocations=537 (full 2):
 PSYoungGen      total 1536K, used 1376K [0x00000000eab00000, 0x00000000ead80000, 0x0000000100000000)
  eden space 1024K, 100% used [0x00000000eab00000,0x00000000eac00000,0x00000000eac00000)
  from space 512K, 68% used [0x00000000ead00000,0x00000000ead58000,0x00000000ead80000)
  to   space 512K, 0% used [0x00000000eac80000,0x00000000eac80000,0x00000000ead00000)
 ParOldGen       total 409600K, used 409299K [0x00000000c0000000, 0x00000000d9000000, 0x00000000eab00000)
  object space 409600K, 99% used [0x00000000c0000000,0x00000000d8fb4d28,0x00000000d9000000)
 Metaspace       used 49576K, committed 50816K, reserved 1114112K
  class space    used 5153K, committed 5696K, reserved 1048576K
}
Event: 20.088 GC heap after
{Heap after GC invocations=537 (full 2):
 PSYoungGen      total 1536K, used 411K [0x00000000eab00000, 0x00000000ead80000, 0x0000000100000000)
  eden space 1024K, 0% used [0x00000000eab00000,0x00000000eab00000,0x00000000eac00000)
  from space 512K, 80% used [0x00000000eac80000,0x00000000eace6c08,0x00000000ead00000)
  to   space 512K, 0% used [0x00000000ead00000,0x00000000ead00000,0x00000000ead80000)
 ParOldGen       total 409600K, used 409491K [0x00000000c0000000, 0x00000000d9000000, 0x00000000eab00000)
  object space 409600K, 99% used [0x00000000c0000000,0x00000000d8fe4d28,0x00000000d9000000)
 Metaspace       used 49576K, committed 50816K, reserved 1114112K
  class space    used 5153K, committed 5696K, reserved 1048576K
}
Event: 20.091 GC heap before
{Heap before GC invocations=538 (full 2):
 PSYoungGen      total 1536K, used 1435K [0x00000000eab00000, 0x00000000ead80000, 0x0000000100000000)
  eden space 1024K, 100% used [0x00000000eab00000,0x00000000eac00000,0x00000000eac00000)
  from space 512K, 80% used [0x00000000eac80000,0x00000000eace6c08,0x00000000ead00000)
  to   space 512K, 0% used [0x00000000ead00000,0x00000000ead00000,0x00000000ead80000)
 ParOldGen       total 409600K, used 409491K [0x00000000c0000000, 0x00000000d9000000, 0x00000000eab00000)
  object space 409600K, 99% used [0x00000000c0000000,0x00000000d8fe4d28,0x00000000d9000000)
 Metaspace       used 49579K, committed 50880K, reserved 1114112K
  class space    used 5153K, committed 5696K, reserved 1048576K
}
Event: 20.092 GC heap after
{Heap after GC invocations=538 (full 2):
 PSYoungGen      total 2048K, used 448K [0x00000000eab00000, 0x00000000ead80000, 0x0000000100000000)
  eden space 1536K, 0% used [0x00000000eab00000,0x00000000eab00000,0x00000000eac80000)
  from space 512K, 87% used [0x00000000ead00000,0x00000000ead70000,0x00000000ead80000)
  to   space 512K, 0% used [0x00000000eac80000,0x00000000eac80000,0x00000000ead00000)
 ParOldGen       total 410112K, used 409718K [0x00000000c0000000, 0x00000000d9080000, 0x00000000eab00000)
  object space 410112K, 99% used [0x00000000c0000000,0x00000000d901d930,0x00000000d9080000)
 Metaspace       used 49579K, committed 50880K, reserved 1114112K
  class space    used 5153K, committed 5696K, reserved 1048576K
}
Event: 20.096 GC heap before
{Heap before GC invocations=539 (full 2):
 PSYoungGen      total 2048K, used 1984K [0x00000000eab00000, 0x00000000ead80000, 0x0000000100000000)
  eden space 1536K, 100% used [0x00000000eab00000,0x00000000eac80000,0x00000000eac80000)
  from space 512K, 87% used [0x00000000ead00000,0x00000000ead70000,0x00000000ead80000)
  to   space 512K, 0% used [0x00000000eac80000,0x00000000eac80000,0x00000000ead00000)
 ParOldGen       total 410112K, used 409718K [0x00000000c0000000, 0x00000000d9080000, 0x00000000eab00000)
  object space 410112K, 99% used [0x00000000c0000000,0x00000000d901d930,0x00000000d9080000)
 Metaspace       used 49579K, committed 50880K, reserved 1114112K
  class space    used 5153K, committed 5696K, reserved 1048576K
}
Event: 20.097 GC heap after
{Heap after GC invocations=539 (full 2):
 PSYoungGen      total 2048K, used 448K [0x00000000eab00000, 0x00000000eae00000, 0x0000000100000000)
  eden space 1536K, 0% used [0x00000000eab00000,0x00000000eab00000,0x00000000eac80000)
  from space 512K, 87% used [0x00000000eac80000,0x00000000eacf0000,0x00000000ead00000)
  to   space 512K, 0% used [0x00000000ead80000,0x00000000ead80000,0x00000000eae00000)
 ParOldGen       total 410112K, used 409894K [0x00000000c0000000, 0x00000000d9080000, 0x00000000eab00000)
  object space 410112K, 99% used [0x00000000c0000000,0x00000000d9049930,0x00000000d9080000)
 Metaspace       used 49579K, committed 50880K, reserved 1114112K
  class space    used 5153K, committed 5696K, reserved 1048576K
}
Event: 20.102 GC heap before
{Heap before GC invocations=540 (full 2):
 PSYoungGen      total 2048K, used 1981K [0x00000000eab00000, 0x00000000eae00000, 0x0000000100000000)
  eden space 1536K, 99% used [0x00000000eab00000,0x00000000eac7f4b8,0x00000000eac80000)
  from space 512K, 87% used [0x00000000eac80000,0x00000000eacf0000,0x00000000ead00000)
  to   space 512K, 0% used [0x00000000ead80000,0x00000000ead80000,0x00000000eae00000)
 ParOldGen       total 410112K, used 409894K [0x00000000c0000000, 0x00000000d9080000, 0x00000000eab00000)
  object space 410112K, 99% used [0x00000000c0000000,0x00000000d9049930,0x00000000d9080000)
 Metaspace       used 49579K, committed 50880K, reserved 1114112K
  class space    used 5153K, committed 5696K, reserved 1048576K
}
Event: 20.103 GC heap after
{Heap after GC invocations=540 (full 2):
 PSYoungGen      total 2560K, used 502K [0x00000000eab00000, 0x00000000eae00000, 0x0000000100000000)
  eden space 2048K, 0% used [0x00000000eab00000,0x00000000eab00000,0x00000000ead00000)
  from space 512K, 98% used [0x00000000ead80000,0x00000000eadfd808,0x00000000eae00000)
  to   space 512K, 0% used [0x00000000ead00000,0x00000000ead00000,0x00000000ead80000)
 ParOldGen       total 410624K, used 410174K [0x00000000c0000000, 0x00000000d9100000, 0x00000000eab00000)
  object space 410624K, 99% used [0x00000000c0000000,0x00000000d908f930,0x00000000d9100000)
 Metaspace       used 49579K, committed 50880K, reserved 1114112K
  class space    used 5153K, committed 5696K, reserved 1048576K
}
Event: 20.109 GC heap before
{Heap before GC invocations=541 (full 2):
 PSYoungGen      total 2560K, used 2550K [0x00000000eab00000, 0x00000000eae00000, 0x0000000100000000)
  eden space 2048K, 100% used [0x00000000eab00000,0x00000000ead00000,0x00000000ead00000)
  from space 512K, 98% used [0x00000000ead80000,0x00000000eadfd808,0x00000000eae00000)
  to   space 512K, 0% used [0x00000000ead00000,0x00000000ead00000,0x00000000ead80000)
 ParOldGen       total 410624K, used 410174K [0x00000000c0000000, 0x00000000d9100000, 0x00000000eab00000)
  object space 410624K, 99% used [0x00000000c0000000,0x00000000d908f930,0x00000000d9100000)
 Metaspace       used 49582K, committed 50880K, reserved 1114112K
  class space    used 5153K, committed 5696K, reserved 1048576K
}
Event: 20.110 GC heap after
{Heap after GC invocations=541 (full 2):
 PSYoungGen      total 2560K, used 480K [0x00000000eab00000, 0x00000000eae00000, 0x0000000100000000)
  eden space 2048K, 0% used [0x00000000eab00000,0x00000000eab00000,0x00000000ead00000)
  from space 512K, 93% used [0x00000000ead00000,0x00000000ead78000,0x00000000ead80000)
  to   space 512K, 0% used [0x00000000ead80000,0x00000000ead80000,0x00000000eae00000)
 ParOldGen       total 410624K, used 410452K [0x00000000c0000000, 0x00000000d9100000, 0x00000000eab00000)
  object space 410624K, 99% used [0x00000000c0000000,0x00000000d90d5138,0x00000000d9100000)
 Metaspace       used 49582K, committed 50880K, reserved 1114112K
  class space    used 5153K, committed 5696K, reserved 1048576K
}
Event: 20.115 GC heap before
{Heap before GC invocations=542 (full 2):
 PSYoungGen      total 2560K, used 2528K [0x00000000eab00000, 0x00000000eae00000, 0x0000000100000000)
  eden space 2048K, 100% used [0x00000000eab00000,0x00000000ead00000,0x00000000ead00000)
  from space 512K, 93% used [0x00000000ead00000,0x00000000ead78000,0x00000000ead80000)
  to   space 512K, 0% used [0x00000000ead80000,0x00000000ead80000,0x00000000eae00000)
 ParOldGen       total 410624K, used 410452K [0x00000000c0000000, 0x00000000d9100000, 0x00000000eab00000)
  object space 410624K, 99% used [0x00000000c0000000,0x00000000d90d5138,0x00000000d9100000)
 Metaspace       used 49582K, committed 50880K, reserved 1114112K
  class space    used 5153K, committed 5696K, reserved 1048576K
}
Event: 20.117 GC heap after
{Heap after GC invocations=542 (full 2):
 PSYoungGen      total 2048K, used 512K [0x00000000eab00000, 0x00000000eaf00000, 0x0000000100000000)
  eden space 1536K, 0% used [0x00000000eab00000,0x00000000eab00000,0x00000000eac80000)
  from space 512K, 100% used [0x00000000ead80000,0x00000000eae00000,0x00000000eae00000)
  to   space 1024K, 0% used [0x00000000eac80000,0x00000000eac80000,0x00000000ead80000)
 ParOldGen       total 411136K, used 410788K [0x00000000c0000000, 0x00000000d9180000, 0x00000000eab00000)
  object space 411136K, 99% used [0x00000000c0000000,0x00000000d9129138,0x00000000d9180000)
 Metaspace       used 49582K, committed 50880K, reserved 1114112K
  class space    used 5153K, committed 5696K, reserved 1048576K
}
Event: 20.122 GC heap before
{Heap before GC invocations=543 (full 2):
 PSYoungGen      total 2048K, used 2048K [0x00000000eab00000, 0x00000000eaf00000, 0x0000000100000000)
  eden space 1536K, 100% used [0x00000000eab00000,0x00000000eac80000,0x00000000eac80000)
  from space 512K, 100% used [0x00000000ead80000,0x00000000eae00000,0x00000000eae00000)
  to   space 1024K, 0% used [0x00000000eac80000,0x00000000eac80000,0x00000000ead80000)
 ParOldGen       total 411136K, used 410788K [0x00000000c0000000, 0x00000000d9180000, 0x00000000eab00000)
  object space 411136K, 99% used [0x00000000c0000000,0x00000000d9129138,0x00000000d9180000)
 Metaspace       used 49586K, committed 50880K, reserved 1114112K
  class space    used 5153K, committed 5696K, reserved 1048576K
}
Event: 20.130 GC heap after
{Heap after GC invocations=543 (full 2):
 PSYoungGen      total 2560K, used 352K [0x00000000eab00000, 0x00000000eaf00000, 0x0000000100000000)
  eden space 1536K, 0% used [0x00000000eab00000,0x00000000eab00000,0x00000000eac80000)
  from space 1024K, 34% used [0x00000000eac80000,0x00000000eacd8000,0x00000000ead80000)
  to   space 1024K, 0% used [0x00000000eae00000,0x00000000eae00000,0x00000000eaf00000)
 ParOldGen       total 411136K, used 411076K [0x00000000c0000000, 0x00000000d9180000, 0x00000000eab00000)
  object space 411136K, 99% used [0x00000000c0000000,0x00000000d9171138,0x00000000d9180000)
 Metaspace       used 49586K, committed 50880K, reserved 1114112K
  class space    used 5153K, committed 5696K, reserved 1048576K
}
Event: 20.150 GC heap before
{Heap before GC invocations=544 (full 2):
 PSYoungGen      total 2560K, used 1873K [0x00000000eab00000, 0x00000000eaf00000, 0x0000000100000000)
  eden space 1536K, 99% used [0x00000000eab00000,0x00000000eac7c628,0x00000000eac80000)
  from space 1024K, 34% used [0x00000000eac80000,0x00000000eacd8000,0x00000000ead80000)
  to   space 1024K, 0% used [0x00000000eae00000,0x00000000eae00000,0x00000000eaf00000)
 ParOldGen       total 411136K, used 411076K [0x00000000c0000000, 0x00000000d9180000, 0x00000000eab00000)
  object space 411136K, 99% used [0x00000000c0000000,0x00000000d9171138,0x00000000d9180000)
 Metaspace       used 49588K, committed 50880K, reserved 1114112K
  class space    used 5153K, committed 5696K, reserved 1048576K
}

