# JRE version: OpenJDK Runtime Environment Temurin-21.0.6+7 (21.0.6+7) (build 21.0.6+7-LTS)
# Java VM: OpenJDK 64-Bit Server VM Temurin-21.0.6+7 (21.0.6+7-LTS, mixed mode, sharing, tiered, compressed oops, compressed class ptrs, parallel gc, windows-amd64)
GC Precious Log:
 CardTable entry size: 512
 CPUs: 16 total, 16 available
 Memory: 15752M
 Large Page Support: Disabled
 NUMA Support: Disabled
 Compressed Oops: Enabled (32-bit)
 Alignments: Space 512K, Generation 512K, Heap 2M
 Heap Min Capacity: 100M
 Heap Initial Capacity: 100M
 Heap Max Capacity: 1G
 Pre-touch: Disabled
 Parallel Workers: 13
Heap:
 PSYoungGen      total 2560K, used 2560K [0x00000000eab00000, 0x00000000eaf00000, 0x0000000100000000)
  eden space 2048K, 100% used [0x00000000eab00000,0x00000000ead00000,0x00000000ead00000)
  from space 512K, 100% used [0x00000000eae80000,0x00000000eaf00000,0x00000000eaf00000)
  to   space 1024K, 0% used [0x00000000ead00000,0x00000000ead00000,0x00000000eae00000)
 ParOldGen       total 389632K, used 321424K [0x00000000c0000000, 0x00000000d7c80000, 0x00000000eab00000)
  object space 389632K, 82% used [0x00000000c0000000,0x00000000d39e41c8,0x00000000d7c80000)
 Metaspace       used 60240K, committed 61696K, reserved 1114112K
  class space    used 6084K, committed 6784K, reserved 1048576K
GC Heap History (20 events):
Event: 7.926 GC heap before
{Heap before GC invocations=252 (full 3):
 PSYoungGen      total 1536K, used 1529K [0x00000000eab00000, 0x00000000eb080000, 0x0000000100000000)
  eden space 512K, 99% used [0x00000000eab00000,0x00000000eab7f6c8,0x00000000eab80000)
  from space 1024K, 99% used [0x00000000ead80000,0x00000000eae7efa0,0x00000000eae80000)
  to   space 2048K, 0% used [0x00000000eab80000,0x00000000eab80000,0x00000000ead80000)
 ParOldGen       total 389632K, used 318628K [0x00000000c0000000, 0x00000000d7c80000, 0x00000000eab00000)
  object space 389632K, 81% used [0x00000000c0000000,0x00000000d3729050,0x00000000d7c80000)
 Metaspace       used 59901K, committed 61376K, reserved 1114112K
  class space    used 6064K, committed 6784K, reserved 1048576K
}
Event: 7.927 GC heap after
{Heap after GC invocations=252 (full 3):
 PSYoungGen      total 1024K, used 432K [0x00000000eab00000, 0x00000000eae00000, 0x0000000100000000)
  eden space 512K, 0% used [0x00000000eab00000,0x00000000eab00000,0x00000000eab80000)
  from space 512K, 84% used [0x00000000eab80000,0x00000000eabec010,0x00000000eac00000)
  to   space 1024K, 0% used [0x00000000ead00000,0x00000000ead00000,0x00000000eae00000)
 ParOldGen       total 389632K, used 319012K [0x00000000c0000000, 0x00000000d7c80000, 0x00000000eab00000)
  object space 389632K, 81% used [0x00000000c0000000,0x00000000d3789050,0x00000000d7c80000)
 Metaspace       used 59901K, committed 61376K, reserved 1114112K
  class space    used 6064K, committed 6784K, reserved 1048576K
}
Event: 7.930 GC heap before
{Heap before GC invocations=253 (full 3):
 PSYoungGen      total 1024K, used 944K [0x00000000eab00000, 0x00000000eae00000, 0x0000000100000000)
  eden space 512K, 100% used [0x00000000eab00000,0x00000000eab80000,0x00000000eab80000)
  from space 512K, 84% used [0x00000000eab80000,0x00000000eabec010,0x00000000eac00000)
  to   space 1024K, 0% used [0x00000000ead00000,0x00000000ead00000,0x00000000eae00000)
 ParOldGen       total 389632K, used 319012K [0x00000000c0000000, 0x00000000d7c80000, 0x00000000eab00000)
  object space 389632K, 81% used [0x00000000c0000000,0x00000000d3789050,0x00000000d7c80000)
 Metaspace       used 59907K, committed 61376K, reserved 1114112K
  class space    used 6064K, committed 6784K, reserved 1048576K
}
Event: 7.932 GC heap after
{Heap after GC invocations=253 (full 3):
 PSYoungGen      total 1536K, used 368K [0x00000000eab00000, 0x00000000ead80000, 0x0000000100000000)
  eden space 1024K, 0% used [0x00000000eab00000,0x00000000eab00000,0x00000000eac00000)
  from space 512K, 71% used [0x00000000ead00000,0x00000000ead5c010,0x00000000ead80000)
  to   space 512K, 0% used [0x00000000eac80000,0x00000000eac80000,0x00000000ead00000)
 ParOldGen       total 389632K, used 319124K [0x00000000c0000000, 0x00000000d7c80000, 0x00000000eab00000)
  object space 389632K, 81% used [0x00000000c0000000,0x00000000d37a5050,0x00000000d7c80000)
 Metaspace       used 59907K, committed 61376K, reserved 1114112K
  class space    used 6064K, committed 6784K, reserved 1048576K
}
Event: 7.935 GC heap before
{Heap before GC invocations=254 (full 3):
 PSYoungGen      total 1536K, used 1392K [0x00000000eab00000, 0x00000000ead80000, 0x0000000100000000)
  eden space 1024K, 100% used [0x00000000eab00000,0x00000000eac00000,0x00000000eac00000)
  from space 512K, 71% used [0x00000000ead00000,0x00000000ead5c010,0x00000000ead80000)
  to   space 512K, 0% used [0x00000000eac80000,0x00000000eac80000,0x00000000ead00000)
 ParOldGen       total 389632K, used 319124K [0x00000000c0000000, 0x00000000d7c80000, 0x00000000eab00000)
  object space 389632K, 81% used [0x00000000c0000000,0x00000000d37a5050,0x00000000d7c80000)
 Metaspace       used 59919K, committed 61376K, reserved 1114112K
  class space    used 6064K, committed 6784K, reserved 1048576K
}
Event: 7.936 GC heap after
{Heap after GC invocations=254 (full 3):
 PSYoungGen      total 2048K, used 427K [0x00000000eab00000, 0x00000000ead80000, 0x0000000100000000)
  eden space 1536K, 0% used [0x00000000eab00000,0x00000000eab00000,0x00000000eac80000)
  from space 512K, 83% used [0x00000000eac80000,0x00000000eaceac18,0x00000000ead00000)
  to   space 512K, 0% used [0x00000000ead00000,0x00000000ead00000,0x00000000ead80000)
 ParOldGen       total 389632K, used 319220K [0x00000000c0000000, 0x00000000d7c80000, 0x00000000eab00000)
  object space 389632K, 81% used [0x00000000c0000000,0x00000000d37bd050,0x00000000d7c80000)
 Metaspace       used 59919K, committed 61376K, reserved 1114112K
  class space    used 6064K, committed 6784K, reserved 1048576K
}
Event: 7.939 GC heap before
{Heap before GC invocations=255 (full 3):
 PSYoungGen      total 2048K, used 1963K [0x00000000eab00000, 0x00000000ead80000, 0x0000000100000000)
  eden space 1536K, 100% used [0x00000000eab00000,0x00000000eac80000,0x00000000eac80000)
  from space 512K, 83% used [0x00000000eac80000,0x00000000eaceac18,0x00000000ead00000)
  to   space 512K, 0% used [0x00000000ead00000,0x00000000ead00000,0x00000000ead80000)
 ParOldGen       total 389632K, used 319220K [0x00000000c0000000, 0x00000000d7c80000, 0x00000000eab00000)
  object space 389632K, 81% used [0x00000000c0000000,0x00000000d37bd050,0x00000000d7c80000)
 Metaspace       used 59919K, committed 61376K, reserved 1114112K
  class space    used 6064K, committed 6784K, reserved 1048576K
}
Event: 8.938 GC heap after
{Heap after GC invocations=255 (full 3):
 PSYoungGen      total 1536K, used 512K [0x00000000eab00000, 0x00000000eaf00000, 0x0000000100000000)
  eden space 1024K, 0% used [0x00000000eab00000,0x00000000eab00000,0x00000000eac00000)
  from space 512K, 100% used [0x00000000ead00000,0x00000000ead80000,0x00000000ead80000)
  to   space 1024K, 0% used [0x00000000eac00000,0x00000000eac00000,0x00000000ead00000)
 ParOldGen       total 389632K, used 319399K [0x00000000c0000000, 0x00000000d7c80000, 0x00000000eab00000)
  object space 389632K, 81% used [0x00000000c0000000,0x00000000d37e9c58,0x00000000d7c80000)
 Metaspace       used 59919K, committed 61376K, reserved 1114112K
  class space    used 6064K, committed 6784K, reserved 1048576K
}
Event: 8.951 GC heap before
{Heap before GC invocations=256 (full 3):
 PSYoungGen      total 1536K, used 1536K [0x00000000eab00000, 0x00000000eaf00000, 0x0000000100000000)
  eden space 1024K, 100% used [0x00000000eab00000,0x00000000eac00000,0x00000000eac00000)
  from space 512K, 100% used [0x00000000ead00000,0x00000000ead80000,0x00000000ead80000)
  to   space 1024K, 0% used [0x00000000eac00000,0x00000000eac00000,0x00000000ead00000)
 ParOldGen       total 389632K, used 319399K [0x00000000c0000000, 0x00000000d7c80000, 0x00000000eab00000)
  object space 389632K, 81% used [0x00000000c0000000,0x00000000d37e9c58,0x00000000d7c80000)
 Metaspace       used 59919K, committed 61376K, reserved 1114112K
  class space    used 6064K, committed 6784K, reserved 1048576K
}
Event: 8.951 GC heap after
{Heap after GC invocations=256 (full 3):
 PSYoungGen      total 2048K, used 416K [0x00000000eab00000, 0x00000000ead80000, 0x0000000100000000)
  eden space 1024K, 0% used [0x00000000eab00000,0x00000000eab00000,0x00000000eac00000)
  from space 1024K, 40% used [0x00000000eac00000,0x00000000eac68000,0x00000000ead00000)
  to   space 512K, 0% used [0x00000000ead00000,0x00000000ead00000,0x00000000ead80000)
 ParOldGen       total 389632K, used 319655K [0x00000000c0000000, 0x00000000d7c80000, 0x00000000eab00000)
  object space 389632K, 82% used [0x00000000c0000000,0x00000000d3829c58,0x00000000d7c80000)
 Metaspace       used 59919K, committed 61376K, reserved 1114112K
  class space    used 6064K, committed 6784K, reserved 1048576K
}
Event: 8.953 GC heap before
{Heap before GC invocations=257 (full 3):
 PSYoungGen      total 2048K, used 1440K [0x00000000eab00000, 0x00000000ead80000, 0x0000000100000000)
  eden space 1024K, 100% used [0x00000000eab00000,0x00000000eac00000,0x00000000eac00000)
  from space 1024K, 40% used [0x00000000eac00000,0x00000000eac68000,0x00000000ead00000)
  to   space 512K, 0% used [0x00000000ead00000,0x00000000ead00000,0x00000000ead80000)
 ParOldGen       total 389632K, used 319655K [0x00000000c0000000, 0x00000000d7c80000, 0x00000000eab00000)
  object space 389632K, 82% used [0x00000000c0000000,0x00000000d3829c58,0x00000000d7c80000)
 Metaspace       used 59919K, committed 61376K, reserved 1114112K
  class space    used 6064K, committed 6784K, reserved 1048576K
}
Event: 8.954 GC heap after
{Heap after GC invocations=257 (full 3):
 PSYoungGen      total 2048K, used 491K [0x00000000eab00000, 0x00000000ead80000, 0x0000000100000000)
  eden space 1536K, 0% used [0x00000000eab00000,0x00000000eab00000,0x00000000eac80000)
  from space 512K, 95% used [0x00000000ead00000,0x00000000ead7ad68,0x00000000ead80000)
  to   space 512K, 0% used [0x00000000eac80000,0x00000000eac80000,0x00000000ead00000)
 ParOldGen       total 389632K, used 319866K [0x00000000c0000000, 0x00000000d7c80000, 0x00000000eab00000)
  object space 389632K, 82% used [0x00000000c0000000,0x00000000d385e9c0,0x00000000d7c80000)
 Metaspace       used 59919K, committed 61376K, reserved 1114112K
  class space    used 6064K, committed 6784K, reserved 1048576K
}
Event: 8.957 GC heap before
{Heap before GC invocations=258 (full 3):
 PSYoungGen      total 2048K, used 2027K [0x00000000eab00000, 0x00000000ead80000, 0x0000000100000000)
  eden space 1536K, 100% used [0x00000000eab00000,0x00000000eac80000,0x00000000eac80000)
  from space 512K, 95% used [0x00000000ead00000,0x00000000ead7ad68,0x00000000ead80000)
  to   space 512K, 0% used [0x00000000eac80000,0x00000000eac80000,0x00000000ead00000)
 ParOldGen       total 389632K, used 319866K [0x00000000c0000000, 0x00000000d7c80000, 0x00000000eab00000)
  object space 389632K, 82% used [0x00000000c0000000,0x00000000d385e9c0,0x00000000d7c80000)
 Metaspace       used 59926K, committed 61376K, reserved 1114112K
  class space    used 6065K, committed 6784K, reserved 1048576K
}
Event: 8.958 GC heap after
{Heap after GC invocations=258 (full 3):
 PSYoungGen      total 2048K, used 512K [0x00000000eab00000, 0x00000000eaf00000, 0x0000000100000000)
  eden space 1536K, 0% used [0x00000000eab00000,0x00000000eab00000,0x00000000eac80000)
  from space 512K, 100% used [0x00000000eac80000,0x00000000ead00000,0x00000000ead00000)
  to   space 1024K, 0% used [0x00000000eae00000,0x00000000eae00000,0x00000000eaf00000)
 ParOldGen       total 389632K, used 320042K [0x00000000c0000000, 0x00000000d7c80000, 0x00000000eab00000)
  object space 389632K, 82% used [0x00000000c0000000,0x00000000d388a9c0,0x00000000d7c80000)
 Metaspace       used 59926K, committed 61376K, reserved 1114112K
  class space    used 6065K, committed 6784K, reserved 1048576K
}
Event: 8.962 GC heap before
{Heap before GC invocations=259 (full 3):
 PSYoungGen      total 2048K, used 2041K [0x00000000eab00000, 0x00000000eaf00000, 0x0000000100000000)
  eden space 1536K, 99% used [0x00000000eab00000,0x00000000eac7e5a8,0x00000000eac80000)
  from space 512K, 100% used [0x00000000eac80000,0x00000000ead00000,0x00000000ead00000)
  to   space 1024K, 0% used [0x00000000eae00000,0x00000000eae00000,0x00000000eaf00000)
 ParOldGen       total 389632K, used 320042K [0x00000000c0000000, 0x00000000d7c80000, 0x00000000eab00000)
  object space 389632K, 82% used [0x00000000c0000000,0x00000000d388a9c0,0x00000000d7c80000)
 Metaspace       used 59936K, committed 61376K, reserved 1114112K
  class space    used 6066K, committed 6784K, reserved 1048576K
}
Event: 8.963 GC heap after
{Heap after GC invocations=259 (full 3):
 PSYoungGen      total 3072K, used 470K [0x00000000eab00000, 0x00000000eaf00000, 0x0000000100000000)
  eden space 2048K, 0% used [0x00000000eab00000,0x00000000eab00000,0x00000000ead00000)
  from space 1024K, 45% used [0x00000000eae00000,0x00000000eae75808,0x00000000eaf00000)
  to   space 1024K, 0% used [0x00000000ead00000,0x00000000ead00000,0x00000000eae00000)
 ParOldGen       total 389632K, used 320322K [0x00000000c0000000, 0x00000000d7c80000, 0x00000000eab00000)
  object space 389632K, 82% used [0x00000000c0000000,0x00000000d38d09c0,0x00000000d7c80000)
 Metaspace       used 59936K, committed 61376K, reserved 1114112K
  class space    used 6066K, committed 6784K, reserved 1048576K
}
Event: 8.978 GC heap before
{Heap before GC invocations=260 (full 3):
 PSYoungGen      total 3072K, used 2503K [0x00000000eab00000, 0x00000000eaf00000, 0x0000000100000000)
  eden space 2048K, 99% used [0x00000000eab00000,0x00000000eacfc520,0x00000000ead00000)
  from space 1024K, 45% used [0x00000000eae00000,0x00000000eae75808,0x00000000eaf00000)
  to   space 1024K, 0% used [0x00000000ead00000,0x00000000ead00000,0x00000000eae00000)
 ParOldGen       total 389632K, used 320322K [0x00000000c0000000, 0x00000000d7c80000, 0x00000000eab00000)
  object space 389632K, 82% used [0x00000000c0000000,0x00000000d38d09c0,0x00000000d7c80000)
 Metaspace       used 59941K, committed 61376K, reserved 1114112K
  class space    used 6066K, committed 6784K, reserved 1048576K
}
Event: 8.980 GC heap after
{Heap after GC invocations=260 (full 3):
 PSYoungGen      total 3072K, used 544K [0x00000000eab00000, 0x00000000eaf80000, 0x0000000100000000)
  eden space 2048K, 0% used [0x00000000eab00000,0x00000000eab00000,0x00000000ead00000)
  from space 1024K, 53% used [0x00000000ead00000,0x00000000ead88000,0x00000000eae00000)
  to   space 1024K, 0% used [0x00000000eae80000,0x00000000eae80000,0x00000000eaf80000)
 ParOldGen       total 389632K, used 320600K [0x00000000c0000000, 0x00000000d7c80000, 0x00000000eab00000)
  object space 389632K, 82% used [0x00000000c0000000,0x00000000d39161c8,0x00000000d7c80000)
 Metaspace       used 59941K, committed 61376K, reserved 1114112K
  class space    used 6066K, committed 6784K, reserved 1048576K
}
Event: 9.018 GC heap before
{Heap before GC invocations=261 (full 3):
 PSYoungGen      total 3072K, used 2591K [0x00000000eab00000, 0x00000000eaf80000, 0x0000000100000000)
  eden space 2048K, 99% used [0x00000000eab00000,0x00000000eacfffd0,0x00000000ead00000)
  from space 1024K, 53% used [0x00000000ead00000,0x00000000ead88000,0x00000000eae00000)
  to   space 1024K, 0% used [0x00000000eae80000,0x00000000eae80000,0x00000000eaf80000)
 ParOldGen       total 389632K, used 320600K [0x00000000c0000000, 0x00000000d7c80000, 0x00000000eab00000)
  object space 389632K, 82% used [0x00000000c0000000,0x00000000d39161c8,0x00000000d7c80000)
 Metaspace       used 60087K, committed 61568K, reserved 1114112K
  class space    used 6076K, committed 6784K, reserved 1048576K
}
Event: 9.019 GC heap after
{Heap after GC invocations=261 (full 3):
 PSYoungGen      total 2560K, used 480K [0x00000000eab00000, 0x00000000eaf00000, 0x0000000100000000)
  eden space 2048K, 0% used [0x00000000eab00000,0x00000000eab00000,0x00000000ead00000)
  from space 512K, 93% used [0x00000000eae80000,0x00000000eaef8000,0x00000000eaf00000)
  to   space 512K, 0% used [0x00000000eae00000,0x00000000eae00000,0x00000000eae80000)
 ParOldGen       total 389632K, used 320848K [0x00000000c0000000, 0x00000000d7c80000, 0x00000000eab00000)
  object space 389632K, 82% used [0x00000000c0000000,0x00000000d39541c8,0x00000000d7c80000)
 Metaspace       used 60087K, committed 61568K, reserved 1114112K
  class space    used 6076K, committed 6784K, reserved 1048576K
}

