# JRE version: OpenJDK Runtime Environment Temurin-21.0.6+7 (21.0.6+7) (build 21.0.6+7-LTS)
# Java VM: OpenJDK 64-Bit Server VM Temurin-21.0.6+7 (21.0.6+7-LTS, mixed mode, sharing, tiered, compressed oops, compressed class ptrs, parallel gc, windows-amd64)
GC Precious Log:
 CardTable entry size: 512
 CPUs: 16 total, 16 available
 Memory: 15752M
 Large Page Support: Disabled
 NUMA Support: Disabled
 Compressed Oops: Enabled (32-bit)
 Alignments: Space 512K, Generation 512K, Heap 2M
 Heap Min Capacity: 100M
 Heap Initial Capacity: 100M
 Heap Max Capacity: 1G
 Pre-touch: Disabled
 Parallel Workers: 13
Heap:
 PSYoungGen      total 17408K, used 6478K [0x00000000eab00000, 0x00000000ebe00000, 0x0000000100000000)
  eden space 15360K, 30% used [0x00000000eab00000,0x00000000eaf8b838,0x00000000eba00000)
  from space 2048K, 89% used [0x00000000eba00000,0x00000000ebbc8000,0x00000000ebc00000)
  to   space 2048K, 0% used [0x00000000ebc00000,0x00000000ebc00000,0x00000000ebe00000)
 ParOldGen       total 351744K, used 351407K [0x00000000c0000000, 0x00000000d5780000, 0x00000000eab00000)
  object space 351744K, 99% used [0x00000000c0000000,0x00000000d572bf90,0x00000000d5780000)
 Metaspace       used 57736K, committed 59072K, reserved 1114112K
  class space    used 5897K, committed 6464K, reserved 1048576K
GC Heap History (20 events):
Event: 6.225 GC heap before
{Heap before GC invocations=195 (full 2):
 PSYoungGen      total 17408K, used 17120K [0x00000000eab00000, 0x00000000ebe80000, 0x0000000100000000)
  eden space 15360K, 100% used [0x00000000eab00000,0x00000000eba00000,0x00000000eba00000)
  from space 2048K, 85% used [0x00000000ebc80000,0x00000000ebe38000,0x00000000ebe80000)
  to   space 2048K, 0% used [0x00000000eba00000,0x00000000eba00000,0x00000000ebc00000)
 ParOldGen       total 332800K, used 332567K [0x00000000c0000000, 0x00000000d4500000, 0x00000000eab00000)
  object space 332800K, 99% used [0x00000000c0000000,0x00000000d44c5e38,0x00000000d4500000)
 Metaspace       used 56443K, committed 57728K, reserved 1114112K
  class space    used 5811K, committed 6400K, reserved 1048576K
}
Event: 6.227 GC heap after
{Heap after GC invocations=195 (full 2):
 PSYoungGen      total 17408K, used 1920K [0x00000000eab00000, 0x00000000ebe00000, 0x0000000100000000)
  eden space 15360K, 0% used [0x00000000eab00000,0x00000000eab00000,0x00000000eba00000)
  from space 2048K, 93% used [0x00000000eba00000,0x00000000ebbe0000,0x00000000ebc00000)
  to   space 2048K, 0% used [0x00000000ebc00000,0x00000000ebc00000,0x00000000ebe00000)
 ParOldGen       total 334336K, used 334116K [0x00000000c0000000, 0x00000000d4680000, 0x00000000eab00000)
  object space 334336K, 99% used [0x00000000c0000000,0x00000000d46492a8,0x00000000d4680000)
 Metaspace       used 56443K, committed 57728K, reserved 1114112K
  class space    used 5811K, committed 6400K, reserved 1048576K
}
Event: 6.359 GC heap before
{Heap before GC invocations=196 (full 2):
 PSYoungGen      total 17408K, used 17280K [0x00000000eab00000, 0x00000000ebe00000, 0x0000000100000000)
  eden space 15360K, 100% used [0x00000000eab00000,0x00000000eba00000,0x00000000eba00000)
  from space 2048K, 93% used [0x00000000eba00000,0x00000000ebbe0000,0x00000000ebc00000)
  to   space 2048K, 0% used [0x00000000ebc00000,0x00000000ebc00000,0x00000000ebe00000)
 ParOldGen       total 334336K, used 334116K [0x00000000c0000000, 0x00000000d4680000, 0x00000000eab00000)
  object space 334336K, 99% used [0x00000000c0000000,0x00000000d46492a8,0x00000000d4680000)
 Metaspace       used 56740K, committed 58048K, reserved 1114112K
  class space    used 5836K, committed 6400K, reserved 1048576K
}
Event: 6.361 GC heap after
{Heap after GC invocations=196 (full 2):
 PSYoungGen      total 17408K, used 1560K [0x00000000eab00000, 0x00000000ebe00000, 0x0000000100000000)
  eden space 15360K, 0% used [0x00000000eab00000,0x00000000eab00000,0x00000000eba00000)
  from space 2048K, 76% used [0x00000000ebc00000,0x00000000ebd86008,0x00000000ebe00000)
  to   space 2048K, 0% used [0x00000000eba00000,0x00000000eba00000,0x00000000ebc00000)
 ParOldGen       total 336384K, used 335899K [0x00000000c0000000, 0x00000000d4880000, 0x00000000eab00000)
  object space 336384K, 99% used [0x00000000c0000000,0x00000000d4806c88,0x00000000d4880000)
 Metaspace       used 56740K, committed 58048K, reserved 1114112K
  class space    used 5836K, committed 6400K, reserved 1048576K
}
Event: 6.402 GC heap before
{Heap before GC invocations=197 (full 2):
 PSYoungGen      total 17408K, used 16920K [0x00000000eab00000, 0x00000000ebe00000, 0x0000000100000000)
  eden space 15360K, 100% used [0x00000000eab00000,0x00000000eba00000,0x00000000eba00000)
  from space 2048K, 76% used [0x00000000ebc00000,0x00000000ebd86008,0x00000000ebe00000)
  to   space 2048K, 0% used [0x00000000eba00000,0x00000000eba00000,0x00000000ebc00000)
 ParOldGen       total 336384K, used 335899K [0x00000000c0000000, 0x00000000d4880000, 0x00000000eab00000)
  object space 336384K, 99% used [0x00000000c0000000,0x00000000d4806c88,0x00000000d4880000)
 Metaspace       used 56820K, committed 58176K, reserved 1114112K
  class space    used 5845K, committed 6464K, reserved 1048576K
}
Event: 6.404 GC heap after
{Heap after GC invocations=197 (full 2):
 PSYoungGen      total 17408K, used 1830K [0x00000000eab00000, 0x00000000ebe00000, 0x0000000100000000)
  eden space 15360K, 0% used [0x00000000eab00000,0x00000000eab00000,0x00000000eba00000)
  from space 2048K, 89% used [0x00000000eba00000,0x00000000ebbc9818,0x00000000ebc00000)
  to   space 2048K, 0% used [0x00000000ebc00000,0x00000000ebc00000,0x00000000ebe00000)
 ParOldGen       total 337408K, used 337289K [0x00000000c0000000, 0x00000000d4980000, 0x00000000eab00000)
  object space 337408K, 99% used [0x00000000c0000000,0x00000000d49624f0,0x00000000d4980000)
 Metaspace       used 56820K, committed 58176K, reserved 1114112K
  class space    used 5845K, committed 6464K, reserved 1048576K
}
Event: 6.476 GC heap before
{Heap before GC invocations=198 (full 2):
 PSYoungGen      total 17408K, used 17190K [0x00000000eab00000, 0x00000000ebe00000, 0x0000000100000000)
  eden space 15360K, 100% used [0x00000000eab00000,0x00000000eba00000,0x00000000eba00000)
  from space 2048K, 89% used [0x00000000eba00000,0x00000000ebbc9818,0x00000000ebc00000)
  to   space 2048K, 0% used [0x00000000ebc00000,0x00000000ebc00000,0x00000000ebe00000)
 ParOldGen       total 337408K, used 337289K [0x00000000c0000000, 0x00000000d4980000, 0x00000000eab00000)
  object space 337408K, 99% used [0x00000000c0000000,0x00000000d49624f0,0x00000000d4980000)
 Metaspace       used 56960K, committed 58304K, reserved 1114112K
  class space    used 5852K, committed 6464K, reserved 1048576K
}
Event: 6.479 GC heap after
{Heap after GC invocations=198 (full 2):
 PSYoungGen      total 17408K, used 1696K [0x00000000eab00000, 0x00000000ebe00000, 0x0000000100000000)
  eden space 15360K, 0% used [0x00000000eab00000,0x00000000eab00000,0x00000000eba00000)
  from space 2048K, 82% used [0x00000000ebc00000,0x00000000ebda8040,0x00000000ebe00000)
  to   space 2048K, 0% used [0x00000000eba00000,0x00000000eba00000,0x00000000ebc00000)
 ParOldGen       total 338944K, used 338939K [0x00000000c0000000, 0x00000000d4b00000, 0x00000000eab00000)
  object space 338944K, 99% used [0x00000000c0000000,0x00000000d4afed28,0x00000000d4b00000)
 Metaspace       used 56960K, committed 58304K, reserved 1114112K
  class space    used 5852K, committed 6464K, reserved 1048576K
}
Event: 6.517 GC heap before
{Heap before GC invocations=199 (full 2):
 PSYoungGen      total 17408K, used 17056K [0x00000000eab00000, 0x00000000ebe00000, 0x0000000100000000)
  eden space 15360K, 100% used [0x00000000eab00000,0x00000000eba00000,0x00000000eba00000)
  from space 2048K, 82% used [0x00000000ebc00000,0x00000000ebda8040,0x00000000ebe00000)
  to   space 2048K, 0% used [0x00000000eba00000,0x00000000eba00000,0x00000000ebc00000)
 ParOldGen       total 338944K, used 338939K [0x00000000c0000000, 0x00000000d4b00000, 0x00000000eab00000)
  object space 338944K, 99% used [0x00000000c0000000,0x00000000d4afed28,0x00000000d4b00000)
 Metaspace       used 57013K, committed 58304K, reserved 1114112K
  class space    used 5853K, committed 6464K, reserved 1048576K
}
Event: 6.519 GC heap after
{Heap after GC invocations=199 (full 2):
 PSYoungGen      total 17408K, used 2022K [0x00000000eab00000, 0x00000000ebf00000, 0x0000000100000000)
  eden space 15360K, 0% used [0x00000000eab00000,0x00000000eab00000,0x00000000eba00000)
  from space 2048K, 98% used [0x00000000eba00000,0x00000000ebbf9818,0x00000000ebc00000)
  to   space 2560K, 0% used [0x00000000ebc80000,0x00000000ebc80000,0x00000000ebf00000)
 ParOldGen       total 340480K, used 340415K [0x00000000c0000000, 0x00000000d4c80000, 0x00000000eab00000)
  object space 340480K, 99% used [0x00000000c0000000,0x00000000d4c6fcc8,0x00000000d4c80000)
 Metaspace       used 57013K, committed 58304K, reserved 1114112K
  class space    used 5853K, committed 6464K, reserved 1048576K
}
Event: 6.557 GC heap before
{Heap before GC invocations=200 (full 2):
 PSYoungGen      total 17408K, used 17382K [0x00000000eab00000, 0x00000000ebf00000, 0x0000000100000000)
  eden space 15360K, 100% used [0x00000000eab00000,0x00000000eba00000,0x00000000eba00000)
  from space 2048K, 98% used [0x00000000eba00000,0x00000000ebbf9818,0x00000000ebc00000)
  to   space 2560K, 0% used [0x00000000ebc80000,0x00000000ebc80000,0x00000000ebf00000)
 ParOldGen       total 340480K, used 340415K [0x00000000c0000000, 0x00000000d4c80000, 0x00000000eab00000)
  object space 340480K, 99% used [0x00000000c0000000,0x00000000d4c6fcc8,0x00000000d4c80000)
 Metaspace       used 57053K, committed 58432K, reserved 1114112K
  class space    used 5856K, committed 6464K, reserved 1048576K
}
Event: 6.559 GC heap after
{Heap after GC invocations=200 (full 2):
 PSYoungGen      total 17408K, used 1980K [0x00000000eab00000, 0x00000000ebe80000, 0x0000000100000000)
  eden space 15360K, 0% used [0x00000000eab00000,0x00000000eab00000,0x00000000eba00000)
  from space 2048K, 96% used [0x00000000ebc80000,0x00000000ebe6f038,0x00000000ebe80000)
  to   space 2048K, 0% used [0x00000000eba00000,0x00000000eba00000,0x00000000ebc00000)
 ParOldGen       total 342528K, used 342175K [0x00000000c0000000, 0x00000000d4e80000, 0x00000000eab00000)
  object space 342528K, 99% used [0x00000000c0000000,0x00000000d4e27d68,0x00000000d4e80000)
 Metaspace       used 57053K, committed 58432K, reserved 1114112K
  class space    used 5856K, committed 6464K, reserved 1048576K
}
Event: 6.600 GC heap before
{Heap before GC invocations=201 (full 2):
 PSYoungGen      total 17408K, used 17340K [0x00000000eab00000, 0x00000000ebe80000, 0x0000000100000000)
  eden space 15360K, 100% used [0x00000000eab00000,0x00000000eba00000,0x00000000eba00000)
  from space 2048K, 96% used [0x00000000ebc80000,0x00000000ebe6f038,0x00000000ebe80000)
  to   space 2048K, 0% used [0x00000000eba00000,0x00000000eba00000,0x00000000ebc00000)
 ParOldGen       total 342528K, used 342175K [0x00000000c0000000, 0x00000000d4e80000, 0x00000000eab00000)
  object space 342528K, 99% used [0x00000000c0000000,0x00000000d4e27d68,0x00000000d4e80000)
 Metaspace       used 57097K, committed 58432K, reserved 1114112K
  class space    used 5856K, committed 6464K, reserved 1048576K
}
Event: 6.601 GC heap after
{Heap after GC invocations=201 (full 2):
 PSYoungGen      total 17408K, used 2032K [0x00000000eab00000, 0x00000000ec200000, 0x0000000100000000)
  eden space 15360K, 0% used [0x00000000eab00000,0x00000000eab00000,0x00000000eba00000)
  from space 2048K, 99% used [0x00000000eba00000,0x00000000ebbfc030,0x00000000ebc00000)
  to   space 4096K, 0% used [0x00000000ebe00000,0x00000000ebe00000,0x00000000ec200000)
 ParOldGen       total 344064K, used 343907K [0x00000000c0000000, 0x00000000d5000000, 0x00000000eab00000)
  object space 344064K, 99% used [0x00000000c0000000,0x00000000d4fd8d90,0x00000000d5000000)
 Metaspace       used 57097K, committed 58432K, reserved 1114112K
  class space    used 5856K, committed 6464K, reserved 1048576K
}
Event: 6.711 GC heap before
{Heap before GC invocations=202 (full 2):
 PSYoungGen      total 17408K, used 17392K [0x00000000eab00000, 0x00000000ec200000, 0x0000000100000000)
  eden space 15360K, 100% used [0x00000000eab00000,0x00000000eba00000,0x00000000eba00000)
  from space 2048K, 99% used [0x00000000eba00000,0x00000000ebbfc030,0x00000000ebc00000)
  to   space 4096K, 0% used [0x00000000ebe00000,0x00000000ebe00000,0x00000000ec200000)
 ParOldGen       total 344064K, used 343907K [0x00000000c0000000, 0x00000000d5000000, 0x00000000eab00000)
  object space 344064K, 99% used [0x00000000c0000000,0x00000000d4fd8d90,0x00000000d5000000)
 Metaspace       used 57394K, committed 58688K, reserved 1114112K
  class space    used 5883K, committed 6464K, reserved 1048576K
}
Event: 6.713 GC heap after
{Heap after GC invocations=202 (full 2):
 PSYoungGen      total 17408K, used 1920K [0x00000000eab00000, 0x00000000ec000000, 0x0000000100000000)
  eden space 15360K, 0% used [0x00000000eab00000,0x00000000eab00000,0x00000000eba00000)
  from space 2048K, 93% used [0x00000000ebe00000,0x00000000ebfe0010,0x00000000ec000000)
  to   space 3072K, 0% used [0x00000000eba00000,0x00000000eba00000,0x00000000ebd00000)
 ParOldGen       total 346112K, used 345818K [0x00000000c0000000, 0x00000000d5200000, 0x00000000eab00000)
  object space 346112K, 99% used [0x00000000c0000000,0x00000000d51b6920,0x00000000d5200000)
 Metaspace       used 57394K, committed 58688K, reserved 1114112K
  class space    used 5883K, committed 6464K, reserved 1048576K
}
Event: 6.761 GC heap before
{Heap before GC invocations=203 (full 2):
 PSYoungGen      total 17408K, used 17280K [0x00000000eab00000, 0x00000000ec000000, 0x0000000100000000)
  eden space 15360K, 100% used [0x00000000eab00000,0x00000000eba00000,0x00000000eba00000)
  from space 2048K, 93% used [0x00000000ebe00000,0x00000000ebfe0010,0x00000000ec000000)
  to   space 3072K, 0% used [0x00000000eba00000,0x00000000eba00000,0x00000000ebd00000)
 ParOldGen       total 346112K, used 345818K [0x00000000c0000000, 0x00000000d5200000, 0x00000000eab00000)
  object space 346112K, 99% used [0x00000000c0000000,0x00000000d51b6948,0x00000000d5200000)
 Metaspace       used 57523K, committed 58816K, reserved 1114112K
  class space    used 5893K, committed 6464K, reserved 1048576K
}
Event: 6.764 GC heap after
{Heap after GC invocations=203 (full 2):
 PSYoungGen      total 18432K, used 2604K [0x00000000eab00000, 0x00000000ec000000, 0x0000000100000000)
  eden space 15360K, 0% used [0x00000000eab00000,0x00000000eab00000,0x00000000eba00000)
  from space 3072K, 84% used [0x00000000eba00000,0x00000000ebc8b008,0x00000000ebd00000)
  to   space 3072K, 0% used [0x00000000ebd00000,0x00000000ebd00000,0x00000000ec000000)
 ParOldGen       total 347648K, used 347450K [0x00000000c0000000, 0x00000000d5380000, 0x00000000eab00000)
  object space 347648K, 99% used [0x00000000c0000000,0x00000000d534e948,0x00000000d5380000)
 Metaspace       used 57523K, committed 58816K, reserved 1114112K
  class space    used 5893K, committed 6464K, reserved 1048576K
}
Event: 6.822 GC heap before
{Heap before GC invocations=204 (full 2):
 PSYoungGen      total 18432K, used 17964K [0x00000000eab00000, 0x00000000ec000000, 0x0000000100000000)
  eden space 15360K, 100% used [0x00000000eab00000,0x00000000eba00000,0x00000000eba00000)
  from space 3072K, 84% used [0x00000000eba00000,0x00000000ebc8b008,0x00000000ebd00000)
  to   space 3072K, 0% used [0x00000000ebd00000,0x00000000ebd00000,0x00000000ec000000)
 ParOldGen       total 347648K, used 347454K [0x00000000c0000000, 0x00000000d5380000, 0x00000000eab00000)
  object space 347648K, 99% used [0x00000000c0000000,0x00000000d534f978,0x00000000d5380000)
 Metaspace       used 57608K, committed 58880K, reserved 1114112K
  class space    used 5893K, committed 6464K, reserved 1048576K
}
Event: 6.825 GC heap after
{Heap after GC invocations=204 (full 2):
 PSYoungGen      total 17408K, used 1856K [0x00000000eab00000, 0x00000000ebf00000, 0x0000000100000000)
  eden space 15360K, 0% used [0x00000000eab00000,0x00000000eab00000,0x00000000eba00000)
  from space 2048K, 90% used [0x00000000ebd00000,0x00000000ebed0000,0x00000000ebf00000)
  to   space 2560K, 0% used [0x00000000eba00000,0x00000000eba00000,0x00000000ebc80000)
 ParOldGen       total 350208K, used 349770K [0x00000000c0000000, 0x00000000d5600000, 0x00000000eab00000)
  object space 350208K, 99% used [0x00000000c0000000,0x00000000d5592980,0x00000000d5600000)
 Metaspace       used 57608K, committed 58880K, reserved 1114112K
  class space    used 5893K, committed 6464K, reserved 1048576K
}

